<?xml version="1.0" ?>
<!DOCTYPE coverage SYSTEM "http://cobertura.sourceforge.net/xml/coverage-04.dtd">
<coverage lines-valid="846"  lines-covered="838"  line-rate="0.9904999999999999"  branches-valid="600"  branches-covered="566"  branch-rate="0.9433"  timestamp="1788947519350" complexity="0" version="0.1">
<sources>
	<source>/home/runner/work/ensuro/ensuro</source>
</sources>
<packages>
	<package name="contracts"  line-rate="0.9902"  branch-rate="0.9416" >
	<classes>
		<class name="Cooler.sol"  filename="contracts/Cooler.sol"  line-rate="1"  branch-rate="0.9615" >
		<methods>
			<method name="constructor"  hits="4"  signature="()V" >
				<lines><line number="133"  hits="4" /></lines>
			</method>
			<method name="initialize"  hits="3"  signature="()V" >
				<lines><line number="141"  hits="3" /></lines>
			</method>
			<method name="__Cooler_init"  hits="3"  signature="()V" >
				<lines><line number="146"  hits="3" /></lines>
			</method>
			<method name="supportsInterface"  hits="7"  signature="()V" >
				<lines><line number="152"  hits="7" /></lines>
			</method>
			<method name="pendingWithdrawals"  hits="13"  signature="()V" >
				<lines><line number="162"  hits="13" /></lines>
			</method>
			<method name="cooldownPeriod"  hits="21"  signature="()V" >
				<lines><line number="167"  hits="21" /></lines>
			</method>
			<method name="setCooldownPeriod"  hits="12"  signature="()V" >
				<lines><line number="183"  hits="12" /></lines>
			</method>
			<method name="scheduleWithdrawalWithPermit"  hits="3"  signature="()V" >
				<lines><line number="205"  hits="3" /></lines>
			</method>
			<method name="scheduleWithdrawal"  hits="12"  signature="()V" >
				<lines><line number="231"  hits="12" /></lines>
			</method>
			<method name="_scheduleWithdrawal"  hits="15"  signature="()V" >
				<lines><line number="235"  hits="15" /></lines>
			</method>
			<method name="executeWithdrawal"  hits="14"  signature="()V" >
				<lines><line number="274"  hits="14" /></lines>
			</method>
			<method name="_computeCurrentValue"  hits="19"  signature="()V" >
				<lines><line number="300"  hits="19" /></lines>
			</method>
			<method name="getCurrentValue"  hits="11"  signature="()V" >
				<lines><line number="314"  hits="11" /></lines>
			</method>
			<method name="getWithdrawalRequestInfo"  hits="1"  signature="()V" >
				<lines><line number="326"  hits="1" /></lines>
			</method>
		</methods>
		<lines>
			<line number="142"  hits="3"  branch="false" />
			<line number="147"  hits="3"  branch="false" />
			<line number="148"  hits="3"  branch="false" />
			<line number="155"  hits="7"  branch="false" />
			<line number="163"  hits="13"  branch="false" />
			<line number="172"  hits="21"  branch="false" />
			<line number="184"  hits="12"  branch="false" />
			<line number="185"  hits="12"  branch="false" />
			<line number="215"  hits="3"  branch="false" />
			<line number="218"  hits="3"  branch="false" />
			<line number="232"  hits="12"  branch="false" />
			<line number="236"  hits="15"  branch="true"  condition-coverage="100% (2/2)" />
			<line number="237"  hits="14"  branch="true"  condition-coverage="100% (2/2)" />
			<line number="238"  hits="14"  branch="true"  condition-coverage="100% (2/2)" />
			<line number="240"  hits="13"  branch="false" />
			<line number="241"  hits="13"  branch="true"  condition-coverage="100% (2/2)" />
			<line number="242"  hits="11"  branch="false" />
			<line number="244"  hits="1"  branch="false" />
			<line number="247"  hits="12"  branch="false" />
			<line number="248"  hits="12"  branch="false" />
			<line number="249"  hits="12"  branch="false" />
			<line number="256"  hits="12"  branch="false" />
			<line number="257"  hits="12"  branch="false" />
			<line number="258"  hits="11"  branch="false" />
			<line number="259"  hits="11"  branch="false" />
			<line number="275"  hits="14"  branch="false" />
			<line number="276"  hits="14"  branch="true"  condition-coverage="100% (2/2)" />
			<line number="277"  hits="12"  branch="true"  condition-coverage="100% (2/2)" />
			<line number="279"  hits="11"  branch="false" />
			<line number="280"  hits="11"  branch="false" />
			<line number="281"  hits="11"  branch="false" />
			<line number="284"  hits="11"  branch="false" />
			<line number="285"  hits="11"  branch="false" />
			<line number="286"  hits="11"  branch="false" />
			<line number="288"  hits="11"  branch="false" />
			<line number="289"  hits="10"  branch="true"  condition-coverage="100% (2/2)" />
			<line number="293"  hits="1"  branch="false" />
			<line number="297"  hits="10"  branch="false" />
			<line number="301"  hits="19"  branch="false" />
			<line number="315"  hits="11"  branch="false" />
			<line number="316"  hits="11"  branch="true"  condition-coverage="100% (2/2)" />
			<line number="317"  hits="8"  branch="false" />
			<line number="327"  hits="1"  branch="false" />
		</lines>
		</class>
		<class name="ETKLib.sol"  filename="contracts/ETKLib.sol"  line-rate="1"  branch-rate="0.9375" >
		<methods>
			<method name="_mulDiv"  hits="26116"  signature="()V" >
				<lines><line number="45"  hits="26116" /></lines>
			</method>
			<method name="_mulDiv"  hits="4664"  signature="()V" >
				<lines><line number="56"  hits="4664" /></lines>
			</method>
			<method name="_mulDivCeil"  hits="3247"  signature="()V" >
				<lines><line number="67"  hits="3247" /></lines>
			</method>
			<method name="toCurrent"  hits="3957"  signature="()V" >
				<lines><line number="82"  hits="3957" /></lines>
			</method>
			<method name="toCurrentCeil"  hits="2006"  signature="()V" >
				<lines><line number="93"  hits="2006" /></lines>
			</method>
			<method name="toScaled"  hits="1149"  signature="()V" >
				<lines><line number="104"  hits="1149" /></lines>
			</method>
			<method name="toScaledCeil"  hits="882"  signature="()V" >
				<lines><line number="115"  hits="882" /></lines>
			</method>
			<method name="grow"  hits="2598"  signature="()V" >
				<lines><line number="126"  hits="2598" /></lines>
			</method>
			<method name="add"  hits="1293"  signature="()V" >
				<lines><line number="137"  hits="1293" /></lines>
			</method>
			<method name="add"  hits="4663"  signature="()V" >
				<lines><line number="148"  hits="4663" /></lines>
			</method>
			<method name="toUint256"  hits="16651"  signature="()V" >
				<lines><line number="157"  hits="16651" /></lines>
			</method>
			<method name="projectScale"  hits="2843"  signature="()V" >
				<lines><line number="166"  hits="2843" /></lines>
			</method>
			<method name="projectScale"  hits="5304"  signature="()V" >
				<lines><line number="178"  hits="5304" /></lines>
			</method>
			<method name="init"  hits="952"  signature="()V" >
				<lines><line number="184"  hits="952" /></lines>
			</method>
			<method name="_add"  hits="1149"  signature="()V" >
				<lines><line number="199"  hits="1149" /></lines>
			</method>
			<method name="_sub"  hits="716"  signature="()V" >
				<lines><line number="230"  hits="716" /></lines>
			</method>
			<method name="add"  hits="355"  signature="()V" >
				<lines><line number="251"  hits="355" /></lines>
			</method>
			<method name="sub"  hits="482"  signature="()V" >
				<lines><line number="262"  hits="482" /></lines>
			</method>
			<method name="add"  hits="794"  signature="()V" >
				<lines><line number="273"  hits="794" /></lines>
			</method>
			<method name="sub"  hits="234"  signature="()V" >
				<lines><line number="284"  hits="234" /></lines>
			</method>
			<method name="discreteChange"  hits="4671"  signature="()V" >
				<lines><line number="301"  hits="4671" /></lines>
			</method>
			<method name="minValue"  hits="359"  signature="()V" >
				<lines><line number="316"  hits="359" /></lines>
			</method>
			<method name="add"  hits="2058"  signature="()V" >
				<lines><line number="332"  hits="2058" /></lines>
			</method>
			<method name="sub"  hits="1694"  signature="()V" >
				<lines><line number="362"  hits="1694" /></lines>
			</method>
			<method name="earnings"  hits="9973"  signature="()V" >
				<lines><line number="386"  hits="9973" /></lines>
			</method>
			<method name="fundsAvailable"  hits="2108"  signature="()V" >
				<lines><line number="401"  hits="2108" /></lines>
			</method>
			<method name="scrAmount"  hits="984"  signature="()V" >
				<lines><line number="410"  hits="984" /></lines>
			</method>
		</methods>
		<lines>
			<line number="46"  hits="26116"  branch="false" />
			<line number="47"  hits="26116"  branch="false" />
			<line number="57"  hits="4664"  branch="false" />
			<line number="58"  hits="4664"  branch="false" />
			<line number="68"  hits="3247"  branch="false" />
			<line number="69"  hits="3247"  branch="false" />
			<line number="83"  hits="3957"  branch="false" />
			<line number="94"  hits="2006"  branch="false" />
			<line number="105"  hits="1149"  branch="false" />
			<line number="116"  hits="882"  branch="false" />
			<line number="127"  hits="2598"  branch="false" />
			<line number="138"  hits="1293"  branch="false" />
			<line number="149"  hits="4663"  branch="false" />
			<line number="150"  hits="4663"  branch="true"  condition-coverage="100% (2/2)" />
			<line number="151"  hits="4662"  branch="false" />
			<line number="158"  hits="16651"  branch="false" />
			<line number="167"  hits="2843"  branch="false" />
			<line number="168"  hits="2843"  branch="true"  condition-coverage="100% (2/2)" />
			<line number="169"  hits="2598"  branch="false" />
			<line number="171"  hits="245"  branch="false" />
			<line number="179"  hits="5304"  branch="false" />
			<line number="180"  hits="5284"  branch="true"  condition-coverage="100% (2/2)" />
			<line number="181"  hits="1293"  branch="false" />
			<line number="185"  hits="952"  branch="false" />
			<line number="186"  hits="952"  branch="false" />
			<line number="187"  hits="906"  branch="false" />
			<line number="204"  hits="1149"  branch="false" />
			<line number="205"  hits="1149"  branch="false" />
			<line number="235"  hits="716"  branch="false" />
			<line number="236"  hits="716"  branch="false" />
			<line number="237"  hits="716"  branch="false" />
			<line number="238"  hits="716"  branch="true"  condition-coverage="100% (2/2)" />
			<line number="240"  hits="21"  branch="false" />
			<line number="242"  hits="716"  branch="false" />
			<line number="256"  hits="355"  branch="false" />
			<line number="267"  hits="482"  branch="false" />
			<line number="278"  hits="794"  branch="false" />
			<line number="289"  hits="234"  branch="false" />
			<line number="307"  hits="4671"  branch="false" />
			<line number="308"  hits="4664"  branch="false" />
			<line number="309"  hits="4662"  branch="true"  condition-coverage="50% (1/2)" />
			<line number="310"  hits="4662"  branch="false" />
			<line number="317"  hits="359"  branch="false" />
			<line number="337"  hits="2058"  branch="true"  condition-coverage="100% (2/2)" />
			<line number="338"  hits="776"  branch="false" />
			<line number="340"  hits="1282"  branch="false" />
			<line number="341"  hits="1282"  branch="false" />
			<line number="343"  hits="1282"  branch="false" />
			<line number="349"  hits="1282"  branch="false" />
			<line number="367"  hits="1694"  branch="true"  condition-coverage="100% (2/2)" />
			<line number="368"  hits="585"  branch="false" />
			<line number="370"  hits="1109"  branch="false" />
			<line number="371"  hits="1109"  branch="false" />
			<line number="373"  hits="1108"  branch="false" />
			<line number="379"  hits="1108"  branch="false" />
			<line number="387"  hits="9973"  branch="false" />
			<line number="402"  hits="2108"  branch="false" />
			<line number="403"  hits="2108"  branch="true"  condition-coverage="100% (2/2)" />
			<line number="411"  hits="984"  branch="false" />
		</lines>
		</class>
		<class name="EToken.sol"  filename="contracts/EToken.sol"  line-rate="1"  branch-rate="0.9919" >
		<methods>
			<method name="onlyBorrower"  hits="4141"  signature="()V" >
				<lines><line number="185"  hits="4141" /></lines>
			</method>
			<method name="_getERC20StorageFromEToken"  hits="1194"  signature="()V" >
				<lines><line number="194"  hits="1194" /></lines>
			</method>
			<method name="constructor"  hits="239"  signature="()V" >
				<lines><line number="203"  hits="239" /></lines>
			</method>
			<method name="initialize"  hits="244"  signature="()V" >
				<lines><line number="217"  hits="244" /></lines>
			</method>
			<method name="__EToken_init_unchained"  hits="244"  signature="()V" >
				<lines><line number="228"  hits="244" /></lines>
			</method>
			<method name="supportsInterface"  hits="445"  signature="()V" >
				<lines><line number="248"  hits="445" /></lines>
			</method>
			<method name="decimals"  hits="11"  signature="()V" >
				<lines><line number="259"  hits="11" /></lines>
			</method>
			<method name="totalSupply"  hits="3546"  signature="()V" >
				<lines><line number="264"  hits="3546" /></lines>
			</method>
			<method name="balanceOf"  hits="465"  signature="()V" >
				<lines><line number="269"  hits="465" /></lines>
			</method>
			<method name="_update"  hits="1197"  signature="()V" >
				<lines><line number="274"  hits="1197" /></lines>
			</method>
			<method name="scaledBalanceOf"  hits="6"  signature="()V" >
				<lines><line number="323"  hits="6" /></lines>
			</method>
			<method name="getScaledUserBalanceAndSupply"  hits="1"  signature="()V" >
				<lines><line number="333"  hits="1" /></lines>
			</method>
			<method name="scaledTotalSupply"  hits="9"  signature="()V" >
				<lines><line number="341"  hits="9" /></lines>
			</method>
			<method name="getCurrentScale"  hits="104"  signature="()V" >
				<lines><line number="348"  hits="104" /></lines>
			</method>
			<method name="fundsAvailable"  hits="28"  signature="()V" >
				<lines><line number="356"  hits="28" /></lines>
			</method>
			<method name="fundsAvailableToLock"  hits="2080"  signature="()V" >
				<lines><line number="364"  hits="2080" /></lines>
			</method>
			<method name="yieldVault"  hits="304"  signature="()V" >
				<lines><line number="380"  hits="304" /></lines>
			</method>
			<method name="_setYieldVault"  hits="10"  signature="()V" >
				<lines><line number="384"  hits="10" /></lines>
			</method>
			<method name="_4toWad"  hits="5955"  signature="()V" >
				<lines><line number="389"  hits="5955" /></lines>
			</method>
			<method name="_wadTo4"  hits="552"  signature="()V" >
				<lines><line number="394"  hits="552" /></lines>
			</method>
			<method name="scr"  hits="40"  signature="()V" >
				<lines><line number="400"  hits="40" /></lines>
			</method>
			<method name="scrInterestRate"  hits="7"  signature="()V" >
				<lines><line number="405"  hits="7" /></lines>
			</method>
			<method name="tokenInterestRate"  hits="6"  signature="()V" >
				<lines><line number="410"  hits="6" /></lines>
			</method>
			<method name="liquidityRequirement"  hits="263"  signature="()V" >
				<lines><line number="418"  hits="263" /></lines>
			</method>
			<method name="maxUtilizationRate"  hits="2080"  signature="()V" >
				<lines><line number="427"  hits="2080" /></lines>
			</method>
			<method name="minUtilizationRate"  hits="766"  signature="()V" >
				<lines><line number="436"  hits="766" /></lines>
			</method>
			<method name="utilizationRate"  hits="772"  signature="()V" >
				<lines><line number="443"  hits="772" /></lines>
			</method>
			<method name="lockScr"  hits="2064"  signature="()V" >
				<lines><line number="448"  hits="2064" /></lines>
			</method>
			<method name="_unlockScr"  hits="1713"  signature="()V" >
				<lines><line number="455"  hits="1713" /></lines>
			</method>
			<method name="unlockScr"  hits="1703"  signature="()V" >
				<lines><line number="468"  hits="1703" /></lines>
			</method>
			<method name="unlockScrWithRefund"  hits="11"  signature="()V" >
				<lines><line number="479"  hits="11" /></lines>
			</method>
			<method name="_yieldEarnings"  hits="24"  signature="()V" >
				<lines><line number="487"  hits="24" /></lines>
			</method>
			<method name="_discreteChange"  hits="900"  signature="()V" >
				<lines><line number="492"  hits="900" /></lines>
			</method>
			<method name="deposit"  hits="801"  signature="()V" >
				<lines><line number="496"  hits="801" /></lines>
			</method>
			<method name="totalWithdrawable"  hits="262"  signature="()V" >
				<lines><line number="508"  hits="262" /></lines>
			</method>
			<method name="withdraw"  hits="257"  signature="()V" >
				<lines><line number="519"  hits="257" /></lines>
			</method>
			<method name="redistribute"  hits="1"  signature="()V" >
				<lines><line number="554"  hits="1" /></lines>
			</method>
			<method name="addBorrower"  hits="659"  signature="()V" >
				<lines><line number="560"  hits="659" /></lines>
			</method>
			<method name="removeBorrower"  hits="5"  signature="()V" >
				<lines><line number="568"  hits="5" /></lines>
			</method>
			<method name="maxNegativeAdjustment"  hits="359"  signature="()V" >
				<lines><line number="579"  hits="359" /></lines>
			</method>
			<method name="internalLoan"  hits="356"  signature="()V" >
				<lines><line number="583"  hits="356" /></lines>
			</method>
			<method name="repayLoan"  hits="536"  signature="()V" >
				<lines><line number="594"  hits="536" /></lines>
			</method>
			<method name="getLoan"  hits="2010"  signature="()V" >
				<lines><line number="612"  hits="2010" /></lines>
			</method>
			<method name="internalLoanInterestRate"  hits="2846"  signature="()V" >
				<lines><line number="621"  hits="2846" /></lines>
			</method>
			<method name="setParam"  hits="557"  signature="()V" >
				<lines><line number="625"  hits="557" /></lines>
			</method>
			<method name="setWhitelist"  hits="36"  signature="()V" >
				<lines><line number="657"  hits="36" /></lines>
			</method>
			<method name="whitelist"  hits="13"  signature="()V" >
				<lines><line number="666"  hits="13" /></lines>
			</method>
			<method name="setCooler"  hits="15"  signature="()V" >
				<lines><line number="670"  hits="15" /></lines>
			</method>
			<method name="cooler"  hits="18"  signature="()V" >
				<lines><line number="679"  hits="18" /></lines>
			</method>
		</methods>
		<lines>
			<line number="186"  hits="4141"  branch="true"  condition-coverage="100% (2/2)" />
			<line number="187"  hits="4135"  branch="false" />
			<line number="196"  hits="1194"  branch="false" />
			<line number="218"  hits="244"  branch="false" />
			<line number="219"  hits="244"  branch="false" />
			<line number="220"  hits="244"  branch="false" />
			<line number="221"  hits="244"  branch="false" />
			<line number="229"  hits="244"  branch="false" />
			<line number="235"  hits="244"  branch="false" />
			<line number="243"  hits="244"  branch="false" />
			<line number="244"  hits="244"  branch="false" />
			<line number="249"  hits="445"  branch="false" />
			<line number="260"  hits="11"  branch="false" />
			<line number="265"  hits="3546"  branch="false" />
			<line number="270"  hits="465"  branch="false" />
			<line number="275"  hits="1197"  branch="false" />
			<line number="276"  hits="1197"  branch="true"  condition-coverage="100% (2/2)" />
			<line number="278"  hits="794"  branch="false" />
			<line number="281"  hits="234"  branch="false" />
			<line number="284"  hits="169"  branch="true"  condition-coverage="100% (2/2)" />
			<line number="288"  hits="166"  branch="false" />
			<line number="291"  hits="1194"  branch="false" />
			<line number="292"  hits="1194"  branch="true"  condition-coverage="100% (2/2)" />
			<line number="293"  hits="400"  branch="false" />
			<line number="294"  hits="400"  branch="true"  condition-coverage="100% (2/2)" />
			<line number="295"  hits="1"  branch="false" />
			<line number="297"  hits="399"  branch="false" />
			<line number="299"  hits="399"  branch="false" />
			<line number="303"  hits="1193"  branch="true"  condition-coverage="100% (2/2)" />
			<line number="304"  hits="959"  branch="false" />
			<line number="306"  hits="959"  branch="false" />
			<line number="310"  hits="1169"  branch="false" />
			<line number="324"  hits="6"  branch="false" />
			<line number="334"  hits="1"  branch="false" />
			<line number="342"  hits="9"  branch="false" />
			<line number="349"  hits="104"  branch="true"  condition-coverage="100% (2/2)" />
			<line number="357"  hits="28"  branch="false" />
			<line number="365"  hits="2080"  branch="false" />
			<line number="366"  hits="2080"  branch="true"  condition-coverage="100% (2/2)" />
			<line number="367"  hits="10"  branch="false" />
			<line number="368"  hits="10"  branch="true"  condition-coverage="100% (2/2)" />
			<line number="369"  hits="1"  branch="false" />
			<line number="371"  hits="9"  branch="false" />
			<line number="374"  hits="2070"  branch="false" />
			<line number="376"  hits="2080"  branch="false" />
			<line number="381"  hits="304"  branch="false" />
			<line number="385"  hits="10"  branch="false" />
			<line number="391"  hits="5955"  branch="false" />
			<line number="396"  hits="552"  branch="false" />
			<line number="401"  hits="40"  branch="false" />
			<line number="406"  hits="7"  branch="false" />
			<line number="411"  hits="6"  branch="false" />
			<line number="412"  hits="6"  branch="true"  condition-coverage="100% (2/2)" />
			<line number="419"  hits="263"  branch="false" />
			<line number="428"  hits="2080"  branch="false" />
			<line number="437"  hits="766"  branch="false" />
			<line number="444"  hits="772"  branch="false" />
			<line number="445"  hits="711"  branch="true"  condition-coverage="100% (2/2)" />
			<line number="449"  hits="2064"  branch="true"  condition-coverage="100% (2/2)" />
			<line number="450"  hits="2059"  branch="false" />
			<line number="451"  hits="2058"  branch="false" />
			<line number="452"  hits="1988"  branch="false" />
			<line number="458"  hits="1712"  branch="false" />
			<line number="459"  hits="1694"  branch="false" />
			<line number="460"  hits="1603"  branch="false" />
			<line number="469"  hits="1703"  branch="false" />
			<line number="480"  hits="11"  branch="false" />
			<line number="481"  hits="11"  branch="true"  condition-coverage="100% (2/2)" />
			<line number="482"  hits="7"  branch="false" />
			<line number="483"  hits="7"  branch="false" />
			<line number="488"  hits="24"  branch="false" />
			<line number="489"  hits="22"  branch="false" />
			<line number="493"  hits="900"  branch="false" />
			<line number="497"  hits="801"  branch="true"  condition-coverage="100% (2/2)" />
			<line number="503"  hits="795"  branch="false" />
			<line number="504"  hits="765"  branch="true"  condition-coverage="100% (2/2)" />
			<line number="509"  hits="262"  branch="false" />
			<line number="510"  hits="262"  branch="false" />
			<line number="511"  hits="262"  branch="true"  condition-coverage="100% (2/2)" />
			<line number="526"  hits="257"  branch="true"  condition-coverage="100% (2/2)" />
			<line number="528"  hits="9"  branch="false" />
			<line number="530"  hits="257"  branch="false" />
			<line number="531"  hits="256"  branch="true"  condition-coverage="100% (2/2)" />
			<line number="532"  hits="256"  branch="true"  condition-coverage="100% (2/2)" />
			<line number="533"  hits="245"  branch="true"  condition-coverage="100% (2/2)" />
			<line number="537"  hits="244"  branch="true"  condition-coverage="100% (2/2)" />
			<line number="542"  hits="241"  branch="true"  condition-coverage="100% (2/2)" />
			<line number="546"  hits="237"  branch="true"  condition-coverage="100% (2/2)" />
			<line number="547"  hits="8"  branch="false" />
			<line number="549"  hits="233"  branch="false" />
			<line number="550"  hits="233"  branch="false" />
			<line number="551"  hits="201"  branch="false" />
			<line number="555"  hits="1"  branch="false" />
			<line number="556"  hits="1"  branch="false" />
			<line number="557"  hits="1"  branch="false" />
			<line number="561"  hits="659"  branch="true"  condition-coverage="100% (2/2)" />
			<line number="562"  hits="658"  branch="false" />
			<line number="563"  hits="658"  branch="true"  condition-coverage="100% (2/2)" />
			<line number="564"  hits="657"  branch="false" />
			<line number="565"  hits="583"  branch="false" />
			<line number="569"  hits="5"  branch="true"  condition-coverage="100% (2/2)" />
			<line number="570"  hits="4"  branch="false" />
			<line number="571"  hits="4"  branch="false" />
			<line number="572"  hits="4"  branch="false" />
			<line number="580"  hits="359"  branch="false" />
			<line number="584"  hits="356"  branch="false" />
			<line number="585"  hits="356"  branch="false" />
			<line number="586"  hits="356"  branch="true"  condition-coverage="100% (2/2)" />
			<line number="587"  hits="355"  branch="false" />
			<line number="588"  hits="355"  branch="false" />
			<line number="589"  hits="354"  branch="false" />
			<line number="590"  hits="339"  branch="false" />
			<line number="591"  hits="332"  branch="false" />
			<line number="596"  hits="536"  branch="false" />
			<line number="597"  hits="535"  branch="false" />
			<line number="598"  hits="535"  branch="true"  condition-coverage="100% (2/2)" />
			<line number="599"  hits="53"  branch="false" />
			<line number="600"  hits="53"  branch="true"  condition-coverage="100% (2/2)" />
			<line number="602"  hits="482"  branch="false" />
			<line number="604"  hits="531"  branch="true"  condition-coverage="100% (2/2)" />
			<line number="605"  hits="520"  branch="false" />
			<line number="606"  hits="519"  branch="false" />
			<line number="608"  hits="519"  branch="false" />
			<line number="613"  hits="2010"  branch="false" />
			<line number="614"  hits="2010"  branch="true"  condition-coverage="100% (2/2)" />
			<line number="615"  hits="2006"  branch="false" />
			<line number="622"  hits="2846"  branch="false" />
			<line number="626"  hits="557"  branch="true"  condition-coverage="100% (2/2)" />
			<line number="627"  hits="3"  branch="true"  condition-coverage="100% (2/2)" />
			<line number="628"  hits="1"  branch="false" />
			<line number="630"  hits="14"  branch="true"  condition-coverage="100% (2/2)" />
			<line number="631"  hits="13"  branch="false" />
			<line number="633"  hits="282"  branch="true"  condition-coverage="100% (2/2)" />
			<line number="634"  hits="281"  branch="false" />
			<line number="651"  hits="258"  branch="true"  condition-coverage="100% (2/2)" />
			<line number="652"  hits="257"  branch="false" />
			<line number="654"  hits="552"  branch="false" />
			<line number="658"  hits="36"  branch="true"  condition-coverage="100% (2/2)" />
			<line number="662"  hits="35"  branch="false" />
			<line number="663"  hits="35"  branch="false" />
			<line number="667"  hits="13"  branch="false" />
			<line number="671"  hits="15"  branch="true"  condition-coverage="100% (2/2)" />
			<line number="675"  hits="14"  branch="false" />
			<line number="676"  hits="14"  branch="false" />
			<line number="680"  hits="18"  branch="false" />
		</lines>
		</class>
		<class name="LPManualWhitelist.sol"  filename="contracts/LPManualWhitelist.sol"  line-rate="0.8571"  branch-rate="0.6667000000000001" >
		<methods>
			<method name="constructor"  hits="34"  signature="()V" >
				<lines><line number="47"  hits="34" /></lines>
			</method>
			<method name="initialize"  hits="22"  signature="()V" >
				<lines><line number="52"  hits="22" /></lines>
			</method>
			<method name="__LPManualWhitelist_init"  hits="22"  signature="()V" >
				<lines><line number="57"  hits="22" /></lines>
			</method>
			<method name="__LPManualWhitelist_init_unchained"  hits="22"  signature="()V" >
				<lines><line number="63"  hits="22" /></lines>
			</method>
			<method name="whitelistAddress"  hits="107"  signature="()V" >
				<lines><line number="79"  hits="107" /></lines>
			</method>
			<method name="_checkDefaultStatus"  hits="39"  signature="()V" >
				<lines><line number="96"  hits="39" /></lines>
			</method>
			<method name="setWhitelistDefaults"  hits="17"  signature="()V" >
				<lines><line number="118"  hits="17" /></lines>
			</method>
			<method name="getWhitelistDefaults"  hits="2"  signature="()V" >
				<lines><line number="126"  hits="2" /></lines>
			</method>
			<method name="_whitelistAddress"  hits="120"  signature="()V" >
				<lines><line number="138"  hits="120" /></lines>
			</method>
			<method name="supportsInterface"  hits="4"  signature="()V" >
				<lines><line number="146"  hits="4" /></lines>
			</method>
			<method name="acceptsDeposit"  hits="34"  signature="()V" >
				<lines><line number="151"  hits="34" /></lines>
			</method>
			<method name="acceptsWithdrawal"  hits="33"  signature="()V" >
				<lines><line number="160"  hits="33" /></lines>
			</method>
			<method name="acceptsTransfer"  hits="50"  signature="()V" >
				<lines><line number="169"  hits="50" /></lines>
			</method>
			<method name="acceptsOperation"  hits="8"  signature="()V" >
				<lines><line number="188"  hits="8" /></lines>
			</method>
		</methods>
		<lines>
			<line number="53"  hits="22"  branch="false" />
			<line number="58"  hits="22"  branch="false" />
			<line number="59"  hits="22"  branch="false" />
			<line number="64"  hits="22"  branch="false" />
			<line number="65"  hits="18"  branch="false" />
			<line number="66"  hits="18"  branch="false" />
			<line number="80"  hits="107"  branch="true"  condition-coverage="50% (1/2)" />
			<line number="81"  hits="107"  branch="false" />
			<line number="97"  hits="39"  branch="true"  condition-coverage="100% (2/2)" />
			<line number="119"  hits="17"  branch="false" />
			<line number="120"  hits="13"  branch="false" />
			<line number="127"  hits="2"  branch="false" />
			<line number="139"  hits="120"  branch="false" />
			<line number="140"  hits="120"  branch="false" />
			<line number="147"  hits="4"  branch="true"  condition-coverage="100% (2/2)" />
			<line number="152"  hits="34"  branch="false" />
			<line number="153"  hits="34"  branch="true"  condition-coverage="100% (2/2)" />
			<line number="154"  hits="4"  branch="false" />
			<line number="156"  hits="34"  branch="false" />
			<line number="161"  hits="33"  branch="false" />
			<line number="162"  hits="33"  branch="true"  condition-coverage="100% (2/2)" />
			<line number="163"  hits="14"  branch="false" />
			<line number="165"  hits="33"  branch="false" />
			<line number="175"  hits="50"  branch="false" />
			<line number="176"  hits="50"  branch="true"  condition-coverage="100% (2/2)" />
			<line number="177"  hits="31"  branch="false" />
			<line number="179"  hits="50"  branch="true"  condition-coverage="100% (2/2)" />
			<line number="180"  hits="48"  branch="false" />
			<line number="181"  hits="48"  branch="true"  condition-coverage="100% (2/2)" />
			<line number="182"  hits="33"  branch="false" />
			<line number="184"  hits="48"  branch="false" />
			<line number="193"  hits="8"  branch="false" />
			<line number="194"  hits="8"  branch="true"  condition-coverage="50% (1/2)" />
			<line number="195"  hits="0"  branch="false" />
			<line number="196"  hits="0"  branch="true"  condition-coverage="0% (0/2)" />
			<line number="198"  hits="0"  branch="false" />
			<line number="199"  hits="0"  branch="true"  condition-coverage="0% (0/2)" />
			<line number="201"  hits="8"  branch="false" />
			<line number="202"  hits="8"  branch="true"  condition-coverage="100% (2/2)" />
			<line number="205"  hits="0"  branch="false" />
			<line number="206"  hits="0"  branch="true"  condition-coverage="0% (0/2)" />
			<line number="208"  hits="8"  branch="false" />
		</lines>
		</class>
		<class name="Policy.sol"  filename="contracts/Policy.sol"  line-rate="1"  branch-rate="0.9" >
		<methods>
			<method name="getMinimumPremium"  hits="1819"  signature="()V" >
				<lines><line number="125"  hits="1819" /></lines>
			</method>
			<method name="initialize"  hits="1670"  signature="()V" >
				<lines><line number="175"  hits="1670" /></lines>
			</method>
			<method name="jrInterestRate"  hits="385"  signature="()V" >
				<lines><line number="217"  hits="385" /></lines>
			</method>
			<method name="jrAccruedInterest"  hits="252"  signature="()V" >
				<lines><line number="228"  hits="252" /></lines>
			</method>
			<method name="srInterestRate"  hits="3117"  signature="()V" >
				<lines><line number="240"  hits="3117" /></lines>
			</method>
			<method name="srAccruedInterest"  hits="1517"  signature="()V" >
				<lines><line number="251"  hits="1517" /></lines>
			</method>
			<method name="duration"  hits="5271"  signature="()V" >
				<lines><line number="256"  hits="5271" /></lines>
			</method>
			<method name="hash"  hits="3460"  signature="()V" >
				<lines><line number="261"  hits="3460" /></lines>
			</method>
			<method name="extractRiskModule"  hits="3452"  signature="()V" >
				<lines><line number="268"  hits="3452" /></lines>
			</method>
			<method name="extractInternalId"  hits="11"  signature="()V" >
				<lines><line number="273"  hits="11" /></lines>
			</method>
			<method name="makePolicyId"  hits="1667"  signature="()V" >
				<lines><line number="284"  hits="1667" /></lines>
			</method>
		</methods>
		<lines>
			<line number="132"  hits="1819"  branch="false" />
			<line number="133"  hits="1819"  branch="false" />
			<line number="134"  hits="1819"  branch="true"  condition-coverage="100% (2/2)" />
			<line number="135"  hits="263"  branch="false" />
			<line number="137"  hits="1556"  branch="false" />
			<line number="140"  hits="1819"  branch="false" />
			<line number="141"  hits="1819"  branch="true"  condition-coverage="100% (2/2)" />
			<line number="142"  hits="1688"  branch="false" />
			<line number="144"  hits="131"  branch="false" />
			<line number="148"  hits="1819"  branch="false" />
			<line number="149"  hits="1819"  branch="false" />
			<line number="150"  hits="1819"  branch="false" />
			<line number="152"  hits="1819"  branch="false" />
			<line number="156"  hits="1819"  branch="false" />
			<line number="185"  hits="1670"  branch="true"  condition-coverage="100% (2/2)" />
			<line number="186"  hits="1667"  branch="false" />
			<line number="188"  hits="1667"  branch="false" />
			<line number="189"  hits="1667"  branch="false" />
			<line number="190"  hits="1667"  branch="false" />
			<line number="191"  hits="1667"  branch="false" />
			<line number="192"  hits="1667"  branch="false" />
			<line number="194"  hits="1667"  branch="false" />
			<line number="196"  hits="1667"  branch="false" />
			<line number="197"  hits="1667"  branch="false" />
			<line number="198"  hits="1667"  branch="false" />
			<line number="199"  hits="1667"  branch="false" />
			<line number="200"  hits="1667"  branch="false" />
			<line number="201"  hits="1667"  branch="false" />
			<line number="203"  hits="1667"  branch="true"  condition-coverage="100% (2/2)" />
			<line number="205"  hits="1665"  branch="false" />
			<line number="206"  hits="1665"  branch="false" />
			<line number="218"  hits="385"  branch="false" />
			<line number="229"  hits="252"  branch="false" />
			<line number="241"  hits="3117"  branch="false" />
			<line number="252"  hits="1517"  branch="false" />
			<line number="257"  hits="5271"  branch="false" />
			<line number="262"  hits="3460"  branch="false" />
			<line number="263"  hits="3460"  branch="true"  condition-coverage="50% (1/2)" />
			<line number="264"  hits="3460"  branch="false" />
			<line number="269"  hits="3452"  branch="false" />
			<line number="274"  hits="11"  branch="false" />
			<line number="285"  hits="1667"  branch="false" />
		</lines>
		</class>
		<class name="PolicyPool.sol"  filename="contracts/PolicyPool.sol"  line-rate="0.9904999999999999"  branch-rate="0.963" >
		<methods>
			<method name="constructor"  hits="116"  signature="()V" >
				<lines><line number="354"  hits="116" /></lines>
			</method>
			<method name="initialize"  hits="119"  signature="()V" >
				<lines><line number="367"  hits="119" /></lines>
			</method>
			<method name="reinitializePassThruMethods"  hits="1"  signature="()V" >
				<lines><line number="375"  hits="1" /></lines>
			</method>
			<method name="supportsInterface"  hits="4"  signature="()V" >
				<lines><line number="380"  hits="4" /></lines>
			</method>
			<method name="__PolicyPool_init_unchained"  hits="117"  signature="()V" >
				<lines><line number="385"  hits="117" /></lines>
			</method>
			<method name="_authorizeUpgrade"  hits="3"  signature="()V" >
				<lines><line number="389"  hits="3" /></lines>
			</method>
			<method name="pause"  hits="10"  signature="()V" >
				<lines><line number="399"  hits="10" /></lines>
			</method>
			<method name="unpause"  hits="6"  signature="()V" >
				<lines><line number="407"  hits="6" /></lines>
			</method>
			<method name="currency"  hits="2885"  signature="()V" >
				<lines><line number="412"  hits="2885" /></lines>
			</method>
			<method name="_setTreasury"  hits="120"  signature="()V" >
				<lines><line number="416"  hits="120" /></lines>
			</method>
			<method name="setTreasury"  hits="3"  signature="()V" >
				<lines><line number="427"  hits="3" /></lines>
			</method>
			<method name="treasury"  hits="1"  signature="()V" >
				<lines><line number="432"  hits="1" /></lines>
			</method>
			<method name="addComponent"  hits="1104"  signature="()V" >
				<lines><line number="447"  hits="1104" /></lines>
			</method>
			<method name="removeComponent"  hits="10"  signature="()V" >
				<lines><line number="483"  hits="10" /></lines>
			</method>
			<method name="changeComponentStatus"  hits="28"  signature="()V" >
				<lines><line number="517"  hits="28" /></lines>
			</method>
			<method name="getComponentStatus"  hits="15"  signature="()V" >
				<lines><line number="531"  hits="15" /></lines>
			</method>
			<method name="_componentStatus"  hits="7016"  signature="()V" >
				<lines><line number="535"  hits="7016" /></lines>
			</method>
			<method name="_requireCompActive"  hits="3633"  signature="()V" >
				<lines><line number="541"  hits="3633" /></lines>
			</method>
			<method name="_requireCompActiveOrDeprecated"  hits="3383"  signature="()V" >
				<lines><line number="545"  hits="3383" /></lines>
			</method>
			<method name="_deposit"  hits="442"  signature="()V" >
				<lines><line number="551"  hits="442" /></lines>
			</method>
			<method name="deposit"  hits="439"  signature="()V" >
				<lines><line number="560"  hits="439" /></lines>
			</method>
			<method name="depositWithPermit"  hits="3"  signature="()V" >
				<lines><line number="573"  hits="3" /></lines>
			</method>
			<method name="withdraw"  hits="110"  signature="()V" >
				<lines><line number="587"  hits="110" /></lines>
			</method>
			<method name="_newPolicyEffects"  hits="1549"  signature="()V" >
				<lines><line number="594"  hits="1549" /></lines>
			</method>
			<method name="_validateRMAndPAActive"  hits="1599"  signature="()V" >
				<lines><line number="610"  hits="1599" /></lines>
			</method>
			<method name="_distributePremium"  hits="1566"  signature="()V" >
				<lines><line number="617"  hits="1566" /></lines>
			</method>
			<method name="newPolicy"  hits="1491"  signature="()V" >
				<lines><line number="643"  hits="1491" /></lines>
			</method>
			<method name="newPoliciesBatch"  hits="7"  signature="()V" >
				<lines><line number="671"  hits="7" /></lines>
			</method>
			<method name="replacePolicy"  hits="104"  signature="()V" >
				<lines><line number="709"  hits="104" /></lines>
			</method>
			<method name="cancelPolicy"  hits="22"  signature="()V" >
				<lines><line number="767"  hits="22" /></lines>
			</method>
			<method name="_validatePolicy"  hits="1751"  signature="()V" >
				<lines><line number="795"  hits="1751" /></lines>
			</method>
			<method name="expirePolicy"  hits="523"  signature="()V" >
				<lines><line number="800"  hits="523" /></lines>
			</method>
			<method name="resolvePolicy"  hits="1106"  signature="()V" >
				<lines><line number="806"  hits="1106" /></lines>
			</method>
			<method name="isActive"  hits="3"  signature="()V" >
				<lines><line number="811"  hits="3" /></lines>
			</method>
			<method name="getPolicyHash"  hits="6"  signature="()V" >
				<lines><line number="816"  hits="6" /></lines>
			</method>
			<method name="_resolvePolicy"  hits="1625"  signature="()V" >
				<lines><line number="830"  hits="1625" /></lines>
			</method>
			<method name="_changeExposure"  hits="3261"  signature="()V" >
				<lines><line number="864"  hits="3261" /></lines>
			</method>
			<method name="setExposureLimit"  hits="328"  signature="()V" >
				<lines><line number="884"  hits="328" /></lines>
			</method>
			<method name="getExposure"  hits="32"  signature="()V" >
				<lines><line number="901"  hits="32" /></lines>
			</method>
			<method name="_notifyPayout"  hits="175"  signature="()V" >
				<lines><line number="913"  hits="175" /></lines>
			</method>
			<method name="_notifyExpiration"  hits="1309"  signature="()V" >
				<lines><line number="925"  hits="1309" /></lines>
			</method>
			<method name="_notifyNewPolicy"  hits="1433"  signature="()V" >
				<lines><line number="942"  hits="1433" /></lines>
			</method>
			<method name="_notifyReplacement"  hits="64"  signature="()V" >
				<lines><line number="952"  hits="64" /></lines>
			</method>
			<method name="_notifyCancellation"  hits="13"  signature="()V" >
				<lines><line number="966"  hits="13" /></lines>
			</method>
			<method name="_baseURI"  hits="2"  signature="()V" >
				<lines><line number="992"  hits="2" /></lines>
			</method>
			<method name="setBaseURI"  hits="1"  signature="()V" >
				<lines><line number="1001"  hits="1" /></lines>
			</method>
			<method name="_update"  hits="1644"  signature="()V" >
				<lines><line number="1006"  hits="1644" /></lines>
			</method>
		</methods>
		<lines>
			<line number="355"  hits="116"  branch="true"  condition-coverage="100% (2/2)" />
			<line number="356"  hits="115"  branch="false" />
			<line number="357"  hits="115"  branch="false" />
			<line number="368"  hits="119"  branch="true"  condition-coverage="100% (2/2)" />
			<line number="369"  hits="118"  branch="true"  condition-coverage="100% (2/2)" />
			<line number="370"  hits="117"  branch="false" />
			<line number="371"  hits="117"  branch="false" />
			<line number="372"  hits="117"  branch="false" />
			<line number="376"  hits="1"  branch="false" />
			<line number="381"  hits="4"  branch="true"  condition-coverage="100% (2/2)" />
			<line number="386"  hits="117"  branch="false" />
			<line number="390"  hits="3"  branch="false" />
			<line number="391"  hits="3"  branch="true"  condition-coverage="100% (2/2)" />
			<line number="400"  hits="10"  branch="false" />
			<line number="408"  hits="6"  branch="false" />
			<line number="413"  hits="2885"  branch="false" />
			<line number="417"  hits="120"  branch="true"  condition-coverage="100% (2/2)" />
			<line number="418"  hits="119"  branch="false" />
			<line number="419"  hits="119"  branch="false" />
			<line number="428"  hits="3"  branch="false" />
			<line number="433"  hits="1"  branch="false" />
			<line number="448"  hits="1104"  branch="false" />
			<line number="449"  hits="1104"  branch="true"  condition-coverage="100% (2/2)" />
			<line number="450"  hits="1103"  branch="true"  condition-coverage="100% (2/2)" />
			<line number="452"  hits="1102"  branch="true"  condition-coverage="100% (2/2)" />
			<line number="459"  hits="1098"  branch="false" />
			<line number="460"  hits="1098"  branch="false" />
			<line number="461"  hits="1043"  branch="true"  condition-coverage="100% (2/2)" />
			<line number="462"  hits="317"  branch="false" />
			<line number="463"  hits="317"  branch="false" />
			<line number="464"  hits="317"  branch="true"  condition-coverage="100% (2/2)" />
			<line number="465"  hits="72"  branch="false" />
			<line number="467"  hits="317"  branch="false" />
			<line number="468"  hits="317"  branch="true"  condition-coverage="100% (2/2)" />
			<line number="469"  hits="305"  branch="false" />
			<line number="472"  hits="1015"  branch="false" />
			<line number="484"  hits="10"  branch="false" />
			<line number="485"  hits="10"  branch="true"  condition-coverage="100% (2/2)" />
			<line number="486"  hits="8"  branch="true"  condition-coverage="100% (2/2)" />
			<line number="487"  hits="2"  branch="true"  condition-coverage="100% (2/2)" />
			<line number="488"  hits="1"  branch="false" />
			<line number="490"  hits="2"  branch="true"  condition-coverage="100% (2/2)" />
			<line number="491"  hits="1"  branch="false" />
			<line number="494"  hits="4"  branch="false" />
			<line number="495"  hits="4"  branch="true"  condition-coverage="100% (2/2)" />
			<line number="496"  hits="3"  branch="false" />
			<line number="497"  hits="3"  branch="true"  condition-coverage="100% (2/2)" />
			<line number="498"  hits="1"  branch="false" />
			<line number="500"  hits="3"  branch="false" />
			<line number="501"  hits="3"  branch="true"  condition-coverage="100% (2/2)" />
			<line number="502"  hits="2"  branch="false" />
			<line number="505"  hits="5"  branch="false" />
			<line number="506"  hits="5"  branch="false" />
			<line number="518"  hits="28"  branch="false" />
			<line number="519"  hits="28"  branch="true"  condition-coverage="100% (2/2)" />
			<line number="520"  hits="24"  branch="true"  condition-coverage="100% (2/2)" />
			<line number="521"  hits="21"  branch="false" />
			<line number="522"  hits="21"  branch="false" />
			<line number="532"  hits="15"  branch="false" />
			<line number="536"  hits="7016"  branch="false" />
			<line number="537"  hits="7016"  branch="true"  condition-coverage="100% (2/2)" />
			<line number="538"  hits="7012"  branch="false" />
			<line number="542"  hits="3633"  branch="true"  condition-coverage="100% (2/2)" />
			<line number="546"  hits="3383"  branch="false" />
			<line number="547"  hits="3383"  branch="true"  condition-coverage="100% (2/2)" />
			<line number="548"  hits="5"  branch="false" />
			<line number="552"  hits="442"  branch="true"  condition-coverage="100% (2/2)" />
			<line number="553"  hits="440"  branch="false" />
			<line number="554"  hits="438"  branch="false" />
			<line number="555"  hits="437"  branch="false" />
			<line number="556"  hits="349"  branch="false" />
			<line number="561"  hits="439"  branch="false" />
			<line number="575"  hits="3"  branch="false" />
			<line number="578"  hits="3"  branch="false" />
			<line number="588"  hits="110"  branch="true"  condition-coverage="100% (2/2)" />
			<line number="589"  hits="109"  branch="false" />
			<line number="590"  hits="108"  branch="false" />
			<line number="591"  hits="89"  branch="false" />
			<line number="601"  hits="1549"  branch="true"  condition-coverage="100% (2/2)" />
			<line number="602"  hits="1547"  branch="false" />
			<line number="603"  hits="1547"  branch="false" />
			<line number="604"  hits="1547"  branch="false" />
			<line number="607"  hits="1546"  branch="false" />
			<line number="611"  hits="1599"  branch="false" />
			<line number="612"  hits="1599"  branch="false" />
			<line number="613"  hits="1594"  branch="false" />
			<line number="614"  hits="1594"  branch="false" />
			<line number="627"  hits="1566"  branch="true"  condition-coverage="100% (2/2)" />
			<line number="628"  hits="1562"  branch="false" />
			<line number="629"  hits="1562"  branch="true"  condition-coverage="100% (2/2)" />
			<line number="630"  hits="1561"  branch="true"  condition-coverage="100% (2/2)" />
			<line number="631"  hits="1560"  branch="true"  condition-coverage="100% (2/2)" />
			<line number="632"  hits="1559"  branch="true"  condition-coverage="100% (2/2)" />
			<line number="633"  hits="1419"  branch="false" />
			<line number="634"  hits="1419"  branch="true"  condition-coverage="50% (1/2)" />
			<line number="645"  hits="1491"  branch="false" />
			<line number="646"  hits="1484"  branch="true"  condition-coverage="50% (1/2)" />
			<line number="647"  hits="1484"  branch="true"  condition-coverage="100% (2/2)" />
			<line number="649"  hits="1483"  branch="false" />
			<line number="651"  hits="1481"  branch="false" />
			<line number="661"  hits="1453"  branch="false" />
			<line number="663"  hits="1363"  branch="false" />
			<line number="673"  hits="7"  branch="false" />
			<line number="675"  hits="7"  branch="false" />
			<line number="676"  hits="7"  branch="false" />
			<line number="677"  hits="7"  branch="false" />
			<line number="678"  hits="7"  branch="false" />
			<line number="679"  hits="7"  branch="false" />
			<line number="680"  hits="7"  branch="false" />
			<line number="682"  hits="7"  branch="false" />
			<line number="683"  hits="68"  branch="true"  condition-coverage="100% (2/2)" />
			<line number="684"  hits="67"  branch="true"  condition-coverage="100% (2/2)" />
			<line number="685"  hits="66"  branch="false" />
			<line number="686"  hits="65"  branch="false" />
			<line number="687"  hits="65"  branch="false" />
			<line number="688"  hits="65"  branch="false" />
			<line number="689"  hits="65"  branch="false" />
			<line number="690"  hits="65"  branch="false" />
			<line number="691"  hits="65"  branch="false" />
			<line number="694"  hits="4"  branch="false" />
			<line number="696"  hits="4"  branch="true"  condition-coverage="50% (1/2)" />
			<line number="697"  hits="0"  branch="false" />
			<line number="698"  hits="0"  branch="false" />
			<line number="711"  hits="104"  branch="false" />
			<line number="712"  hits="101"  branch="false" />
			<line number="713"  hits="99"  branch="true"  condition-coverage="100% (2/2)" />
			<line number="717"  hits="98"  branch="true"  condition-coverage="100% (2/2)" />
			<line number="721"  hits="96"  branch="true"  condition-coverage="100% (2/2)" />
			<line number="733"  hits="86"  branch="true"  condition-coverage="100% (2/2)" />
			<line number="734"  hits="85"  branch="false" />
			<line number="735"  hits="85"  branch="false" />
			<line number="736"  hits="85"  branch="true"  condition-coverage="100% (2/2)" />
			<line number="738"  hits="83"  branch="false" />
			<line number="739"  hits="83"  branch="false" />
			<line number="742"  hits="83"  branch="false" />
			<line number="744"  hits="81"  branch="false" />
			<line number="755"  hits="76"  branch="false" />
			<line number="756"  hits="71"  branch="false" />
			<line number="757"  hits="71"  branch="false" />
			<line number="758"  hits="65"  branch="false" />
			<line number="769"  hits="22"  branch="false" />
			<line number="770"  hits="21"  branch="false" />
			<line number="771"  hits="21"  branch="true"  condition-coverage="100% (2/2)" />
			<line number="772"  hits="20"  branch="false" />
			<line number="773"  hits="19"  branch="false" />
			<line number="774"  hits="19"  branch="false" />
			<line number="775"  hits="18"  branch="true"  condition-coverage="100% (2/2)" />
			<line number="776"  hits="17"  branch="true"  condition-coverage="100% (2/2)" />
			<line number="784"  hits="14"  branch="false" />
			<line number="785"  hits="14"  branch="false" />
			<line number="786"  hits="14"  branch="false" />
			<line number="789"  hits="14"  branch="false" />
			<line number="791"  hits="13"  branch="false" />
			<line number="792"  hits="13"  branch="false" />
			<line number="796"  hits="1751"  branch="true"  condition-coverage="100% (2/2)" />
			<line number="801"  hits="523"  branch="true"  condition-coverage="100% (2/2)" />
			<line number="802"  hits="519"  branch="false" />
			<line number="807"  hits="1106"  branch="false" />
			<line number="812"  hits="3"  branch="false" />
			<line number="817"  hits="6"  branch="false" />
			<line number="832"  hits="1625"  branch="false" />
			<line number="833"  hits="1621"  branch="false" />
			<line number="834"  hits="1621"  branch="true"  condition-coverage="100% (2/2)" />
			<line number="835"  hits="1620"  branch="true"  condition-coverage="100% (4/4)" />
			<line number="836"  hits="1619"  branch="false" />
			<line number="838"  hits="1617"  branch="true"  condition-coverage="100% (2/2)" />
			<line number="840"  hits="1616"  branch="false" />
			<line number="842"  hits="1616"  branch="false" />
			<line number="843"  hits="1616"  branch="false" />
			<line number="845"  hits="1615"  branch="false" />
			<line number="846"  hits="1615"  branch="false" />
			<line number="849"  hits="1615"  branch="false" />
			<line number="850"  hits="1615"  branch="true"  condition-coverage="100% (2/2)" />
			<line number="851"  hits="228"  branch="false" />
			<line number="853"  hits="1387"  branch="false" />
			<line number="856"  hits="1484"  branch="false" />
			<line number="857"  hits="1484"  branch="true"  condition-coverage="100% (2/2)" />
			<line number="858"  hits="175"  branch="false" />
			<line number="860"  hits="1309"  branch="false" />
			<line number="865"  hits="3261"  branch="false" />
			<line number="866"  hits="3261"  branch="true"  condition-coverage="100% (2/2)" />
			<line number="867"  hits="1581"  branch="false" />
			<line number="868"  hits="1581"  branch="true"  condition-coverage="100% (2/2)" />
			<line number="870"  hits="1680"  branch="false" />
			<line number="885"  hits="328"  branch="false" />
			<line number="886"  hits="328"  branch="false" />
			<line number="887"  hits="328"  branch="true"  condition-coverage="100% (2/2)" />
			<line number="888"  hits="327"  branch="false" />
			<line number="889"  hits="327"  branch="false" />
			<line number="902"  hits="32"  branch="false" />
			<line number="903"  hits="32"  branch="false" />
			<line number="904"  hits="32"  branch="false" />
			<line number="914"  hits="175"  branch="true"  condition-coverage="100% (2/2)" />
			<line number="916"  hits="4"  branch="false" />
			<line number="917"  hits="2"  branch="true"  condition-coverage="100% (2/2)" />
			<line number="926"  hits="1308"  branch="true"  condition-coverage="100% (2/2)" />
			<line number="928"  hits="6"  branch="false" />
			<line number="931"  hits="3"  branch="false" />
			<line number="933"  hits="3"  branch="false" />
			<line number="934"  hits="3"  branch="false" />
			<line number="943"  hits="1433"  branch="false" />
			<line number="953"  hits="64"  branch="true"  condition-coverage="100% (2/2)" />
			<line number="955"  hits="5"  branch="false" />
			<line number="957"  hits="3"  branch="true"  condition-coverage="100% (2/2)" />
			<line number="973"  hits="13"  branch="true"  condition-coverage="100% (2/2)" />
			<line number="975"  hits="5"  branch="false" />
			<line number="984"  hits="3"  branch="true"  condition-coverage="100% (2/2)" />
			<line number="993"  hits="2"  branch="false" />
			<line number="1002"  hits="1"  branch="false" />
			<line number="1003"  hits="1"  branch="false" />
			<line number="1007"  hits="1644"  branch="false" />
		</lines>
		</class>
		<class name="PolicyPoolComponent.sol"  filename="contracts/PolicyPoolComponent.sol"  line-rate="1"  branch-rate="0.9" >
		<methods>
			<method name="onlyPolicyPool"  hits="5467"  signature="()V" >
				<lines><line number="29"  hits="5467" /></lines>
			</method>
			<method name="constructor"  hits="581"  signature="()V" >
				<lines><line number="35"  hits="581" /></lines>
			</method>
			<method name="__PolicyPoolComponent_init"  hits="551"  signature="()V" >
				<lines><line number="42"  hits="551" /></lines>
			</method>
			<method name="_authorizeUpgrade"  hits="19"  signature="()V" >
				<lines><line number="44"  hits="19" /></lines>
			</method>
			<method name="_upgradeValidations"  hits="19"  signature="()V" >
				<lines><line number="48"  hits="19" /></lines>
			</method>
			<method name="supportsInterface"  hits="1122"  signature="()V" >
				<lines><line number="55"  hits="1122" /></lines>
			</method>
			<method name="policyPool"  hits="1259"  signature="()V" >
				<lines><line number="59"  hits="1259" /></lines>
			</method>
			<method name="currency"  hits="4186"  signature="()V" >
				<lines><line number="63"  hits="4186" /></lines>
			</method>
		</methods>
		<lines>
			<line number="30"  hits="5467"  branch="true"  condition-coverage="100% (2/2)" />
			<line number="31"  hits="5456"  branch="false" />
			<line number="36"  hits="581"  branch="true"  condition-coverage="100% (2/2)" />
			<line number="37"  hits="577"  branch="false" />
			<line number="38"  hits="577"  branch="false" />
			<line number="45"  hits="19"  branch="false" />
			<line number="49"  hits="19"  branch="true"  condition-coverage="100% (2/2)" />
			<line number="56"  hits="1122"  branch="true"  condition-coverage="100% (2/2)" />
			<line number="60"  hits="1259"  branch="false" />
			<line number="64"  hits="4186"  branch="false" />
		</lines>
		</class>
		<class name="PremiumsAccount.sol"  filename="contracts/PremiumsAccount.sol"  line-rate="1"  branch-rate="0.9545" >
		<methods>
			<method name="constructor"  hits="173"  signature="()V" >
				<lines><line number="166"  hits="173" /></lines>
			</method>
			<method name="initialize"  hits="162"  signature="()V" >
				<lines><line number="174"  hits="162" /></lines>
			</method>
			<method name="__PremiumsAccount_init"  hits="162"  signature="()V" >
				<lines><line number="182"  hits="162" /></lines>
			</method>
			<method name="__PremiumsAccount_init_unchained"  hits="162"  signature="()V" >
				<lines><line number="188"  hits="162" /></lines>
			</method>
			<method name="_upgradeValidations"  hits="10"  signature="()V" >
				<lines><line number="200"  hits="10" /></lines>
			</method>
			<method name="supportsInterface"  hits="323"  signature="()V" >
				<lines><line number="211"  hits="323" /></lines>
			</method>
			<method name="yieldVault"  hits="865"  signature="()V" >
				<lines><line number="216"  hits="865" /></lines>
			</method>
			<method name="_setYieldVault"  hits="3"  signature="()V" >
				<lines><line number="221"  hits="3" /></lines>
			</method>
			<method name="_yieldEarnings"  hits="6"  signature="()V" >
				<lines><line number="233"  hits="6" /></lines>
			</method>
			<method name="purePremiums"  hits="26"  signature="()V" >
				<lines><line number="243"  hits="26" /></lines>
			</method>
			<method name="activePurePremiums"  hits="40"  signature="()V" >
				<lines><line number="251"  hits="40" /></lines>
			</method>
			<method name="wonPurePremiums"  hits="37"  signature="()V" >
				<lines><line number="259"  hits="37" /></lines>
			</method>
			<method name="borrowedActivePP"  hits="21"  signature="()V" >
				<lines><line number="267"  hits="21" /></lines>
			</method>
			<method name="surplus"  hits="4"  signature="()V" >
				<lines><line number="276"  hits="4" /></lines>
			</method>
			<method name="fundsAvailable"  hits="932"  signature="()V" >
				<lines><line number="283"  hits="932" /></lines>
			</method>
			<method name="seniorEtk"  hits="323"  signature="()V" >
				<lines><line number="288"  hits="323" /></lines>
			</method>
			<method name="juniorEtk"  hits="321"  signature="()V" >
				<lines><line number="292"  hits="321" /></lines>
			</method>
			<method name="etks"  hits="1571"  signature="()V" >
				<lines><line number="296"  hits="1571" /></lines>
			</method>
			<method name="_maxDeficit"  hits="1404"  signature="()V" >
				<lines><line number="311"  hits="1404" /></lines>
			</method>
			<method name="_toAmount"  hits="318"  signature="()V" >
				<lines><line number="315"  hits="318" /></lines>
			</method>
			<method name="_toZeroDecimals"  hits="126"  signature="()V" >
				<lines><line number="320"  hits="126" /></lines>
			</method>
			<method name="deficitRatio"  hits="1319"  signature="()V" >
				<lines><line number="328"  hits="1319" /></lines>
			</method>
			<method name="jrLoanLimit"  hits="215"  signature="()V" >
				<lines><line number="335"  hits="215" /></lines>
			</method>
			<method name="srLoanLimit"  hits="300"  signature="()V" >
				<lines><line number="342"  hits="300" /></lines>
			</method>
			<method name="setDeficitRatio"  hits="91"  signature="()V" >
				<lines><line number="363"  hits="91" /></lines>
			</method>
			<method name="setLoanLimits"  hits="88"  signature="()V" >
				<lines><line number="399"  hits="88" /></lines>
			</method>
			<method name="_borrowFromEtk"  hits="283"  signature="()V" >
				<lines><line number="421"  hits="283" /></lines>
			</method>
			<method name="_payFromPremiums"  hits="383"  signature="()V" >
				<lines><line number="449"  hits="383" /></lines>
			</method>
			<method name="_storePurePremiumWon"  hits="1559"  signature="()V" >
				<lines><line number="466"  hits="1559" /></lines>
			</method>
			<method name="receiveGrant"  hits="118"  signature="()V" >
				<lines><line number="480"  hits="118" /></lines>
			</method>
			<method name="withdrawWonPremiums"  hits="55"  signature="()V" >
				<lines><line number="504"  hits="55" /></lines>
			</method>
			<method name="policyCreated"  hits="1833"  signature="()V" >
				<lines><line number="520"  hits="1833" /></lines>
			</method>
			<method name="policyReplaced"  hits="83"  signature="()V" >
				<lines><line number="530"  hits="83" /></lines>
			</method>
			<method name="policyCancelled"  hits="14"  signature="()V" >
				<lines><line number="573"  hits="14" /></lines>
			</method>
			<method name="policyResolvedWithPayout"  hits="367"  signature="()V" >
				<lines><line number="590"  hits="367" /></lines>
			</method>
			<method name="_unlockScr"  hits="1803"  signature="()V" >
				<lines><line number="607"  hits="1803" /></lines>
			</method>
			<method name="_unlockScrWithRefund"  hits="14"  signature="()V" >
				<lines><line number="632"  hits="14" /></lines>
			</method>
			<method name="repayLoans"  hits="799"  signature="()V" >
				<lines><line number="665"  hits="799" /></lines>
			</method>
			<method name="_repayLoan"  hits="813"  signature="()V" >
				<lines><line number="680"  hits="813" /></lines>
			</method>
			<method name="policyExpired"  hits="1437"  signature="()V" >
				<lines><line number="699"  hits="1437" /></lines>
			</method>
		</methods>
		<lines>
			<line number="167"  hits="173"  branch="false" />
			<line number="168"  hits="173"  branch="false" />
			<line number="175"  hits="162"  branch="false" />
			<line number="183"  hits="162"  branch="false" />
			<line number="184"  hits="162"  branch="false" />
			<line number="192"  hits="162"  branch="false" />
			<line number="201"  hits="10"  branch="false" />
			<line number="202"  hits="9"  branch="false" />
			<line number="203"  hits="9"  branch="false" />
			<line number="204"  hits="9"  branch="true"  condition-coverage="100% (4/4)" />
			<line number="205"  hits="8"  branch="true"  condition-coverage="100% (4/4)" />
			<line number="212"  hits="323"  branch="true"  condition-coverage="100% (2/2)" />
			<line number="217"  hits="865"  branch="false" />
			<line number="222"  hits="3"  branch="false" />
			<line number="234"  hits="6"  branch="true"  condition-coverage="100% (2/2)" />
			<line number="235"  hits="4"  branch="false" />
			<line number="237"  hits="2"  branch="false" />
			<line number="238"  hits="2"  branch="true"  condition-coverage="50% (1/2)" />
			<line number="240"  hits="6"  branch="false" />
			<line number="244"  hits="26"  branch="false" />
			<line number="252"  hits="40"  branch="false" />
			<line number="260"  hits="37"  branch="true"  condition-coverage="100% (2/2)" />
			<line number="268"  hits="21"  branch="true"  condition-coverage="100% (2/2)" />
			<line number="277"  hits="4"  branch="false" />
			<line number="285"  hits="932"  branch="false" />
			<line number="289"  hits="323"  branch="false" />
			<line number="293"  hits="321"  branch="false" />
			<line number="297"  hits="1571"  branch="false" />
			<line number="312"  hits="1404"  branch="false" />
			<line number="317"  hits="318"  branch="false" />
			<line number="322"  hits="126"  branch="false" />
			<line number="329"  hits="1319"  branch="false" />
			<line number="336"  hits="215"  branch="true"  condition-coverage="100% (2/2)" />
			<line number="343"  hits="300"  branch="true"  condition-coverage="100% (2/2)" />
			<line number="364"  hits="91"  branch="false" />
			<line number="365"  hits="91"  branch="true"  condition-coverage="100% (2/2)" />
			<line number="370"  hits="89"  branch="false" />
			<line number="371"  hits="89"  branch="true"  condition-coverage="100% (2/2)" />
			<line number="373"  hits="88"  branch="false" />
			<line number="374"  hits="88"  branch="true"  condition-coverage="100% (2/2)" />
			<line number="376"  hits="13"  branch="false" />
			<line number="377"  hits="13"  branch="false" />
			<line number="378"  hits="13"  branch="false" />
			<line number="380"  hits="88"  branch="false" />
			<line number="381"  hits="86"  branch="false" />
			<line number="400"  hits="88"  branch="true"  condition-coverage="100% (2/2)" />
			<line number="401"  hits="63"  branch="false" />
			<line number="402"  hits="63"  branch="false" />
			<line number="403"  hits="63"  branch="true"  condition-coverage="100% (2/2)" />
			<line number="405"  hits="85"  branch="true"  condition-coverage="100% (2/2)" />
			<line number="406"  hits="63"  branch="false" />
			<line number="407"  hits="63"  branch="false" />
			<line number="408"  hits="63"  branch="true"  condition-coverage="100% (2/2)" />
			<line number="422"  hits="283"  branch="false" />
			<line number="423"  hits="283"  branch="true"  condition-coverage="100% (2/2)" />
			<line number="424"  hits="98"  branch="false" />
			<line number="425"  hits="98"  branch="true"  condition-coverage="100% (2/2)" />
			<line number="426"  hits="67"  branch="false" />
			<line number="429"  hits="16"  branch="false" />
			<line number="430"  hits="16"  branch="false" />
			<line number="433"  hits="282"  branch="true"  condition-coverage="100% (2/2)" />
			<line number="435"  hits="230"  branch="true"  condition-coverage="100% (2/2)" />
			<line number="436"  hits="228"  branch="false" />
			<line number="438"  hits="211"  branch="true"  condition-coverage="100% (2/2)" />
			<line number="450"  hits="383"  branch="false" />
			<line number="451"  hits="383"  branch="false" />
			<line number="452"  hits="383"  branch="true"  condition-coverage="100% (2/2)" />
			<line number="453"  hits="113"  branch="false" />
			<line number="454"  hits="113"  branch="false" />
			<line number="456"  hits="270"  branch="false" />
			<line number="457"  hits="270"  branch="false" />
			<line number="467"  hits="1559"  branch="false" />
			<line number="481"  hits="118"  branch="false" />
			<line number="482"  hits="118"  branch="false" />
			<line number="483"  hits="113"  branch="false" />
			<line number="505"  hits="55"  branch="true"  condition-coverage="100% (2/2)" />
			<line number="506"  hits="54"  branch="true"  condition-coverage="100% (2/2)" />
			<line number="507"  hits="54"  branch="true"  condition-coverage="100% (2/2)" />
			<line number="508"  hits="25"  branch="true"  condition-coverage="50% (1/2)" />
			<line number="509"  hits="25"  branch="false" />
			<line number="511"  hits="29"  branch="true"  condition-coverage="100% (2/2)" />
			<line number="513"  hits="51"  branch="false" />
			<line number="514"  hits="51"  branch="false" />
			<line number="515"  hits="47"  branch="false" />
			<line number="516"  hits="41"  branch="false" />
			<line number="521"  hits="1833"  branch="false" />
			<line number="522"  hits="1827"  branch="true"  condition-coverage="100% (2/2)" />
			<line number="523"  hits="1825"  branch="true"  condition-coverage="100% (2/2)" />
			<line number="539"  hits="83"  branch="false" />
			<line number="548"  hits="83"  branch="true"  condition-coverage="100% (2/2)" />
			<line number="549"  hits="62"  branch="false" />
			<line number="555"  hits="83"  branch="true"  condition-coverage="100% (2/2)" />
			<line number="556"  hits="83"  branch="true"  condition-coverage="100% (2/2)" />
			<line number="557"  hits="65"  branch="false" />
			<line number="563"  hits="83"  branch="true"  condition-coverage="100% (2/2)" />
			<line number="574"  hits="14"  branch="false" />
			<line number="575"  hits="14"  branch="false" />
			<line number="576"  hits="14"  branch="true"  condition-coverage="100% (2/2)" />
			<line number="577"  hits="3"  branch="false" />
			<line number="578"  hits="3"  branch="false" />
			<line number="580"  hits="11"  branch="false" />
			<line number="582"  hits="13"  branch="false" />
			<line number="591"  hits="367"  branch="false" />
			<line number="592"  hits="367"  branch="false" />
			<line number="593"  hits="367"  branch="true"  condition-coverage="100% (2/2)" />
			<line number="594"  hits="267"  branch="false" />
			<line number="595"  hits="267"  branch="false" />
			<line number="597"  hits="100"  branch="false" />
			<line number="599"  hits="346"  branch="false" />
			<line number="608"  hits="1803"  branch="true"  condition-coverage="100% (2/2)" />
			<line number="609"  hits="107"  branch="false" />
			<line number="616"  hits="1803"  branch="true"  condition-coverage="100% (2/2)" />
			<line number="617"  hits="1359"  branch="false" />
			<line number="638"  hits="14"  branch="true"  condition-coverage="100% (2/2)" />
			<line number="639"  hits="4"  branch="false" />
			<line number="648"  hits="14"  branch="true"  condition-coverage="100% (2/2)" />
			<line number="649"  hits="6"  branch="false" />
			<line number="666"  hits="799"  branch="true"  condition-coverage="50% (1/2)" />
			<line number="667"  hits="799"  branch="false" />
			<line number="668"  hits="799"  branch="true"  condition-coverage="100% (2/2)" />
			<line number="669"  hits="659"  branch="true"  condition-coverage="100% (2/2)" />
			<line number="670"  hits="625"  branch="false" />
			<line number="681"  hits="813"  branch="false" />
			<line number="682"  hits="813"  branch="true"  condition-coverage="100% (2/2)" />
			<line number="683"  hits="464"  branch="false" />
			<line number="684"  hits="464"  branch="false" />
			<line number="687"  hits="464"  branch="false" />
			<line number="689"  hits="464"  branch="true"  condition-coverage="100% (2/2)" />
			<line number="692"  hits="140"  branch="false" />
			<line number="694"  hits="464"  branch="false" />
			<line number="695"  hits="318"  branch="false" />
			<line number="700"  hits="1437"  branch="false" />
			<line number="701"  hits="1437"  branch="false" />
			<line number="702"  hits="1437"  branch="false" />
		</lines>
		</class>
		<class name="Reserve.sol"  filename="contracts/Reserve.sol"  line-rate="1"  branch-rate="0.9737" >
		<methods>
			<method name="constructor"  hits="414"  signature="()V" >
				<lines><line number="76"  hits="414" /></lines>
			</method>
			<method name="__Reserve_init"  hits="408"  signature="()V" >
				<lines><line number="82"  hits="408" /></lines>
			</method>
			<method name="_transferTo"  hits="1477"  signature="()V" >
				<lines><line number="99"  hits="1477" /></lines>
			</method>
			<method name="investedInYV"  hits="19"  signature="()V" >
				<lines><line number="131"  hits="19" /></lines>
			</method>
			<method name="_yieldEarnings"  hits="43"  signature="()V" >
				<lines><line number="144"  hits="43" /></lines>
			</method>
			<method name="setYieldVault"  hits="28"  signature="()V" >
				<lines><line number="161"  hits="28" /></lines>
			</method>
			<method name="_deinvest"  hits="16"  signature="()V" >
				<lines><line number="201"  hits="16" /></lines>
			</method>
			<method name="_safeDeInvestAll"  hits="2"  signature="()V" >
				<lines><line number="223"  hits="2" /></lines>
			</method>
			<method name="_balance"  hits="1471"  signature="()V" >
				<lines><line number="245"  hits="1471" /></lines>
			</method>
			<method name="withdrawFromYieldVault"  hits="4"  signature="()V" >
				<lines><line number="258"  hits="4" /></lines>
			</method>
			<method name="depositIntoYieldVault"  hits="21"  signature="()V" >
				<lines><line number="271"  hits="21" /></lines>
			</method>
			<method name="recordEarnings"  hits="32"  signature="()V" >
				<lines><line number="290"  hits="32" /></lines>
			</method>
		</methods>
		<lines>
			<line number="83"  hits="408"  branch="false" />
			<line number="100"  hits="1477"  branch="true"  condition-coverage="100% (2/2)" />
			<line number="101"  hits="1476"  branch="true"  condition-coverage="100% (2/2)" />
			<line number="102"  hits="1451"  branch="false" />
			<line number="103"  hits="1443"  branch="true"  condition-coverage="100% (2/2)" />
			<line number="104"  hits="16"  branch="false" />
			<line number="105"  hits="16"  branch="true"  condition-coverage="100% (2/2)" />
			<line number="106"  hits="13"  branch="false" />
			<line number="110"  hits="1441"  branch="true"  condition-coverage="100% (2/2)" />
			<line number="132"  hits="19"  branch="false" />
			<line number="145"  hits="43"  branch="false" />
			<line number="162"  hits="28"  branch="false" />
			<line number="163"  hits="28"  branch="false" />
			<line number="164"  hits="28"  branch="true"  condition-coverage="100% (4/4)" />
			<line number="165"  hits="25"  branch="false" />
			<line number="166"  hits="25"  branch="false" />
			<line number="168"  hits="25"  branch="true"  condition-coverage="100% (2/2)" />
			<line number="169"  hits="9"  branch="false" />
			<line number="170"  hits="9"  branch="true"  condition-coverage="100% (2/2)" />
			<line number="171"  hits="8"  branch="true"  condition-coverage="100% (2/2)" />
			<line number="173"  hits="2"  branch="false" />
			<line number="176"  hits="6"  branch="false" />
			<line number="180"  hits="23"  branch="false" />
			<line number="183"  hits="23"  branch="false" />
			<line number="184"  hits="23"  branch="false" />
			<line number="185"  hits="23"  branch="false" />
			<line number="202"  hits="16"  branch="false" />
			<line number="203"  hits="14"  branch="true"  condition-coverage="100% (2/2)" />
			<line number="205"  hits="1"  branch="false" />
			<line number="206"  hits="1"  branch="false" />
			<line number="208"  hits="13"  branch="false" />
			<line number="227"  hits="2"  branch="false" />
			<line number="228"  hits="2"  branch="true"  condition-coverage="100% (2/2)" />
			<line number="229"  hits="1"  branch="false" />
			<line number="230"  hits="1"  branch="false" />
			<line number="234"  hits="2"  branch="false" />
			<line number="235"  hits="1"  branch="false" />
			<line number="237"  hits="1"  branch="false" />
			<line number="238"  hits="1"  branch="false" />
			<line number="246"  hits="1471"  branch="false" />
			<line number="259"  hits="4"  branch="false" />
			<line number="260"  hits="3"  branch="false" />
			<line number="261"  hits="3"  branch="true"  condition-coverage="100% (2/2)" />
			<line number="262"  hits="3"  branch="false" />
			<line number="263"  hits="3"  branch="false" />
			<line number="272"  hits="21"  branch="false" />
			<line number="273"  hits="21"  branch="true"  condition-coverage="100% (2/2)" />
			<line number="274"  hits="20"  branch="false" />
			<line number="275"  hits="20"  branch="true"  condition-coverage="100% (2/2)" />
			<line number="276"  hits="11"  branch="false" />
			<line number="278"  hits="9"  branch="true"  condition-coverage="100% (2/2)" />
			<line number="280"  hits="19"  branch="false" />
			<line number="281"  hits="19"  branch="false" />
			<line number="282"  hits="19"  branch="false" />
			<line number="291"  hits="32"  branch="false" />
			<line number="292"  hits="32"  branch="true"  condition-coverage="100% (2/2)" />
			<line number="293"  hits="30"  branch="false" />
			<line number="294"  hits="30"  branch="false" />
			<line number="295"  hits="30"  branch="true"  condition-coverage="100% (2/2)" />
			<line number="296"  hits="21"  branch="false" />
			<line number="297"  hits="21"  branch="false" />
		</lines>
		</class>
		<class name="RiskModule.sol"  filename="contracts/RiskModule.sol"  line-rate="1"  branch-rate="0.875" >
		<methods>
			<method name="constructor"  hits="125"  signature="()V" >
				<lines><line number="40"  hits="125" /></lines>
			</method>
			<method name="initialize"  hits="118"  signature="()V" >
				<lines><line number="52"  hits="118" /></lines>
			</method>
			<method name="__RiskModule_init"  hits="118"  signature="()V" >
				<lines><line number="62"  hits="118" /></lines>
			</method>
			<method name="__RiskModule_init_unchained"  hits="118"  signature="()V" >
				<lines><line number="68"  hits="118" /></lines>
			</method>
			<method name="_upgradeValidations"  hits="4"  signature="()V" >
				<lines><line number="73"  hits="4" /></lines>
			</method>
			<method name="supportsInterface"  hits="345"  signature="()V" >
				<lines><line number="84"  hits="345" /></lines>
			</method>
			<method name="wallet"  hits="1412"  signature="()V" >
				<lines><line number="89"  hits="1412" /></lines>
			</method>
			<method name="setWallet"  hits="120"  signature="()V" >
				<lines><line number="99"  hits="120" /></lines>
			</method>
			<method name="underwriter"  hits="1"  signature="()V" >
				<lines><line number="108"  hits="1" /></lines>
			</method>
			<method name="setUnderwriter"  hits="120"  signature="()V" >
				<lines><line number="118"  hits="120" /></lines>
			</method>
			<method name="premiumsAccount"  hits="3149"  signature="()V" >
				<lines><line number="125"  hits="3149" /></lines>
			</method>
			<method name="getMinimumPremium"  hits="152"  signature="()V" >
				<lines><line number="129"  hits="152" /></lines>
			</method>
			<method name="newPolicy"  hits="1528"  signature="()V" >
				<lines><line number="146"  hits="1528" /></lines>
			</method>
			<method name="newPolicies"  hits="3"  signature="()V" >
				<lines><line number="174"  hits="3" /></lines>
			</method>
			<method name="replacePolicy"  hits="84"  signature="()V" >
				<lines><line number="203"  hits="84" /></lines>
			</method>
			<method name="cancelPolicy"  hits="3"  signature="()V" >
				<lines><line number="240"  hits="3" /></lines>
			</method>
			<method name="resolvePolicy"  hits="1108"  signature="()V" >
				<lines><line number="264"  hits="1108" /></lines>
			</method>
		</methods>
		<lines>
			<line number="41"  hits="125"  branch="true"  condition-coverage="100% (2/2)" />
			<line number="42"  hits="1"  branch="false" />
			<line number="44"  hits="123"  branch="false" />
			<line number="53"  hits="118"  branch="false" />
			<line number="63"  hits="118"  branch="false" />
			<line number="64"  hits="118"  branch="false" />
			<line number="69"  hits="118"  branch="false" />
			<line number="70"  hits="117"  branch="false" />
			<line number="74"  hits="4"  branch="false" />
			<line number="75"  hits="3"  branch="false" />
			<line number="76"  hits="3"  branch="true"  condition-coverage="100% (2/2)" />
			<line number="77"  hits="1"  branch="false" />
			<line number="85"  hits="345"  branch="true"  condition-coverage="100% (2/2)" />
			<line number="90"  hits="1412"  branch="false" />
			<line number="100"  hits="120"  branch="true"  condition-coverage="100% (2/2)" />
			<line number="101"  hits="118"  branch="false" />
			<line number="102"  hits="118"  branch="false" />
			<line number="109"  hits="1"  branch="false" />
			<line number="119"  hits="120"  branch="true"  condition-coverage="100% (2/2)" />
			<line number="120"  hits="119"  branch="false" />
			<line number="121"  hits="119"  branch="false" />
			<line number="126"  hits="3149"  branch="false" />
			<line number="136"  hits="152"  branch="false" />
			<line number="147"  hits="1528"  branch="false" />
			<line number="156"  hits="1527"  branch="false" />
			<line number="157"  hits="1527"  branch="true"  condition-coverage="100% (2/2)" />
			<line number="158"  hits="86"  branch="false" />
			<line number="160"  hits="1527"  branch="true"  condition-coverage="100% (2/2)" />
			<line number="161"  hits="1525"  branch="true"  condition-coverage="100% (2/2)" />
			<line number="162"  hits="1523"  branch="false" />
			<line number="163"  hits="1520"  branch="false" />
			<line number="164"  hits="1233"  branch="false" />
			<line number="175"  hits="3"  branch="false" />
			<line number="176"  hits="3"  branch="false" />
			<line number="177"  hits="3"  branch="true"  condition-coverage="50% (1/2)" />
			<line number="179"  hits="3"  branch="false" />
			<line number="180"  hits="60"  branch="false" />
			<line number="188"  hits="60"  branch="true"  condition-coverage="100% (2/2)" />
			<line number="189"  hits="55"  branch="false" />
			<line number="191"  hits="60"  branch="true"  condition-coverage="50% (1/2)" />
			<line number="192"  hits="60"  branch="false" />
			<line number="194"  hits="3"  branch="false" />
			<line number="204"  hits="84"  branch="false" />
			<line number="214"  hits="84"  branch="true"  condition-coverage="100% (2/2)" />
			<line number="215"  hits="4"  branch="false" />
			<line number="217"  hits="84"  branch="true"  condition-coverage="100% (2/2)" />
			<line number="218"  hits="83"  branch="false" />
			<line number="229"  hits="82"  branch="false" />
			<line number="231"  hits="51"  branch="false" />
			<line number="241"  hits="3"  branch="false" />
			<line number="248"  hits="3"  branch="false" />
			<line number="265"  hits="1108"  branch="false" />
		</lines>
		</class>
		<class name="WEToken.sol"  filename="contracts/WEToken.sol"  line-rate="1"  branch-rate="0.9444" >
		<methods>
			<method name="constructor"  hits="5"  signature="()V" >
				<lines><line number="98"  hits="5" /></lines>
			</method>
			<method name="decimals"  hits="1"  signature="()V" >
				<lines><line number="106"  hits="1" /></lines>
			</method>
			<method name="_convertToShares"  hits="11"  signature="()V" >
				<lines><line number="111"  hits="11" /></lines>
			</method>
			<method name="_convertToAssets"  hits="47"  signature="()V" >
				<lines><line number="116"  hits="47" /></lines>
			</method>
			<method name="_update"  hits="34"  signature="()V" >
				<lines><line number="127"  hits="34" /></lines>
			</method>
			<method name="setFreezer"  hits="4"  signature="()V" >
				<lines><line number="138"  hits="4" /></lines>
			</method>
			<method name="_setFreezer"  hits="9"  signature="()V" >
				<lines><line number="142"  hits="9" /></lines>
			</method>
			<method name="setFrozen"  hits="12"  signature="()V" >
				<lines><line number="159"  hits="12" /></lines>
			</method>
		</methods>
		<lines>
			<line number="99"  hits="5"  branch="false" />
			<line number="100"  hits="5"  branch="true"  condition-coverage="50% (1/2)" />
			<line number="101"  hits="5"  branch="false" />
			<line number="102"  hits="5"  branch="false" />
			<line number="107"  hits="1"  branch="false" />
			<line number="112"  hits="11"  branch="false" />
			<line number="117"  hits="47"  branch="false" />
			<line number="128"  hits="34"  branch="true"  condition-coverage="100% (2/2)" />
			<line number="129"  hits="25"  branch="true"  condition-coverage="100% (2/2)" />
			<line number="131"  hits="32"  branch="false" />
			<line number="139"  hits="4"  branch="false" />
			<line number="143"  hits="9"  branch="false" />
			<line number="144"  hits="9"  branch="false" />
			<line number="160"  hits="12"  branch="true"  condition-coverage="100% (4/4)" />
			<line number="161"  hits="11"  branch="false" />
			<line number="162"  hits="11"  branch="true"  condition-coverage="100% (2/2)" />
			<line number="163"  hits="8"  branch="false" />
			<line number="164"  hits="8"  branch="true"  condition-coverage="100% (2/2)" />
			<line number="166"  hits="3"  branch="true"  condition-coverage="100% (2/2)" />
			<line number="168"  hits="8"  branch="false" />
			<line number="169"  hits="8"  branch="false" />
		</lines>
		</class>
	</classes>
	</package>
	<package name="contracts.interfaces"  line-rate="1"  branch-rate="1" >
	<classes>
		<class name="ICooler.sol"  filename="contracts/interfaces/ICooler.sol"  line-rate="1"  branch-rate="1" >
		<methods>
		</methods>
		<lines>
		</lines>
		</class>
		<class name="IEToken.sol"  filename="contracts/interfaces/IEToken.sol"  line-rate="1"  branch-rate="1" >
		<methods>
		</methods>
		<lines>
		</lines>
		</class>
		<class name="ILPWhitelist.sol"  filename="contracts/interfaces/ILPWhitelist.sol"  line-rate="1"  branch-rate="1" >
		<methods>
		</methods>
		<lines>
		</lines>
		</class>
		<class name="IPolicyHolder.sol"  filename="contracts/interfaces/IPolicyHolder.sol"  line-rate="1"  branch-rate="1" >
		<methods>
		</methods>
		<lines>
		</lines>
		</class>
		<class name="IPolicyPool.sol"  filename="contracts/interfaces/IPolicyPool.sol"  line-rate="1"  branch-rate="1" >
		<methods>
		</methods>
		<lines>
		</lines>
		</class>
		<class name="IPolicyPoolComponent.sol"  filename="contracts/interfaces/IPolicyPoolComponent.sol"  line-rate="1"  branch-rate="1" >
		<methods>
		</methods>
		<lines>
		</lines>
		</class>
		<class name="IPremiumsAccount.sol"  filename="contracts/interfaces/IPremiumsAccount.sol"  line-rate="1"  branch-rate="1" >
		<methods>
		</methods>
		<lines>
		</lines>
		</class>
		<class name="IRiskModule.sol"  filename="contracts/interfaces/IRiskModule.sol"  line-rate="1"  branch-rate="1" >
		<methods>
		</methods>
		<lines>
		</lines>
		</class>
		<class name="IUnderwriter.sol"  filename="contracts/interfaces/IUnderwriter.sol"  line-rate="1"  branch-rate="1" >
		<methods>
		</methods>
		<lines>
		</lines>
		</class>
	</classes>
	</package>
	<package name="contracts.underwriters"  line-rate="1"  branch-rate="1" >
	<classes>
		<class name="FullSignedUW.sol"  filename="contracts/underwriters/FullSignedUW.sol"  line-rate="1"  branch-rate="1" >
		<methods>
			<method name="_checkSignature"  hits="97"  signature="()V" >
				<lines><line number="62"  hits="97" /></lines>
			</method>
			<method name="priceNewPolicy"  hits="27"  signature="()V" >
				<lines><line number="77"  hits="27" /></lines>
			</method>
			<method name="pricePolicyReplacement"  hits="30"  signature="()V" >
				<lines><line number="104"  hits="30" /></lines>
			</method>
			<method name="pricePolicyCancellation"  hits="40"  signature="()V" >
				<lines><line number="135"  hits="40" /></lines>
			</method>
		</methods>
		<lines>
			<line number="64"  hits="97"  branch="false" />
			<line number="65"  hits="97"  branch="true"  condition-coverage="100% (2/2)" />
			<line number="68"  hits="82"  branch="false" />
			<line number="69"  hits="82"  branch="false" />
			<line number="72"  hits="82"  branch="false" />
			<line number="73"  hits="67"  branch="true"  condition-coverage="100% (2/2)" />
			<line number="93"  hits="27"  branch="false" />
			<line number="94"  hits="11"  branch="false" />
			<line number="95"  hits="11"  branch="false" />
			<line number="99"  hits="11"  branch="true"  condition-coverage="100% (2/2)" />
			<line number="100"  hits="6"  branch="false" />
			<line number="121"  hits="30"  branch="false" />
			<line number="122"  hits="15"  branch="false" />
			<line number="123"  hits="15"  branch="false" />
			<line number="127"  hits="15"  branch="true"  condition-coverage="100% (2/2)" />
			<line number="131"  hits="5"  branch="false" />
			<line number="149"  hits="40"  branch="false" />
			<line number="150"  hits="25"  branch="false" />
			<line number="154"  hits="25"  branch="true"  condition-coverage="100% (2/2)" />
			<line number="155"  hits="20"  branch="true"  condition-coverage="100% (2/2)" />
			<line number="156"  hits="20"  branch="true"  condition-coverage="100% (2/2)" />
		</lines>
		</class>
		<class name="FullTrustedUW.sol"  filename="contracts/underwriters/FullTrustedUW.sol"  line-rate="1"  branch-rate="1" >
		<methods>
			<method name="priceNewPolicy"  hits="1686"  signature="()V" >
				<lines><line number="16"  hits="1686" /></lines>
			</method>
			<method name="pricePolicyReplacement"  hits="184"  signature="()V" >
				<lines><line number="36"  hits="184" /></lines>
			</method>
			<method name="pricePolicyCancellation"  hits="123"  signature="()V" >
				<lines><line number="57"  hits="123" /></lines>
			</method>
		</methods>
		<lines>
			<line number="32"  hits="1686"  branch="false" />
			<line number="53"  hits="184"  branch="false" />
			<line number="71"  hits="123"  branch="false" />
			<line number="75"  hits="123"  branch="true"  condition-coverage="100% (2/2)" />
			<line number="76"  hits="123"  branch="true"  condition-coverage="100% (2/2)" />
		</lines>
		</class>
	</classes>
	</package>
</packages>
</coverage>
