<?xml version="1.0" ?>
<!DOCTYPE coverage SYSTEM "http://cobertura.sourceforge.net/xml/coverage-04.dtd">
<coverage lines-valid="803"  lines-covered="792"  line-rate="0.9863"  branches-valid="638"  branches-covered="581"  branch-rate="0.9107"  timestamp="1756398941749" complexity="0" version="0.1">
<sources>
	<source>/home/runner/work/ensuro/ensuro</source>
</sources>
<packages>
	<package name="contracts"  line-rate="0.9863"  branch-rate="0.9107" >
	<classes>
		<class name="EToken.sol"  filename="contracts/EToken.sol"  line-rate="0.9943000000000001"  branch-rate="0.8662000000000001" >
		<methods>
			<method name="onlyBorrower"  hits="4179"  signature="()V" >
				<lines><line number="79"  hits="4179" /></lines>
			</method>
			<method name="constructor"  hits="237"  signature="()V" >
				<lines><line number="86"  hits="237" /></lines>
			</method>
			<method name="initialize"  hits="244"  signature="()V" >
				<lines><line number="100"  hits="244" /></lines>
			</method>
			<method name="__EToken_init_unchained"  hits="244"  signature="()V" >
				<lines><line number="111"  hits="244" /></lines>
			</method>
			<method name="supportsInterface"  hits="444"  signature="()V" >
				<lines><line number="136"  hits="444" /></lines>
			</method>
			<method name="_validateParameters"  hits="329"  signature="()V" >
				<lines><line number="145"  hits="329" /></lines>
			</method>
			<method name="name"  hits="31"  signature="()V" >
				<lines><line number="172"  hits="31" /></lines>
			</method>
			<method name="symbol"  hits="1"  signature="()V" >
				<lines><line number="180"  hits="1" /></lines>
			</method>
			<method name="decimals"  hits="1"  signature="()V" >
				<lines><line number="197"  hits="1" /></lines>
			</method>
			<method name="totalSupply"  hits="9088"  signature="()V" >
				<lines><line number="204"  hits="9088" /></lines>
			</method>
			<method name="balanceOf"  hits="1102"  signature="()V" >
				<lines><line number="211"  hits="1102" /></lines>
			</method>
			<method name="scaledBalanceOf"  hits="3"  signature="()V" >
				<lines><line number="225"  hits="3" /></lines>
			</method>
			<method name="getScaledUserBalanceAndSupply"  hits="1"  signature="()V" >
				<lines><line number="235"  hits="1" /></lines>
			</method>
			<method name="scaledTotalSupply"  hits="2"  signature="()V" >
				<lines><line number="243"  hits="2" /></lines>
			</method>
			<method name="transfer"  hits="85"  signature="()V" >
				<lines><line number="255"  hits="85" /></lines>
			</method>
			<method name="allowance"  hits="54"  signature="()V" >
				<lines><line number="263"  hits="54" /></lines>
			</method>
			<method name="approve"  hits="38"  signature="()V" >
				<lines><line number="274"  hits="38" /></lines>
			</method>
			<method name="transferFrom"  hits="40"  signature="()V" >
				<lines><line number="292"  hits="40" /></lines>
			</method>
			<method name="_spendAllowance"  hits="40"  signature="()V" >
				<lines><line number="307"  hits="40" /></lines>
			</method>
			<method name="increaseAllowance"  hits="12"  signature="()V" >
				<lines><line number="329"  hits="12" /></lines>
			</method>
			<method name="decreaseAllowance"  hits="25"  signature="()V" >
				<lines><line number="348"  hits="25" /></lines>
			</method>
			<method name="_transfer"  hits="124"  signature="()V" >
				<lines><line number="370"  hits="124" /></lines>
			</method>
			<method name="_mint"  hits="789"  signature="()V" >
				<lines><line number="394"  hits="789" /></lines>
			</method>
			<method name="_burn"  hits="206"  signature="()V" >
				<lines><line number="415"  hits="206" /></lines>
			</method>
			<method name="_approve"  hits="113"  signature="()V" >
				<lines><line number="440"  hits="113" /></lines>
			</method>
			<method name="_beforeTokenTransfer"  hits="1113"  signature="()V" >
				<lines><line number="462"  hits="1113" /></lines>
			</method>
			<method name="_updateTokenInterestRate"  hits="5638"  signature="()V" >
				<lines><line number="474"  hits="5638" /></lines>
			</method>
			<method name="getCurrentScale"  hits="8"  signature="()V" >
				<lines><line number="487"  hits="8" /></lines>
			</method>
			<method name="fundsAvailable"  hits="28"  signature="()V" >
				<lines><line number="492"  hits="28" /></lines>
			</method>
			<method name="fundsAvailableToLock"  hits="2071"  signature="()V" >
				<lines><line number="498"  hits="2071" /></lines>
			</method>
			<method name="yieldVault"  hits="10"  signature="()V" >
				<lines><line number="504"  hits="10" /></lines>
			</method>
			<method name="_setYieldVault"  hits="2"  signature="()V" >
				<lines><line number="508"  hits="2" /></lines>
			</method>
			<method name="_4toWad"  hits="5452"  signature="()V" >
				<lines><line number="513"  hits="5452" /></lines>
			</method>
			<method name="_wadTo4"  hits="544"  signature="()V" >
				<lines><line number="518"  hits="544" /></lines>
			</method>
			<method name="scr"  hits="38"  signature="()V" >
				<lines><line number="523"  hits="38" /></lines>
			</method>
			<method name="scrInterestRate"  hits="7"  signature="()V" >
				<lines><line number="527"  hits="7" /></lines>
			</method>
			<method name="tokenInterestRate"  hits="17694"  signature="()V" >
				<lines><line number="531"  hits="17694" /></lines>
			</method>
			<method name="liquidityRequirement"  hits="226"  signature="()V" >
				<lines><line number="535"  hits="226" /></lines>
			</method>
			<method name="maxUtilizationRate"  hits="2072"  signature="()V" >
				<lines><line number="539"  hits="2072" /></lines>
			</method>
			<method name="minUtilizationRate"  hits="756"  signature="()V" >
				<lines><line number="543"  hits="756" /></lines>
			</method>
			<method name="utilizationRate"  hits="758"  signature="()V" >
				<lines><line number="547"  hits="758" /></lines>
			</method>
			<method name="lockScr"  hits="2066"  signature="()V" >
				<lines><line number="551"  hits="2066" /></lines>
			</method>
			<method name="unlockScr"  hits="1753"  signature="()V" >
				<lines><line number="573"  hits="1753" /></lines>
			</method>
			<method name="_yieldEarnings"  hits="4"  signature="()V" >
				<lines><line number="592"  hits="4" /></lines>
			</method>
			<method name="_discreteChange"  hits="2625"  signature="()V" >
				<lines><line number="597"  hits="2625" /></lines>
			</method>
			<method name="deposit"  hits="792"  signature="()V" >
				<lines><line number="602"  hits="792" /></lines>
			</method>
			<method name="totalWithdrawable"  hits="225"  signature="()V" >
				<lines><line number="613"  hits="225" /></lines>
			</method>
			<method name="withdraw"  hits="223"  signature="()V" >
				<lines><line number="620"  hits="223" /></lines>
			</method>
			<method name="addBorrower"  hits="665"  signature="()V" >
				<lines><line number="641"  hits="665" /></lines>
			</method>
			<method name="removeBorrower"  hits="3"  signature="()V" >
				<lines><line number="650"  hits="3" /></lines>
			</method>
			<method name="maxNegativeAdjustment"  hits="357"  signature="()V" >
				<lines><line number="661"  hits="357" /></lines>
			</method>
			<method name="internalLoan"  hits="356"  signature="()V" >
				<lines><line number="668"  hits="356" /></lines>
			</method>
			<method name="repayLoan"  hits="520"  signature="()V" >
				<lines><line number="680"  hits="520" /></lines>
			</method>
			<method name="getLoan"  hits="1520"  signature="()V" >
				<lines><line number="692"  hits="1520" /></lines>
			</method>
			<method name="internalLoanInterestRate"  hits="2398"  signature="()V" >
				<lines><line number="697"  hits="2398" /></lines>
			</method>
			<method name="setParam"  hits="60"  signature="()V" >
				<lines><line number="701"  hits="60" /></lines>
			</method>
			<method name="setWhitelist"  hits="27"  signature="()V" >
				<lines><line number="721"  hits="27" /></lines>
			</method>
			<method name="whitelist"  hits="1"  signature="()V" >
				<lines><line number="730"  hits="1" /></lines>
			</method>
		</methods>
		<lines>
			<line number="80"  hits="4179"  branch="true"  condition-coverage="100% (2/2)" />
			<line number="81"  hits="4177"  branch="false" />
			<line number="101"  hits="244"  branch="false" />
			<line number="102"  hits="244"  branch="false" />
			<line number="112"  hits="244"  branch="true"  condition-coverage="100% (2/2)" />
			<line number="113"  hits="243"  branch="true"  condition-coverage="100% (2/2)" />
			<line number="114"  hits="242"  branch="false" />
			<line number="115"  hits="242"  branch="false" />
			<line number="116"  hits="242"  branch="false" />
			<line number="122"  hits="242"  branch="false" />
			<line number="130"  hits="242"  branch="false" />
			<line number="137"  hits="444"  branch="false" />
			<line number="146"  hits="329"  branch="true"  condition-coverage="50% (1/2)" />
			<line number="150"  hits="329"  branch="true"  condition-coverage="50% (1/2)" />
			<line number="154"  hits="329"  branch="true"  condition-coverage="50% (1/2)" />
			<line number="164"  hits="329"  branch="true"  condition-coverage="50% (1/2)" />
			<line number="173"  hits="31"  branch="false" />
			<line number="181"  hits="1"  branch="false" />
			<line number="198"  hits="1"  branch="false" />
			<line number="205"  hits="9088"  branch="false" />
			<line number="212"  hits="1102"  branch="false" />
			<line number="213"  hits="1102"  branch="true"  condition-coverage="100% (2/2)" />
			<line number="214"  hits="1083"  branch="false" />
			<line number="226"  hits="3"  branch="false" />
			<line number="236"  hits="1"  branch="false" />
			<line number="244"  hits="2"  branch="false" />
			<line number="256"  hits="85"  branch="false" />
			<line number="257"  hits="73"  branch="false" />
			<line number="264"  hits="54"  branch="false" />
			<line number="275"  hits="38"  branch="false" />
			<line number="276"  hits="33"  branch="false" />
			<line number="293"  hits="40"  branch="false" />
			<line number="294"  hits="40"  branch="false" />
			<line number="295"  hits="39"  branch="false" />
			<line number="296"  hits="30"  branch="false" />
			<line number="308"  hits="40"  branch="false" />
			<line number="309"  hits="40"  branch="true"  condition-coverage="50% (1/2)" />
			<line number="310"  hits="40"  branch="true"  condition-coverage="100% (2/2)" />
			<line number="311"  hits="39"  branch="false" />
			<line number="312"  hits="39"  branch="false" />
			<line number="330"  hits="12"  branch="false" />
			<line number="331"  hits="12"  branch="false" />
			<line number="349"  hits="25"  branch="false" />
			<line number="350"  hits="25"  branch="true"  condition-coverage="100% (2/2)" />
			<line number="351"  hits="24"  branch="false" />
			<line number="353"  hits="24"  branch="false" />
			<line number="371"  hits="124"  branch="true"  condition-coverage="50% (1/2)" />
			<line number="372"  hits="124"  branch="true"  condition-coverage="100% (2/2)" />
			<line number="374"  hits="123"  branch="false" />
			<line number="375"  hits="119"  branch="false" />
			<line number="377"  hits="119"  branch="false" />
			<line number="378"  hits="119"  branch="true"  condition-coverage="100% (2/2)" />
			<line number="379"  hits="118"  branch="false" />
			<line number="380"  hits="118"  branch="false" />
			<line number="382"  hits="115"  branch="false" />
			<line number="395"  hits="789"  branch="true"  condition-coverage="100% (2/2)" />
			<line number="396"  hits="788"  branch="true"  condition-coverage="100% (2/2)" />
			<line number="398"  hits="787"  branch="false" />
			<line number="399"  hits="786"  branch="false" />
			<line number="400"  hits="786"  branch="false" />
			<line number="401"  hits="786"  branch="false" />
			<line number="416"  hits="206"  branch="true"  condition-coverage="50% (1/2)" />
			<line number="417"  hits="206"  branch="false" />
			<line number="419"  hits="205"  branch="false" />
			<line number="420"  hits="205"  branch="false" />
			<line number="421"  hits="205"  branch="true"  condition-coverage="50% (1/2)" />
			<line number="422"  hits="205"  branch="false" />
			<line number="424"  hits="205"  branch="false" />
			<line number="441"  hits="113"  branch="true"  condition-coverage="100% (2/2)" />
			<line number="442"  hits="112"  branch="true"  condition-coverage="100% (2/2)" />
			<line number="444"  hits="111"  branch="false" />
			<line number="445"  hits="111"  branch="false" />
			<line number="463"  hits="1113"  branch="true"  condition-coverage="100% (2/2)" />
			<line number="475"  hits="5638"  branch="false" />
			<line number="476"  hits="5618"  branch="true"  condition-coverage="100% (2/2)" />
			<line number="478"  hits="5563"  branch="false" />
			<line number="479"  hits="5539"  branch="false" />
			<line number="488"  hits="8"  branch="true"  condition-coverage="100% (2/2)" />
			<line number="493"  hits="28"  branch="false" />
			<line number="494"  hits="28"  branch="true"  condition-coverage="100% (2/2)" />
			<line number="499"  hits="2071"  branch="false" />
			<line number="500"  hits="2071"  branch="true"  condition-coverage="100% (2/2)" />
			<line number="505"  hits="10"  branch="false" />
			<line number="509"  hits="2"  branch="false" />
			<line number="515"  hits="5452"  branch="false" />
			<line number="520"  hits="544"  branch="false" />
			<line number="524"  hits="38"  branch="false" />
			<line number="528"  hits="7"  branch="false" />
			<line number="532"  hits="17694"  branch="false" />
			<line number="536"  hits="226"  branch="false" />
			<line number="540"  hits="2072"  branch="false" />
			<line number="544"  hits="756"  branch="false" />
			<line number="548"  hits="758"  branch="false" />
			<line number="552"  hits="2066"  branch="true"  condition-coverage="100% (2/2)" />
			<line number="553"  hits="2062"  branch="false" />
			<line number="554"  hits="2062"  branch="true"  condition-coverage="100% (2/2)" />
			<line number="555"  hits="819"  branch="false" />
			<line number="556"  hits="819"  branch="false" />
			<line number="558"  hits="1243"  branch="false" />
			<line number="559"  hits="1243"  branch="false" />
			<line number="560"  hits="1243"  branch="false" />
			<line number="563"  hits="1243"  branch="false" />
			<line number="565"  hits="2052"  branch="false" />
			<line number="566"  hits="2052"  branch="false" />
			<line number="574"  hits="1753"  branch="true"  condition-coverage="100% (2/2)" />
			<line number="575"  hits="1752"  branch="false" />
			<line number="577"  hits="1749"  branch="true"  condition-coverage="100% (2/2)" />
			<line number="578"  hits="632"  branch="false" />
			<line number="579"  hits="630"  branch="false" />
			<line number="581"  hits="1117"  branch="false" />
			<line number="582"  hits="1117"  branch="false" />
			<line number="583"  hits="1117"  branch="false" />
			<line number="586"  hits="1117"  branch="false" />
			<line number="588"  hits="1746"  branch="false" />
			<line number="589"  hits="1746"  branch="false" />
			<line number="593"  hits="4"  branch="false" />
			<line number="594"  hits="4"  branch="false" />
			<line number="598"  hits="2625"  branch="false" />
			<line number="599"  hits="2613"  branch="false" />
			<line number="603"  hits="792"  branch="true"  condition-coverage="100% (2/2)" />
			<line number="607"  hits="789"  branch="false" />
			<line number="608"  hits="768"  branch="false" />
			<line number="609"  hits="756"  branch="true"  condition-coverage="100% (2/2)" />
			<line number="610"  hits="723"  branch="false" />
			<line number="614"  hits="225"  branch="false" />
			<line number="615"  hits="225"  branch="false" />
			<line number="616"  hits="225"  branch="true"  condition-coverage="50% (1/2)" />
			<line number="627"  hits="223"  branch="false" />
			<line number="628"  hits="223"  branch="true"  condition-coverage="100% (2/2)" />
			<line number="629"  hits="222"  branch="true"  condition-coverage="100% (2/2)" />
			<line number="630"  hits="210"  branch="true"  condition-coverage="100% (2/2)" />
			<line number="631"  hits="209"  branch="true"  condition-coverage="100% (2/2)" />
			<line number="635"  hits="206"  branch="false" />
			<line number="636"  hits="205"  branch="false" />
			<line number="637"  hits="205"  branch="false" />
			<line number="638"  hits="159"  branch="false" />
			<line number="642"  hits="665"  branch="true"  condition-coverage="100% (2/2)" />
			<line number="643"  hits="664"  branch="false" />
			<line number="644"  hits="664"  branch="true"  condition-coverage="50% (1/2)" />
			<line number="645"  hits="664"  branch="false" />
			<line number="646"  hits="590"  branch="false" />
			<line number="651"  hits="3"  branch="true"  condition-coverage="50% (1/2)" />
			<line number="652"  hits="3"  branch="false" />
			<line number="653"  hits="3"  branch="false" />
			<line number="654"  hits="3"  branch="false" />
			<line number="662"  hits="357"  branch="false" />
			<line number="669"  hits="356"  branch="false" />
			<line number="670"  hits="356"  branch="false" />
			<line number="671"  hits="356"  branch="true"  condition-coverage="50% (1/2)" />
			<line number="672"  hits="356"  branch="false" />
			<line number="673"  hits="356"  branch="false" />
			<line number="674"  hits="356"  branch="false" />
			<line number="675"  hits="355"  branch="false" />
			<line number="676"  hits="343"  branch="false" />
			<line number="677"  hits="334"  branch="false" />
			<line number="681"  hits="520"  branch="true"  condition-coverage="100% (2/2)" />
			<line number="683"  hits="519"  branch="false" />
			<line number="684"  hits="519"  branch="true"  condition-coverage="50% (1/2)" />
			<line number="685"  hits="519"  branch="false" />
			<line number="686"  hits="519"  branch="false" />
			<line number="687"  hits="518"  branch="false" />
			<line number="689"  hits="518"  branch="false" />
			<line number="693"  hits="1520"  branch="false" />
			<line number="694"  hits="1520"  branch="false" />
			<line number="698"  hits="2398"  branch="false" />
			<line number="702"  hits="60"  branch="true"  condition-coverage="50% (1/2)" />
			<line number="703"  hits="0"  branch="false" />
			<line number="705"  hits="12"  branch="false" />
			<line number="707"  hits="36"  branch="false" />
			<line number="713"  hits="12"  branch="false" />
			<line number="715"  hits="60"  branch="false" />
			<line number="722"  hits="27"  branch="true"  condition-coverage="50% (1/2)" />
			<line number="726"  hits="27"  branch="false" />
			<line number="727"  hits="27"  branch="false" />
			<line number="731"  hits="1"  branch="false" />
		</lines>
		</class>
		<class name="FullSignedBucketRiskModule.sol"  filename="contracts/FullSignedBucketRiskModule.sol"  line-rate="1"  branch-rate="1" >
		<methods>
			<method name="constructor"  hits="5"  signature="()V" >
				<lines><line number="28"  hits="5" /></lines>
			</method>
			<method name="_paramsAsUint256"  hits="16"  signature="()V" >
				<lines><line number="30"  hits="16" /></lines>
			</method>
			<method name="_checkFullSignature"  hits="17"  signature="()V" >
				<lines><line number="41"  hits="17" /></lines>
			</method>
			<method name="newPolicyFullParams"  hits="13"  signature="()V" >
				<lines><line number="114"  hits="13" /></lines>
			</method>
			<method name="replacePolicyFullParams"  hits="4"  signature="()V" >
				<lines><line number="174"  hits="4" /></lines>
			</method>
			<method name="getMinimumPremiumFullParams"  hits="5"  signature="()V" >
				<lines><line number="208"  hits="5" /></lines>
			</method>
		</methods>
		<lines>
			<line number="31"  hits="16"  branch="false" />
			<line number="52"  hits="17"  branch="true"  condition-coverage="100% (2/2)" />
			<line number="64"  hits="16"  branch="false" />
			<line number="76"  hits="16"  branch="false" />
			<line number="115"  hits="13"  branch="false" />
			<line number="126"  hits="7"  branch="false" />
			<line number="136"  hits="7"  branch="false" />
			<line number="175"  hits="4"  branch="false" />
			<line number="186"  hits="2"  branch="false" />
			<line number="214"  hits="5"  branch="false" />
		</lines>
		</class>
		<class name="Governance.sol"  filename="contracts/Governance.sol"  line-rate="1"  branch-rate="1" >
		<methods>
		</methods>
		<lines>
		</lines>
		</class>
		<class name="LPManualWhitelist.sol"  filename="contracts/LPManualWhitelist.sol"  line-rate="1"  branch-rate="0.8636" >
		<methods>
			<method name="constructor"  hits="27"  signature="()V" >
				<lines><line number="38"  hits="27" /></lines>
			</method>
			<method name="initialize"  hits="15"  signature="()V" >
				<lines><line number="43"  hits="15" /></lines>
			</method>
			<method name="__LPManualWhitelist_init"  hits="15"  signature="()V" >
				<lines><line number="48"  hits="15" /></lines>
			</method>
			<method name="__LPManualWhitelist_init_unchained"  hits="15"  signature="()V" >
				<lines><line number="54"  hits="15" /></lines>
			</method>
			<method name="whitelistAddress"  hits="96"  signature="()V" >
				<lines><line number="60"  hits="96" /></lines>
			</method>
			<method name="_checkDefaultStatus"  hits="32"  signature="()V" >
				<lines><line number="65"  hits="32" /></lines>
			</method>
			<method name="setWhitelistDefaults"  hits="17"  signature="()V" >
				<lines><line number="75"  hits="17" /></lines>
			</method>
			<method name="getWhitelistDefaults"  hits="2"  signature="()V" >
				<lines><line number="80"  hits="2" /></lines>
			</method>
			<method name="_whitelistAddress"  hits="109"  signature="()V" >
				<lines><line number="84"  hits="109" /></lines>
			</method>
			<method name="supportsInterface"  hits="4"  signature="()V" >
				<lines><line number="92"  hits="4" /></lines>
			</method>
			<method name="acceptsDeposit"  hits="29"  signature="()V" >
				<lines><line number="96"  hits="29" /></lines>
			</method>
			<method name="acceptsWithdrawal"  hits="27"  signature="()V" >
				<lines><line number="104"  hits="27" /></lines>
			</method>
			<method name="acceptsTransfer"  hits="42"  signature="()V" >
				<lines><line number="112"  hits="42" /></lines>
			</method>
		</methods>
		<lines>
			<line number="44"  hits="15"  branch="false" />
			<line number="49"  hits="15"  branch="false" />
			<line number="50"  hits="15"  branch="false" />
			<line number="55"  hits="15"  branch="false" />
			<line number="56"  hits="11"  branch="false" />
			<line number="57"  hits="11"  branch="false" />
			<line number="61"  hits="96"  branch="true"  condition-coverage="50% (1/2)" />
			<line number="62"  hits="96"  branch="false" />
			<line number="66"  hits="32"  branch="true"  condition-coverage="100% (2/2)" />
			<line number="76"  hits="17"  branch="false" />
			<line number="77"  hits="13"  branch="false" />
			<line number="81"  hits="2"  branch="false" />
			<line number="85"  hits="109"  branch="false" />
			<line number="86"  hits="109"  branch="false" />
			<line number="93"  hits="4"  branch="true"  condition-coverage="100% (2/2)" />
			<line number="97"  hits="29"  branch="false" />
			<line number="98"  hits="29"  branch="true"  condition-coverage="100% (2/2)" />
			<line number="99"  hits="2"  branch="false" />
			<line number="101"  hits="29"  branch="false" />
			<line number="105"  hits="27"  branch="false" />
			<line number="106"  hits="27"  branch="true"  condition-coverage="100% (2/2)" />
			<line number="107"  hits="13"  branch="false" />
			<line number="109"  hits="27"  branch="false" />
			<line number="118"  hits="42"  branch="false" />
			<line number="119"  hits="42"  branch="true"  condition-coverage="100% (2/2)" />
			<line number="120"  hits="27"  branch="false" />
			<line number="122"  hits="42"  branch="true"  condition-coverage="100% (2/2)" />
			<line number="123"  hits="41"  branch="false" />
			<line number="124"  hits="41"  branch="true"  condition-coverage="100% (2/2)" />
			<line number="125"  hits="27"  branch="false" />
			<line number="127"  hits="41"  branch="false" />
		</lines>
		</class>
		<class name="Policy.sol"  filename="contracts/Policy.sol"  line-rate="1"  branch-rate="1" >
		<methods>
			<method name="getMinimumPremium"  hits="1839"  signature="()V" >
				<lines><line number="48"  hits="1839" /></lines>
			</method>
			<method name="initialize"  hits="1676"  signature="()V" >
				<lines><line number="82"  hits="1676" /></lines>
			</method>
			<method name="jrInterestRate"  hits="527"  signature="()V" >
				<lines><line number="116"  hits="527" /></lines>
			</method>
			<method name="jrAccruedInterest"  hits="110"  signature="()V" >
				<lines><line number="120"  hits="110" /></lines>
			</method>
			<method name="srInterestRate"  hits="3294"  signature="()V" >
				<lines><line number="124"  hits="3294" /></lines>
			</method>
			<method name="srAccruedInterest"  hits="1399"  signature="()V" >
				<lines><line number="128"  hits="1399" /></lines>
			</method>
			<method name="hash"  hits="3406"  signature="()V" >
				<lines><line number="132"  hits="3406" /></lines>
			</method>
		</methods>
		<lines>
			<line number="55"  hits="1839"  branch="false" />
			<line number="56"  hits="1839"  branch="false" />
			<line number="57"  hits="1839"  branch="true"  condition-coverage="100% (2/2)" />
			<line number="58"  hits="327"  branch="false" />
			<line number="60"  hits="1512"  branch="false" />
			<line number="63"  hits="1839"  branch="false" />
			<line number="64"  hits="1839"  branch="true"  condition-coverage="100% (2/2)" />
			<line number="65"  hits="1709"  branch="false" />
			<line number="67"  hits="130"  branch="false" />
			<line number="71"  hits="1839"  branch="false" />
			<line number="72"  hits="1839"  branch="false" />
			<line number="73"  hits="1839"  branch="false" />
			<line number="75"  hits="1839"  branch="false" />
			<line number="79"  hits="1839"  branch="false" />
			<line number="91"  hits="1676"  branch="true"  condition-coverage="100% (2/2)" />
			<line number="92"  hits="1675"  branch="false" />
			<line number="94"  hits="1675"  branch="false" />
			<line number="95"  hits="1675"  branch="false" />
			<line number="96"  hits="1675"  branch="false" />
			<line number="97"  hits="1675"  branch="false" />
			<line number="98"  hits="1675"  branch="false" />
			<line number="99"  hits="1675"  branch="false" />
			<line number="101"  hits="1675"  branch="false" />
			<line number="103"  hits="1675"  branch="false" />
			<line number="104"  hits="1675"  branch="false" />
			<line number="105"  hits="1675"  branch="false" />
			<line number="106"  hits="1675"  branch="false" />
			<line number="107"  hits="1675"  branch="false" />
			<line number="108"  hits="1675"  branch="false" />
			<line number="110"  hits="1675"  branch="true"  condition-coverage="100% (2/2)" />
			<line number="112"  hits="1673"  branch="false" />
			<line number="113"  hits="1673"  branch="false" />
			<line number="117"  hits="527"  branch="false" />
			<line number="121"  hits="110"  branch="false" />
			<line number="125"  hits="3294"  branch="false" />
			<line number="129"  hits="1399"  branch="false" />
			<line number="133"  hits="3406"  branch="false" />
			<line number="134"  hits="3406"  branch="true"  condition-coverage="100% (2/2)" />
			<line number="135"  hits="3405"  branch="false" />
		</lines>
		</class>
		<class name="PolicyPool.sol"  filename="contracts/PolicyPool.sol"  line-rate="1"  branch-rate="0.9682999999999999" >
		<methods>
			<method name="constructor"  hits="114"  signature="()V" >
				<lines><line number="234"  hits="114" /></lines>
			</method>
			<method name="initialize"  hits="118"  signature="()V" >
				<lines><line number="247"  hits="118" /></lines>
			</method>
			<method name="supportsInterface"  hits="4"  signature="()V" >
				<lines><line number="259"  hits="4" /></lines>
			</method>
			<method name="__PolicyPool_init_unchained"  hits="116"  signature="()V" >
				<lines><line number="264"  hits="116" /></lines>
			</method>
			<method name="_authorizeUpgrade"  hits="1"  signature="()V" >
				<lines><line number="269"  hits="1" /></lines>
			</method>
			<method name="pause"  hits="8"  signature="()V" >
				<lines><line number="275"  hits="8" /></lines>
			</method>
			<method name="unpause"  hits="6"  signature="()V" >
				<lines><line number="282"  hits="6" /></lines>
			</method>
			<method name="currency"  hits="11060"  signature="()V" >
				<lines><line number="286"  hits="11060" /></lines>
			</method>
			<method name="_setTreasury"  hits="118"  signature="()V" >
				<lines><line number="290"  hits="118" /></lines>
			</method>
			<method name="setTreasury"  hits="2"  signature="()V" >
				<lines><line number="302"  hits="2" /></lines>
			</method>
			<method name="treasury"  hits="1"  signature="()V" >
				<lines><line number="309"  hits="1" /></lines>
			</method>
			<method name="addComponent"  hits="1121"  signature="()V" >
				<lines><line number="324"  hits="1121" /></lines>
			</method>
			<method name="removeComponent"  hits="10"  signature="()V" >
				<lines><line number="360"  hits="10" /></lines>
			</method>
			<method name="changeComponentStatus"  hits="18"  signature="()V" >
				<lines><line number="394"  hits="18" /></lines>
			</method>
			<method name="getComponentStatus"  hits="15"  signature="()V" >
				<lines><line number="418"  hits="15" /></lines>
			</method>
			<method name="_componentStatus"  hits="6992"  signature="()V" >
				<lines><line number="422"  hits="6992" /></lines>
			</method>
			<method name="_requireCompActive"  hits="3644"  signature="()V" >
				<lines><line number="428"  hits="3644" /></lines>
			</method>
			<method name="_requireCompActiveOrDeprecated"  hits="3348"  signature="()V" >
				<lines><line number="432"  hits="3348" /></lines>
			</method>
			<method name="deposit"  hits="441"  signature="()V" >
				<lines><line number="438"  hits="441" /></lines>
			</method>
			<method name="withdraw"  hits="74"  signature="()V" >
				<lines><line number="445"  hits="74" /></lines>
			</method>
			<method name="newPolicy"  hits="1515"  signature="()V" >
				<lines><line number="455"  hits="1515" /></lines>
			</method>
			<method name="replacePolicy"  hits="93"  signature="()V" >
				<lines><line number="495"  hits="93" /></lines>
			</method>
			<method name="_transferIfNonZero"  hits="408"  signature="()V" >
				<lines><line number="550"  hits="408" /></lines>
			</method>
			<method name="_validatePolicy"  hits="1738"  signature="()V" >
				<lines><line number="557"  hits="1738" /></lines>
			</method>
			<method name="makePolicyId"  hits="1592"  signature="()V" >
				<lines><line number="561"  hits="1592" /></lines>
			</method>
			<method name="expirePolicy"  hits="154"  signature="()V" >
				<lines><line number="565"  hits="154" /></lines>
			</method>
			<method name="expirePolicies"  hits="28"  signature="()V" >
				<lines><line number="570"  hits="28" /></lines>
			</method>
			<method name="resolvePolicy"  hits="132"  signature="()V" >
				<lines><line number="577"  hits="132" /></lines>
			</method>
			<method name="resolvePolicyFullPayout"  hits="990"  signature="()V" >
				<lines><line number="584"  hits="990" /></lines>
			</method>
			<method name="isActive"  hits="3"  signature="()V" >
				<lines><line number="588"  hits="3" /></lines>
			</method>
			<method name="getPolicyHash"  hits="2"  signature="()V" >
				<lines><line number="592"  hits="2" /></lines>
			</method>
			<method name="_resolvePolicy"  hits="1645"  signature="()V" >
				<lines><line number="607"  hits="1645" /></lines>
			</method>
			<method name="_notifyPayout"  hits="209"  signature="()V" >
				<lines><line number="645"  hits="209" /></lines>
			</method>
			<method name="_notifyExpiration"  hits="1317"  signature="()V" >
				<lines><line number="656"  hits="1317" /></lines>
			</method>
			<method name="_notifyReplacement"  hits="71"  signature="()V" >
				<lines><line number="673"  hits="71" /></lines>
			</method>
			<method name="_baseURI"  hits="2"  signature="()V" >
				<lines><line number="687"  hits="2" /></lines>
			</method>
			<method name="setBaseURI"  hits="1"  signature="()V" >
				<lines><line number="697"  hits="1" /></lines>
			</method>
			<method name="_update"  hits="1604"  signature="()V" >
				<lines><line number="702"  hits="1604" /></lines>
			</method>
		</methods>
		<lines>
			<line number="235"  hits="114"  branch="true"  condition-coverage="100% (2/2)" />
			<line number="236"  hits="113"  branch="false" />
			<line number="237"  hits="113"  branch="false" />
			<line number="248"  hits="118"  branch="true"  condition-coverage="100% (2/2)" />
			<line number="249"  hits="117"  branch="true"  condition-coverage="100% (2/2)" />
			<line number="250"  hits="116"  branch="false" />
			<line number="251"  hits="116"  branch="false" />
			<line number="252"  hits="116"  branch="false" />
			<line number="253"  hits="116"  branch="false" />
			<line number="260"  hits="4"  branch="true"  condition-coverage="100% (2/2)" />
			<line number="265"  hits="116"  branch="false" />
			<line number="276"  hits="8"  branch="false" />
			<line number="283"  hits="6"  branch="false" />
			<line number="287"  hits="11060"  branch="false" />
			<line number="291"  hits="118"  branch="true"  condition-coverage="100% (2/2)" />
			<line number="292"  hits="117"  branch="false" />
			<line number="293"  hits="117"  branch="false" />
			<line number="303"  hits="2"  branch="false" />
			<line number="310"  hits="1"  branch="false" />
			<line number="325"  hits="1121"  branch="false" />
			<line number="326"  hits="1121"  branch="true"  condition-coverage="100% (2/2)" />
			<line number="327"  hits="1120"  branch="true"  condition-coverage="100% (2/2)" />
			<line number="329"  hits="1119"  branch="true"  condition-coverage="100% (2/2)" />
			<line number="335"  hits="1116"  branch="false" />
			<line number="336"  hits="1116"  branch="false" />
			<line number="337"  hits="1061"  branch="true"  condition-coverage="100% (2/2)" />
			<line number="338"  hits="326"  branch="false" />
			<line number="339"  hits="326"  branch="false" />
			<line number="340"  hits="326"  branch="true"  condition-coverage="100% (2/2)" />
			<line number="341"  hits="74"  branch="false" />
			<line number="343"  hits="326"  branch="false" />
			<line number="344"  hits="326"  branch="true"  condition-coverage="100% (2/2)" />
			<line number="345"  hits="313"  branch="false" />
			<line number="348"  hits="1033"  branch="false" />
			<line number="361"  hits="10"  branch="false" />
			<line number="362"  hits="10"  branch="true"  condition-coverage="100% (2/2)" />
			<line number="363"  hits="8"  branch="true"  condition-coverage="100% (2/2)" />
			<line number="364"  hits="2"  branch="true"  condition-coverage="100% (2/2)" />
			<line number="365"  hits="1"  branch="false" />
			<line number="367"  hits="2"  branch="true"  condition-coverage="100% (2/2)" />
			<line number="368"  hits="1"  branch="false" />
			<line number="370"  hits="4"  branch="false" />
			<line number="371"  hits="4"  branch="true"  condition-coverage="100% (2/2)" />
			<line number="372"  hits="3"  branch="false" />
			<line number="373"  hits="3"  branch="true"  condition-coverage="100% (2/2)" />
			<line number="374"  hits="1"  branch="false" />
			<line number="376"  hits="3"  branch="false" />
			<line number="377"  hits="3"  branch="true"  condition-coverage="100% (2/2)" />
			<line number="378"  hits="2"  branch="false" />
			<line number="381"  hits="5"  branch="false" />
			<line number="382"  hits="5"  branch="false" />
			<line number="395"  hits="18"  branch="false" />
			<line number="396"  hits="18"  branch="true"  condition-coverage="100% (2/2)" />
			<line number="408"  hits="17"  branch="false" />
			<line number="409"  hits="17"  branch="false" />
			<line number="419"  hits="15"  branch="false" />
			<line number="423"  hits="6992"  branch="false" />
			<line number="424"  hits="6992"  branch="true"  condition-coverage="100% (2/2)" />
			<line number="425"  hits="6989"  branch="false" />
			<line number="429"  hits="3644"  branch="true"  condition-coverage="100% (2/2)" />
			<line number="433"  hits="3348"  branch="false" />
			<line number="434"  hits="3348"  branch="true"  condition-coverage="100% (2/2)" />
			<line number="435"  hits="3"  branch="false" />
			<line number="439"  hits="441"  branch="false" />
			<line number="440"  hits="439"  branch="false" />
			<line number="441"  hits="439"  branch="false" />
			<line number="442"  hits="438"  branch="false" />
			<line number="446"  hits="74"  branch="false" />
			<line number="447"  hits="73"  branch="false" />
			<line number="457"  hits="1515"  branch="false" />
			<line number="458"  hits="1515"  branch="true"  condition-coverage="100% (2/2)" />
			<line number="459"  hits="1514"  branch="false" />
			<line number="460"  hits="1510"  branch="false" />
			<line number="461"  hits="1510"  branch="false" />
			<line number="464"  hits="1507"  branch="false" />
			<line number="465"  hits="1507"  branch="true"  condition-coverage="50% (1/2)" />
			<line number="466"  hits="1507"  branch="false" />
			<line number="467"  hits="1507"  branch="false" />
			<line number="470"  hits="1503"  branch="false" />
			<line number="473"  hits="1500"  branch="false" />
			<line number="474"  hits="1500"  branch="true"  condition-coverage="100% (2/2)" />
			<line number="475"  hits="1500"  branch="true"  condition-coverage="100% (2/2)" />
			<line number="476"  hits="1500"  branch="false" />
			<line number="477"  hits="1495"  branch="true"  condition-coverage="100% (2/2)" />
			<line number="478"  hits="1381"  branch="false" />
			<line number="485"  hits="1390"  branch="false" />
			<line number="486"  hits="1191"  branch="false" />
			<line number="497"  hits="93"  branch="false" />
			<line number="498"  hits="91"  branch="false" />
			<line number="499"  hits="91"  branch="true"  condition-coverage="100% (2/2)" />
			<line number="500"  hits="90"  branch="false" />
			<line number="501"  hits="89"  branch="false" />
			<line number="502"  hits="89"  branch="false" />
			<line number="503"  hits="88"  branch="true"  condition-coverage="100% (2/2)" />
			<line number="504"  hits="87"  branch="true"  condition-coverage="100% (2/2)" />
			<line number="505"  hits="86"  branch="true"  condition-coverage="100% (2/2)" />
			<line number="520"  hits="85"  branch="false" />
			<line number="521"  hits="85"  branch="true"  condition-coverage="100% (2/2)" />
			<line number="522"  hits="84"  branch="false" />
			<line number="523"  hits="84"  branch="false" />
			<line number="524"  hits="84"  branch="false" />
			<line number="525"  hits="84"  branch="false" />
			<line number="528"  hits="84"  branch="false" />
			<line number="531"  hits="82"  branch="false" />
			<line number="532"  hits="82"  branch="false" />
			<line number="533"  hits="82"  branch="false" />
			<line number="534"  hits="82"  branch="false" />
			<line number="535"  hits="82"  branch="false" />
			<line number="536"  hits="81"  branch="true"  condition-coverage="50% (1/2)" />
			<line number="537"  hits="80"  branch="false" />
			<line number="544"  hits="77"  branch="false" />
			<line number="545"  hits="72"  branch="false" />
			<line number="546"  hits="71"  branch="false" />
			<line number="547"  hits="60"  branch="false" />
			<line number="551"  hits="408"  branch="false" />
			<line number="552"  hits="408"  branch="true"  condition-coverage="100% (2/2)" />
			<line number="553"  hits="216"  branch="false" />
			<line number="558"  hits="1738"  branch="true"  condition-coverage="100% (2/2)" />
			<line number="562"  hits="1592"  branch="false" />
			<line number="566"  hits="154"  branch="true"  condition-coverage="100% (2/2)" />
			<line number="567"  hits="152"  branch="false" />
			<line number="571"  hits="28"  branch="false" />
			<line number="572"  hits="373"  branch="true"  condition-coverage="100% (2/2)" />
			<line number="573"  hits="371"  branch="false" />
			<line number="578"  hits="132"  branch="false" />
			<line number="585"  hits="990"  branch="false" />
			<line number="589"  hits="3"  branch="false" />
			<line number="593"  hits="2"  branch="false" />
			<line number="609"  hits="1645"  branch="false" />
			<line number="610"  hits="1640"  branch="false" />
			<line number="611"  hits="1640"  branch="true"  condition-coverage="100% (2/2)" />
			<line number="612"  hits="1639"  branch="true"  condition-coverage="100% (4/4)" />
			<line number="613"  hits="1638"  branch="false" />
			<line number="615"  hits="1637"  branch="true"  condition-coverage="100% (2/2)" />
			<line number="617"  hits="1636"  branch="false" />
			<line number="619"  hits="1636"  branch="false" />
			<line number="620"  hits="1636"  branch="false" />
			<line number="622"  hits="1635"  branch="false" />
			<line number="624"  hits="1635"  branch="true"  condition-coverage="100% (2/2)" />
			<line number="625"  hits="242"  branch="false" />
			<line number="626"  hits="242"  branch="false" />
			<line number="628"  hits="1393"  branch="false" />
			<line number="631"  hits="1603"  branch="false" />
			<line number="633"  hits="1538"  branch="false" />
			<line number="634"  hits="1526"  branch="true"  condition-coverage="100% (2/2)" />
			<line number="635"  hits="209"  branch="false" />
			<line number="637"  hits="1317"  branch="false" />
			<line number="646"  hits="209"  branch="false" />
			<line number="647"  hits="208"  branch="true"  condition-coverage="100% (2/2)" />
			<line number="649"  hits="4"  branch="false" />
			<line number="650"  hits="2"  branch="true"  condition-coverage="100% (2/2)" />
			<line number="657"  hits="1317"  branch="false" />
			<line number="658"  hits="1312"  branch="true"  condition-coverage="100% (2/2)" />
			<line number="660"  hits="6"  branch="false" />
			<line number="663"  hits="3"  branch="false" />
			<line number="665"  hits="3"  branch="false" />
			<line number="666"  hits="3"  branch="false" />
			<line number="674"  hits="71"  branch="false" />
			<line number="675"  hits="70"  branch="true"  condition-coverage="100% (2/2)" />
			<line number="677"  hits="5"  branch="false" />
			<line number="679"  hits="3"  branch="true"  condition-coverage="100% (2/2)" />
			<line number="688"  hits="2"  branch="false" />
			<line number="698"  hits="1"  branch="false" />
			<line number="699"  hits="1"  branch="false" />
			<line number="703"  hits="1604"  branch="false" />
		</lines>
		</class>
		<class name="PolicyPoolComponent.sol"  filename="contracts/PolicyPoolComponent.sol"  line-rate="1"  branch-rate="0.9" >
		<methods>
			<method name="onlyPolicyPool"  hits="6996"  signature="()V" >
				<lines><line number="36"  hits="6996" /></lines>
			</method>
			<method name="constructor"  hits="615"  signature="()V" >
				<lines><line number="42"  hits="615" /></lines>
			</method>
			<method name="__PolicyPoolComponent_init"  hits="585"  signature="()V" >
				<lines><line number="49"  hits="585" /></lines>
			</method>
			<method name="_authorizeUpgrade"  hits="19"  signature="()V" >
				<lines><line number="54"  hits="19" /></lines>
			</method>
			<method name="_upgradeValidations"  hits="19"  signature="()V" >
				<lines><line number="58"  hits="19" /></lines>
			</method>
			<method name="supportsInterface"  hits="1144"  signature="()V" >
				<lines><line number="65"  hits="1144" /></lines>
			</method>
			<method name="pause"  hits="21"  signature="()V" >
				<lines><line number="69"  hits="21" /></lines>
			</method>
			<method name="unpause"  hits="16"  signature="()V" >
				<lines><line number="73"  hits="16" /></lines>
			</method>
			<method name="policyPool"  hits="1281"  signature="()V" >
				<lines><line number="77"  hits="1281" /></lines>
			</method>
			<method name="currency"  hits="8424"  signature="()V" >
				<lines><line number="81"  hits="8424" /></lines>
			</method>
			<method name="_validateParameters"  hits="0"  signature="()V" >
				<lines><line number="86"  hits="0" /></lines>
			</method>
			<method name="_parameterChanged"  hits="790"  signature="()V" >
				<lines><line number="88"  hits="790" /></lines>
			</method>
			<method name="_componentChanged"  hits="27"  signature="()V" >
				<lines><line number="93"  hits="27" /></lines>
			</method>
		</methods>
		<lines>
			<line number="37"  hits="6996"  branch="true"  condition-coverage="100% (2/2)" />
			<line number="38"  hits="6988"  branch="false" />
			<line number="43"  hits="615"  branch="true"  condition-coverage="100% (2/2)" />
			<line number="44"  hits="610"  branch="false" />
			<line number="45"  hits="610"  branch="false" />
			<line number="50"  hits="585"  branch="false" />
			<line number="51"  hits="585"  branch="false" />
			<line number="55"  hits="19"  branch="false" />
			<line number="59"  hits="19"  branch="true"  condition-coverage="100% (2/2)" />
			<line number="66"  hits="1144"  branch="true"  condition-coverage="100% (2/2)" />
			<line number="70"  hits="21"  branch="false" />
			<line number="74"  hits="16"  branch="false" />
			<line number="78"  hits="1281"  branch="false" />
			<line number="82"  hits="8424"  branch="false" />
			<line number="89"  hits="790"  branch="false" />
			<line number="90"  hits="790"  branch="false" />
			<line number="94"  hits="27"  branch="false" />
			<line number="95"  hits="27"  branch="false" />
		</lines>
		</class>
		<class name="PremiumsAccount.sol"  filename="contracts/PremiumsAccount.sol"  line-rate="0.9444"  branch-rate="0.9237000000000001" >
		<methods>
			<method name="constructor"  hits="181"  signature="()V" >
				<lines><line number="103"  hits="181" /></lines>
			</method>
			<method name="initialize"  hits="170"  signature="()V" >
				<lines><line number="111"  hits="170" /></lines>
			</method>
			<method name="__PremiumsAccount_init"  hits="170"  signature="()V" >
				<lines><line number="119"  hits="170" /></lines>
			</method>
			<method name="__PremiumsAccount_init_unchained"  hits="170"  signature="()V" >
				<lines><line number="125"  hits="170" /></lines>
			</method>
			<method name="_upgradeValidations"  hits="10"  signature="()V" >
				<lines><line number="138"  hits="10" /></lines>
			</method>
			<method name="supportsInterface"  hits="332"  signature="()V" >
				<lines><line number="154"  hits="332" /></lines>
			</method>
			<method name="yieldVault"  hits="2"  signature="()V" >
				<lines><line number="158"  hits="2" /></lines>
			</method>
			<method name="_setYieldVault"  hits="0"  signature="()V" >
				<lines><line number="162"  hits="0" /></lines>
			</method>
			<method name="_yieldEarnings"  hits="0"  signature="()V" >
				<lines><line number="174"  hits="0" /></lines>
			</method>
			<method name="_validateParameters"  hits="471"  signature="()V" >
				<lines><line number="184"  hits="471" /></lines>
			</method>
			<method name="purePremiums"  hits="23"  signature="()V" >
				<lines><line number="191"  hits="23" /></lines>
			</method>
			<method name="activePurePremiums"  hits="38"  signature="()V" >
				<lines><line number="199"  hits="38" /></lines>
			</method>
			<method name="wonPurePremiums"  hits="36"  signature="()V" >
				<lines><line number="207"  hits="36" /></lines>
			</method>
			<method name="borrowedActivePP"  hits="21"  signature="()V" >
				<lines><line number="215"  hits="21" /></lines>
			</method>
			<method name="surplus"  hits="0"  signature="()V" >
				<lines><line number="224"  hits="0" /></lines>
			</method>
			<method name="fundsAvailable"  hits="936"  signature="()V" >
				<lines><line number="231"  hits="936" /></lines>
			</method>
			<method name="seniorEtk"  hits="1791"  signature="()V" >
				<lines><line number="236"  hits="1791" /></lines>
			</method>
			<method name="juniorEtk"  hits="569"  signature="()V" >
				<lines><line number="240"  hits="569" /></lines>
			</method>
			<method name="_maxDeficit"  hits="1411"  signature="()V" >
				<lines><line number="255"  hits="1411" /></lines>
			</method>
			<method name="_toAmount"  hits="266"  signature="()V" >
				<lines><line number="259"  hits="266" /></lines>
			</method>
			<method name="_toZeroDecimals"  hits="128"  signature="()V" >
				<lines><line number="264"  hits="128" /></lines>
			</method>
			<method name="deficitRatio"  hits="1324"  signature="()V" >
				<lines><line number="272"  hits="1324" /></lines>
			</method>
			<method name="jrLoanLimit"  hits="147"  signature="()V" >
				<lines><line number="279"  hits="147" /></lines>
			</method>
			<method name="srLoanLimit"  hits="245"  signature="()V" >
				<lines><line number="286"  hits="245" /></lines>
			</method>
			<method name="setDeficitRatio"  hits="92"  signature="()V" >
				<lines><line number="300"  hits="92" /></lines>
			</method>
			<method name="setLoanLimits"  hits="91"  signature="()V" >
				<lines><line number="331"  hits="91" /></lines>
			</method>
			<method name="_borrowFromEtk"  hits="292"  signature="()V" >
				<lines><line number="353"  hits="292" /></lines>
			</method>
			<method name="_payFromPremiums"  hits="384"  signature="()V" >
				<lines><line number="380"  hits="384" /></lines>
			</method>
			<method name="_storePurePremiumWon"  hits="1558"  signature="()V" >
				<lines><line number="397"  hits="1558" /></lines>
			</method>
			<method name="receiveGrant"  hits="116"  signature="()V" >
				<lines><line number="415"  hits="116" /></lines>
			</method>
			<method name="withdrawWonPremiums"  hits="52"  signature="()V" >
				<lines><line number="438"  hits="52" /></lines>
			</method>
			<method name="policyCreated"  hits="1788"  signature="()V" >
				<lines><line number="452"  hits="1788" /></lines>
			</method>
			<method name="policyReplaced"  hits="84"  signature="()V" >
				<lines><line number="461"  hits="84" /></lines>
			</method>
			<method name="policyResolvedWithPayout"  hits="384"  signature="()V" >
				<lines><line number="486"  hits="384" /></lines>
			</method>
			<method name="_unlockScr"  hits="1825"  signature="()V" >
				<lines><line number="503"  hits="1825" /></lines>
			</method>
			<method name="repayLoans"  hits="803"  signature="()V" >
				<lines><line number="525"  hits="803" /></lines>
			</method>
			<method name="_repayLoan"  hits="816"  signature="()V" >
				<lines><line number="539"  hits="816" /></lines>
			</method>
			<method name="policyExpired"  hits="1442"  signature="()V" >
				<lines><line number="557"  hits="1442" /></lines>
			</method>
		</methods>
		<lines>
			<line number="104"  hits="181"  branch="false" />
			<line number="105"  hits="181"  branch="false" />
			<line number="112"  hits="170"  branch="false" />
			<line number="120"  hits="170"  branch="false" />
			<line number="121"  hits="170"  branch="false" />
			<line number="129"  hits="170"  branch="false" />
			<line number="135"  hits="170"  branch="false" />
			<line number="139"  hits="10"  branch="false" />
			<line number="140"  hits="9"  branch="false" />
			<line number="141"  hits="9"  branch="true"  condition-coverage="100% (2/2)" />
			<line number="145"  hits="8"  branch="true"  condition-coverage="100% (2/2)" />
			<line number="155"  hits="332"  branch="true"  condition-coverage="100% (2/2)" />
			<line number="159"  hits="2"  branch="false" />
			<line number="163"  hits="0"  branch="false" />
			<line number="175"  hits="0"  branch="true"  condition-coverage="0% (0/2)" />
			<line number="176"  hits="0"  branch="false" />
			<line number="178"  hits="0"  branch="false" />
			<line number="179"  hits="0"  branch="true"  condition-coverage="0% (0/2)" />
			<line number="181"  hits="0"  branch="false" />
			<line number="185"  hits="471"  branch="true"  condition-coverage="100% (2/2)" />
			<line number="192"  hits="23"  branch="false" />
			<line number="200"  hits="38"  branch="false" />
			<line number="208"  hits="36"  branch="true"  condition-coverage="100% (2/2)" />
			<line number="216"  hits="21"  branch="true"  condition-coverage="100% (2/2)" />
			<line number="225"  hits="0"  branch="false" />
			<line number="233"  hits="936"  branch="false" />
			<line number="237"  hits="1791"  branch="false" />
			<line number="241"  hits="569"  branch="false" />
			<line number="256"  hits="1411"  branch="false" />
			<line number="261"  hits="266"  branch="false" />
			<line number="266"  hits="128"  branch="false" />
			<line number="273"  hits="1324"  branch="false" />
			<line number="280"  hits="147"  branch="true"  condition-coverage="100% (2/2)" />
			<line number="287"  hits="245"  branch="true"  condition-coverage="100% (2/2)" />
			<line number="301"  hits="92"  branch="false" />
			<line number="302"  hits="92"  branch="true"  condition-coverage="100% (2/2)" />
			<line number="304"  hits="91"  branch="false" />
			<line number="305"  hits="91"  branch="true"  condition-coverage="100% (4/4)" />
			<line number="306"  hits="90"  branch="false" />
			<line number="307"  hits="90"  branch="false" />
			<line number="309"  hits="87"  branch="false" />
			<line number="310"  hits="87"  branch="true"  condition-coverage="100% (2/2)" />
			<line number="312"  hits="13"  branch="false" />
			<line number="313"  hits="13"  branch="false" />
			<line number="314"  hits="13"  branch="false" />
			<line number="315"  hits="11"  branch="false" />
			<line number="317"  hits="85"  branch="false" />
			<line number="332"  hits="91"  branch="true"  condition-coverage="100% (2/2)" />
			<line number="333"  hits="64"  branch="false" />
			<line number="334"  hits="64"  branch="true"  condition-coverage="100% (2/2)" />
			<line number="335"  hits="63"  branch="false" />
			<line number="337"  hits="88"  branch="true"  condition-coverage="100% (2/2)" />
			<line number="338"  hits="64"  branch="false" />
			<line number="339"  hits="64"  branch="true"  condition-coverage="100% (2/2)" />
			<line number="340"  hits="63"  branch="false" />
			<line number="354"  hits="292"  branch="false" />
			<line number="355"  hits="292"  branch="true"  condition-coverage="100% (2/2)" />
			<line number="356"  hits="97"  branch="true"  condition-coverage="100% (2/2)" />
			<line number="357"  hits="68"  branch="false" />
			<line number="360"  hits="14"  branch="false" />
			<line number="361"  hits="14"  branch="false" />
			<line number="364"  hits="289"  branch="true"  condition-coverage="100% (2/2)" />
			<line number="366"  hits="238"  branch="true"  condition-coverage="100% (2/2)" />
			<line number="367"  hits="237"  branch="false" />
			<line number="369"  hits="224"  branch="true"  condition-coverage="100% (2/2)" />
			<line number="381"  hits="384"  branch="false" />
			<line number="382"  hits="384"  branch="false" />
			<line number="383"  hits="384"  branch="true"  condition-coverage="100% (2/2)" />
			<line number="384"  hits="105"  branch="false" />
			<line number="385"  hits="105"  branch="false" />
			<line number="387"  hits="279"  branch="false" />
			<line number="388"  hits="279"  branch="false" />
			<line number="398"  hits="1558"  branch="false" />
			<line number="416"  hits="116"  branch="false" />
			<line number="417"  hits="116"  branch="false" />
			<line number="418"  hits="111"  branch="false" />
			<line number="439"  hits="52"  branch="true"  condition-coverage="100% (2/2)" />
			<line number="440"  hits="51"  branch="true"  condition-coverage="100% (2/2)" />
			<line number="441"  hits="1"  branch="false" />
			<line number="443"  hits="50"  branch="false" />
			<line number="445"  hits="51"  branch="true"  condition-coverage="100% (2/2)" />
			<line number="446"  hits="50"  branch="false" />
			<line number="447"  hits="50"  branch="false" />
			<line number="448"  hits="46"  branch="false" />
			<line number="449"  hits="41"  branch="false" />
			<line number="453"  hits="1788"  branch="false" />
			<line number="454"  hits="1782"  branch="true"  condition-coverage="100% (2/2)" />
			<line number="455"  hits="1780"  branch="true"  condition-coverage="100% (2/2)" />
			<line number="462"  hits="84"  branch="true"  condition-coverage="100% (2/2)" />
			<line number="463"  hits="71"  branch="false" />
			<line number="464"  hits="71"  branch="true"  condition-coverage="50% (1/2)" />
			<line number="466"  hits="84"  branch="true"  condition-coverage="100% (2/2)" />
			<line number="467"  hits="64"  branch="false" />
			<line number="468"  hits="64"  branch="true"  condition-coverage="50% (1/2)" />
			<line number="475"  hits="84"  branch="false" />
			<line number="476"  hits="84"  branch="true"  condition-coverage="100% (2/2)" />
			<line number="477"  hits="84"  branch="true"  condition-coverage="100% (2/2)" />
			<line number="478"  hits="84"  branch="true"  condition-coverage="100% (2/2)" />
			<line number="479"  hits="84"  branch="true"  condition-coverage="100% (2/2)" />
			<line number="487"  hits="384"  branch="false" />
			<line number="488"  hits="384"  branch="false" />
			<line number="489"  hits="384"  branch="true"  condition-coverage="100% (2/2)" />
			<line number="490"  hits="279"  branch="false" />
			<line number="491"  hits="279"  branch="false" />
			<line number="493"  hits="105"  branch="false" />
			<line number="495"  hits="368"  branch="false" />
			<line number="504"  hits="1825"  branch="true"  condition-coverage="100% (2/2)" />
			<line number="505"  hits="110"  branch="false" />
			<line number="511"  hits="1825"  branch="true"  condition-coverage="100% (2/2)" />
			<line number="512"  hits="1399"  branch="false" />
			<line number="526"  hits="803"  branch="false" />
			<line number="527"  hits="803"  branch="true"  condition-coverage="100% (2/2)" />
			<line number="528"  hits="663"  branch="true"  condition-coverage="100% (2/2)" />
			<line number="529"  hits="628"  branch="false" />
			<line number="540"  hits="816"  branch="false" />
			<line number="541"  hits="816"  branch="true"  condition-coverage="100% (2/2)" />
			<line number="542"  hits="467"  branch="false" />
			<line number="543"  hits="467"  branch="false" />
			<line number="546"  hits="467"  branch="false" />
			<line number="548"  hits="467"  branch="true"  condition-coverage="100% (2/2)" />
			<line number="551"  hits="143"  branch="false" />
			<line number="553"  hits="467"  branch="false" />
			<line number="554"  hits="320"  branch="false" />
			<line number="558"  hits="1442"  branch="false" />
			<line number="559"  hits="1442"  branch="false" />
			<line number="560"  hits="1442"  branch="false" />
		</lines>
		</class>
		<class name="Reserve.sol"  filename="contracts/Reserve.sol"  line-rate="1"  branch-rate="0.9523999999999999" >
		<methods>
			<method name="constructor"  hits="420"  signature="()V" >
				<lines><line number="51"  hits="420" /></lines>
			</method>
			<method name="__Reserve_init"  hits="416"  signature="()V" >
				<lines><line number="57"  hits="416" /></lines>
			</method>
			<method name="_transferTo"  hits="1454"  signature="()V" >
				<lines><line number="69"  hits="1454" /></lines>
			</method>
			<method name="investedInYV"  hits="16"  signature="()V" >
				<lines><line number="101"  hits="16" /></lines>
			</method>
			<method name="_yieldEarnings"  hits="19"  signature="()V" >
				<lines><line number="112"  hits="19" /></lines>
			</method>
			<method name="setYieldVault"  hits="16"  signature="()V" >
				<lines><line number="130"  hits="16" /></lines>
			</method>
			<method name="_deinvest"  hits="11"  signature="()V" >
				<lines><line number="161"  hits="11" /></lines>
			</method>
			<method name="_safeDeInvestAll"  hits="2"  signature="()V" >
				<lines><line number="178"  hits="2" /></lines>
			</method>
			<method name="_balance"  hits="1441"  signature="()V" >
				<lines><line number="197"  hits="1441" /></lines>
			</method>
			<method name="withdrawFromYieldVault"  hits="4"  signature="()V" >
				<lines><line number="209"  hits="4" /></lines>
			</method>
			<method name="depositIntoYieldVault"  hits="12"  signature="()V" >
				<lines><line number="224"  hits="12" /></lines>
			</method>
			<method name="recordEarnings"  hits="6"  signature="()V" >
				<lines><line number="243"  hits="6" /></lines>
			</method>
		</methods>
		<lines>
			<line number="58"  hits="416"  branch="false" />
			<line number="70"  hits="1454"  branch="true"  condition-coverage="100% (2/2)" />
			<line number="71"  hits="1453"  branch="true"  condition-coverage="100% (2/2)" />
			<line number="72"  hits="1430"  branch="false" />
			<line number="73"  hits="1423"  branch="true"  condition-coverage="100% (2/2)" />
			<line number="74"  hits="12"  branch="false" />
			<line number="75"  hits="12"  branch="true"  condition-coverage="100% (2/2)" />
			<line number="76"  hits="8"  branch="false" />
			<line number="80"  hits="1421"  branch="true"  condition-coverage="100% (2/2)" />
			<line number="102"  hits="16"  branch="false" />
			<line number="113"  hits="19"  branch="false" />
			<line number="131"  hits="16"  branch="false" />
			<line number="132"  hits="16"  branch="false" />
			<line number="133"  hits="16"  branch="true"  condition-coverage="100% (4/4)" />
			<line number="134"  hits="14"  branch="false" />
			<line number="135"  hits="14"  branch="false" />
			<line number="137"  hits="14"  branch="true"  condition-coverage="100% (2/2)" />
			<line number="138"  hits="8"  branch="false" />
			<line number="139"  hits="8"  branch="true"  condition-coverage="100% (2/2)" />
			<line number="140"  hits="7"  branch="true"  condition-coverage="100% (2/2)" />
			<line number="142"  hits="2"  branch="false" />
			<line number="145"  hits="5"  branch="false" />
			<line number="148"  hits="6"  branch="false" />
			<line number="150"  hits="12"  branch="false" />
			<line number="153"  hits="12"  branch="false" />
			<line number="154"  hits="12"  branch="false" />
			<line number="155"  hits="12"  branch="true"  condition-coverage="100% (2/2)" />
			<line number="156"  hits="5"  branch="false" />
			<line number="158"  hits="12"  branch="false" />
			<line number="162"  hits="11"  branch="false" />
			<line number="163"  hits="9"  branch="true"  condition-coverage="100% (2/2)" />
			<line number="165"  hits="2"  branch="false" />
			<line number="166"  hits="2"  branch="false" />
			<line number="168"  hits="7"  branch="false" />
			<line number="182"  hits="2"  branch="false" />
			<line number="183"  hits="2"  branch="true"  condition-coverage="100% (2/2)" />
			<line number="184"  hits="1"  branch="false" />
			<line number="185"  hits="1"  branch="false" />
			<line number="189"  hits="2"  branch="false" />
			<line number="190"  hits="1"  branch="false" />
			<line number="192"  hits="1"  branch="false" />
			<line number="193"  hits="1"  branch="false" />
			<line number="198"  hits="1441"  branch="false" />
			<line number="210"  hits="4"  branch="false" />
			<line number="211"  hits="4"  branch="true"  condition-coverage="100% (2/2)" />
			<line number="212"  hits="3"  branch="true"  condition-coverage="100% (2/2)" />
			<line number="213"  hits="3"  branch="false" />
			<line number="214"  hits="3"  branch="false" />
			<line number="225"  hits="12"  branch="false" />
			<line number="226"  hits="12"  branch="true"  condition-coverage="100% (2/2)" />
			<line number="227"  hits="11"  branch="false" />
			<line number="228"  hits="11"  branch="true"  condition-coverage="100% (2/2)" />
			<line number="229"  hits="7"  branch="false" />
			<line number="231"  hits="4"  branch="true"  condition-coverage="100% (2/2)" />
			<line number="233"  hits="10"  branch="false" />
			<line number="234"  hits="10"  branch="false" />
			<line number="244"  hits="6"  branch="false" />
			<line number="245"  hits="6"  branch="true"  condition-coverage="100% (2/2)" />
			<line number="246"  hits="5"  branch="false" />
			<line number="247"  hits="5"  branch="false" />
			<line number="248"  hits="5"  branch="false" />
			<line number="249"  hits="5"  branch="false" />
		</lines>
		</class>
		<class name="RiskModule.sol"  filename="contracts/RiskModule.sol"  line-rate="0.9892"  branch-rate="0.8571" >
		<methods>
			<method name="constructor"  hits="163"  signature="()V" >
				<lines><line number="65"  hits="163" /></lines>
			</method>
			<method name="__RiskModule_init"  hits="154"  signature="()V" >
				<lines><line number="91"  hits="154" /></lines>
			</method>
			<method name="__RiskModule_init_unchained"  hits="154"  signature="()V" >
				<lines><line number="105"  hits="154" /></lines>
			</method>
			<method name="_upgradeValidations"  hits="4"  signature="()V" >
				<lines><line number="124"  hits="4" /></lines>
			</method>
			<method name="supportsInterface"  hits="364"  signature="()V" >
				<lines><line number="135"  hits="364" /></lines>
			</method>
			<method name="_validateParameters"  hits="673"  signature="()V" >
				<lines><line number="140"  hits="673" /></lines>
			</method>
			<method name="_validatePackedParams"  hits="699"  signature="()V" >
				<lines><line number="151"  hits="699" /></lines>
			</method>
			<method name="name"  hits="27"  signature="()V" >
				<lines><line number="163"  hits="27" /></lines>
			</method>
			<method name="_4toWad"  hits="12145"  signature="()V" >
				<lines><line number="168"  hits="12145" /></lines>
			</method>
			<method name="_wadTo4"  hits="1115"  signature="()V" >
				<lines><line number="173"  hits="1115" /></lines>
			</method>
			<method name="_XtoAmount"  hits="4030"  signature="()V" >
				<lines><line number="179"  hits="4030" /></lines>
			</method>
			<method name="_amountToX"  hits="337"  signature="()V" >
				<lines><line number="184"  hits="337" /></lines>
			</method>
			<method name="maxPayoutPerPolicy"  hits="1680"  signature="()V" >
				<lines><line number="189"  hits="1680" /></lines>
			</method>
			<method name="exposureLimit"  hits="2350"  signature="()V" >
				<lines><line number="193"  hits="2350" /></lines>
			</method>
			<method name="maxDuration"  hits="2"  signature="()V" >
				<lines><line number="197"  hits="2" /></lines>
			</method>
			<method name="activeExposure"  hits="20"  signature="()V" >
				<lines><line number="201"  hits="20" /></lines>
			</method>
			<method name="wallet"  hits="2847"  signature="()V" >
				<lines><line number="205"  hits="2847" /></lines>
			</method>
			<method name="setParam"  hits="518"  signature="()V" >
				<lines><line number="209"  hits="518" /></lines>
			</method>
			<method name="params"  hits="1705"  signature="()V" >
				<lines><line number="240"  hits="1705" /></lines>
			</method>
			<method name="_unpackParams"  hits="1735"  signature="()V" >
				<lines><line number="244"  hits="1735" /></lines>
			</method>
			<method name="_makeInternalId"  hits="41"  signature="()V" >
				<lines><line number="257"  hits="41" /></lines>
			</method>
			<method name="setWallet"  hits="13"  signature="()V" >
				<lines><line number="261"  hits="13" /></lines>
			</method>
			<method name="getMinimumPremium"  hits="7"  signature="()V" >
				<lines><line number="269"  hits="7" /></lines>
			</method>
			<method name="_getMinimumPremium"  hits="164"  signature="()V" >
				<lines><line number="277"  hits="164" /></lines>
			</method>
			<method name="_newPolicy"  hits="1565"  signature="()V" >
				<lines><line number="299"  hits="1565" /></lines>
			</method>
			<method name="_newPolicyWithParams"  hits="1591"  signature="()V" >
				<lines><line number="314"  hits="1591" /></lines>
			</method>
			<method name="_replacePolicy"  hits="98"  signature="()V" >
				<lines><line number="360"  hits="98" /></lines>
			</method>
			<method name="releaseExposure"  hits="1603"  signature="()V" >
				<lines><line number="398"  hits="1603" /></lines>
			</method>
			<method name="premiumsAccount"  hits="3252"  signature="()V" >
				<lines><line number="405"  hits="3252" /></lines>
			</method>
		</methods>
		<lines>
			<line number="66"  hits="163"  branch="true"  condition-coverage="100% (2/2)" />
			<line number="67"  hits="2"  branch="false" />
			<line number="69"  hits="159"  branch="false" />
			<line number="92"  hits="154"  branch="false" />
			<line number="93"  hits="154"  branch="false" />
			<line number="106"  hits="154"  branch="false" />
			<line number="107"  hits="154"  branch="false" />
			<line number="119"  hits="154"  branch="false" />
			<line number="120"  hits="154"  branch="false" />
			<line number="121"  hits="154"  branch="false" />
			<line number="125"  hits="4"  branch="false" />
			<line number="126"  hits="3"  branch="false" />
			<line number="127"  hits="3"  branch="true"  condition-coverage="100% (2/2)" />
			<line number="128"  hits="1"  branch="false" />
			<line number="136"  hits="364"  branch="true"  condition-coverage="100% (2/2)" />
			<line number="142"  hits="673"  branch="true"  condition-coverage="50% (1/2)" />
			<line number="143"  hits="0"  branch="false" />
			<line number="145"  hits="673"  branch="true"  condition-coverage="100% (2/2)" />
			<line number="146"  hits="1"  branch="false" />
			<line number="148"  hits="672"  branch="false" />
			<line number="152"  hits="699"  branch="true"  condition-coverage="50% (1/2)" />
			<line number="153"  hits="699"  branch="true"  condition-coverage="50% (1/2)" />
			<line number="154"  hits="699"  branch="true"  condition-coverage="50% (1/2)" />
			<line number="155"  hits="699"  branch="true"  condition-coverage="100% (2/2)" />
			<line number="156"  hits="697"  branch="true"  condition-coverage="50% (1/2)" />
			<line number="157"  hits="697"  branch="true"  condition-coverage="50% (1/2)" />
			<line number="158"  hits="697"  branch="true"  condition-coverage="50% (1/2)" />
			<line number="159"  hits="697"  branch="true"  condition-coverage="50% (1/2)" />
			<line number="160"  hits="697"  branch="true"  condition-coverage="100% (2/2)" />
			<line number="164"  hits="27"  branch="false" />
			<line number="170"  hits="12145"  branch="false" />
			<line number="175"  hits="1115"  branch="false" />
			<line number="181"  hits="4030"  branch="false" />
			<line number="186"  hits="337"  branch="false" />
			<line number="190"  hits="1680"  branch="false" />
			<line number="194"  hits="2350"  branch="false" />
			<line number="198"  hits="2"  branch="false" />
			<line number="202"  hits="20"  branch="false" />
			<line number="206"  hits="2847"  branch="false" />
			<line number="210"  hits="518"  branch="true"  condition-coverage="100% (2/2)" />
			<line number="211"  hits="133"  branch="false" />
			<line number="213"  hits="80"  branch="false" />
			<line number="215"  hits="13"  branch="false" />
			<line number="217"  hits="13"  branch="false" />
			<line number="219"  hits="109"  branch="false" />
			<line number="221"  hits="79"  branch="false" />
			<line number="223"  hits="37"  branch="false" />
			<line number="225"  hits="14"  branch="false" />
			<line number="227"  hits="15"  branch="true"  condition-coverage="50% (1/2)" />
			<line number="230"  hits="15"  branch="false" />
			<line number="232"  hits="25"  branch="false" />
			<line number="234"  hits="507"  branch="false" />
			<line number="241"  hits="1705"  branch="false" />
			<line number="245"  hits="1735"  branch="false" />
			<line number="258"  hits="41"  branch="false" />
			<line number="262"  hits="13"  branch="true"  condition-coverage="100% (2/2)" />
			<line number="263"  hits="1"  branch="false" />
			<line number="265"  hits="12"  branch="false" />
			<line number="266"  hits="12"  branch="false" />
			<line number="274"  hits="7"  branch="false" />
			<line number="284"  hits="164"  branch="false" />
			<line number="308"  hits="1565"  branch="false" />
			<line number="324"  hits="1591"  branch="false" />
			<line number="325"  hits="1591"  branch="true"  condition-coverage="100% (2/2)" />
			<line number="326"  hits="136"  branch="false" />
			<line number="328"  hits="1591"  branch="true"  condition-coverage="100% (2/2)" />
			<line number="329"  hits="1590"  branch="true"  condition-coverage="100% (2/2)" />
			<line number="330"  hits="1589"  branch="true"  condition-coverage="100% (2/2)" />
			<line number="331"  hits="1588"  branch="true"  condition-coverage="100% (2/2)" />
			<line number="332"  hits="1587"  branch="true"  condition-coverage="100% (2/2)" />
			<line number="336"  hits="1586"  branch="true"  condition-coverage="100% (2/2)" />
			<line number="340"  hits="1585"  branch="true"  condition-coverage="100% (2/2)" />
			<line number="341"  hits="1584"  branch="false" />
			<line number="342"  hits="1582"  branch="false" />
			<line number="343"  hits="1582"  branch="true"  condition-coverage="100% (2/2)" />
			<line number="344"  hits="1581"  branch="false" />
			<line number="345"  hits="1227"  branch="false" />
			<line number="370"  hits="98"  branch="true"  condition-coverage="100% (2/2)" />
			<line number="371"  hits="8"  branch="false" />
			<line number="373"  hits="98"  branch="true"  condition-coverage="100% (2/2)" />
			<line number="374"  hits="97"  branch="true"  condition-coverage="100% (2/2)" />
			<line number="375"  hits="96"  branch="true"  condition-coverage="100% (2/2)" />
			<line number="379"  hits="92"  branch="true"  condition-coverage="100% (2/2)" />
			<line number="380"  hits="91"  branch="true"  condition-coverage="100% (2/2)" />
			<line number="384"  hits="90"  branch="true"  condition-coverage="50% (1/2)" />
			<line number="388"  hits="90"  branch="true"  condition-coverage="100% (2/2)" />
			<line number="389"  hits="89"  branch="false" />
			<line number="391"  hits="89"  branch="false" />
			<line number="392"  hits="89"  branch="true"  condition-coverage="100% (2/2)" />
			<line number="394"  hits="88"  branch="false" />
			<line number="395"  hits="59"  branch="false" />
			<line number="402"  hits="1603"  branch="false" />
			<line number="406"  hits="3252"  branch="false" />
		</lines>
		</class>
		<class name="SignedBucketRiskModule.sol"  filename="contracts/SignedBucketRiskModule.sol"  line-rate="1"  branch-rate="1" >
		<methods>
			<method name="constructor"  hits="12"  signature="()V" >
				<lines><line number="53"  hits="12" /></lines>
			</method>
			<method name="initialize"  hits="12"  signature="()V" >
				<lines><line number="73"  hits="12" /></lines>
			</method>
			<method name="_checkSignature"  hits="33"  signature="()V" >
				<lines><line number="77"  hits="33" /></lines>
			</method>
			<method name="_newPolicySigned"  hits="21"  signature="()V" >
				<lines><line number="105"  hits="21" /></lines>
			</method>
			<method name="newPolicy"  hits="25"  signature="()V" >
				<lines><line number="163"  hits="25" /></lines>
			</method>
			<method name="replacePolicy"  hits="8"  signature="()V" >
				<lines><line number="212"  hits="8" /></lines>
			</method>
			<method name="resolvePolicy"  hits="4"  signature="()V" >
				<lines><line number="237"  hits="4" /></lines>
			</method>
			<method name="setBucketParams"  hits="29"  signature="()V" >
				<lines><line number="249"  hits="29" /></lines>
			</method>
			<method name="deleteBucket"  hits="10"  signature="()V" >
				<lines><line number="274"  hits="10" /></lines>
			</method>
			<method name="bucketParams"  hits="38"  signature="()V" >
				<lines><line number="286"  hits="38" /></lines>
			</method>
			<method name="getMinimumPremiumForBucket"  hits="8"  signature="()V" >
				<lines><line number="304"  hits="8" /></lines>
			</method>
		</methods>
		<lines>
			<line number="74"  hits="12"  branch="false" />
			<line number="88"  hits="33"  branch="true"  condition-coverage="100% (2/2)" />
			<line number="99"  hits="32"  branch="false" />
			<line number="102"  hits="32"  branch="false" />
			<line number="115"  hits="21"  branch="false" />
			<line number="125"  hits="19"  branch="false" />
			<line number="126"  hits="19"  branch="false" />
			<line number="164"  hits="25"  branch="false" />
			<line number="175"  hits="21"  branch="false" />
			<line number="213"  hits="8"  branch="false" />
			<line number="224"  hits="5"  branch="false" />
			<line number="238"  hits="4"  branch="false" />
			<line number="250"  hits="29"  branch="true"  condition-coverage="100% (2/2)" />
			<line number="251"  hits="27"  branch="false" />
			<line number="263"  hits="27"  branch="false" />
			<line number="264"  hits="25"  branch="false" />
			<line number="275"  hits="10"  branch="true"  condition-coverage="100% (2/2)" />
			<line number="276"  hits="8"  branch="true"  condition-coverage="100% (2/2)" />
			<line number="277"  hits="6"  branch="false" />
			<line number="278"  hits="6"  branch="false" />
			<line number="287"  hits="38"  branch="true"  condition-coverage="100% (2/2)" />
			<line number="288"  hits="20"  branch="false" />
			<line number="289"  hits="20"  branch="true"  condition-coverage="100% (2/2)" />
			<line number="290"  hits="16"  branch="false" />
			<line number="292"  hits="18"  branch="false" />
			<line number="310"  hits="8"  branch="false" />
		</lines>
		</class>
		<class name="SignedQuoteRiskModule.sol"  filename="contracts/SignedQuoteRiskModule.sol"  line-rate="1"  branch-rate="1" >
		<methods>
			<method name="constructor"  hits="5"  signature="()V" >
				<lines><line number="40"  hits="5" /></lines>
			</method>
			<method name="initialize"  hits="3"  signature="()V" >
				<lines><line number="62"  hits="3" /></lines>
			</method>
			<method name="_newPolicySigned"  hits="10"  signature="()V" >
				<lines><line number="66"  hits="10" /></lines>
			</method>
			<method name="newPolicyFull"  hits="1"  signature="()V" >
				<lines><line number="130"  hits="1" /></lines>
			</method>
			<method name="newPolicy"  hits="7"  signature="()V" >
				<lines><line number="178"  hits="7" /></lines>
			</method>
			<method name="newPolicyPaidByHolder"  hits="3"  signature="()V" >
				<lines><line number="226"  hits="3" /></lines>
			</method>
			<method name="resolvePolicy"  hits="2"  signature="()V" >
				<lines><line number="256"  hits="2" /></lines>
			</method>
			<method name="resolvePolicyFullPayout"  hits="3"  signature="()V" >
				<lines><line number="260"  hits="3" /></lines>
			</method>
		</methods>
		<lines>
			<line number="41"  hits="5"  branch="false" />
			<line number="63"  hits="3"  branch="false" />
			<line number="78"  hits="10"  branch="true"  condition-coverage="100% (2/2)" />
			<line number="89"  hits="9"  branch="false" />
			<line number="92"  hits="9"  branch="false" />
			<line number="93"  hits="6"  branch="false" />
			<line number="94"  hits="6"  branch="false" />
			<line number="95"  hits="6"  branch="false" />
			<line number="131"  hits="1"  branch="false" />
			<line number="179"  hits="7"  branch="false" />
			<line number="227"  hits="3"  branch="true"  condition-coverage="100% (2/2)" />
			<line number="241"  hits="2"  branch="false" />
			<line number="257"  hits="2"  branch="false" />
			<line number="261"  hits="3"  branch="false" />
		</lines>
		</class>
		<class name="TimeScaled.sol"  filename="contracts/TimeScaled.sol"  line-rate="0.9394"  branch-rate="0.8332999999999999" >
		<methods>
			<method name="updateScale"  hits="8302"  signature="()V" >
				<lines><line number="28"  hits="8302" /></lines>
			</method>
			<method name="getScale"  hits="17681"  signature="()V" >
				<lines><line number="38"  hits="17681" /></lines>
			</method>
			<method name="getScaledAmount"  hits="13212"  signature="()V" >
				<lines><line number="50"  hits="13212" /></lines>
			</method>
			<method name="init"  hits="906"  signature="()V" >
				<lines><line number="54"  hits="906" /></lines>
			</method>
			<method name="scaleAmount"  hits="1866"  signature="()V" >
				<lines><line number="60"  hits="1866" /></lines>
			</method>
			<method name="scaleAmountNow"  hits="119"  signature="()V" >
				<lines><line number="64"  hits="119" /></lines>
			</method>
			<method name="add"  hits="1142"  signature="()V" >
				<lines><line number="72"  hits="1142" /></lines>
			</method>
			<method name="sub"  hits="724"  signature="()V" >
				<lines><line number="79"  hits="724" /></lines>
			</method>
			<method name="discreteChange"  hits="2625"  signature="()V" >
				<lines><line number="90"  hits="2625" /></lines>
			</method>
			<method name="minValue"  hits="357"  signature="()V" >
				<lines><line number="101"  hits="357" /></lines>
			</method>
		</methods>
		<lines>
			<line number="29"  hits="8302"  branch="true"  condition-coverage="100% (2/2)" />
			<line number="30"  hits="4281"  branch="true"  condition-coverage="100% (2/2)" />
			<line number="31"  hits="980"  branch="false" />
			<line number="33"  hits="3301"  branch="false" />
			<line number="34"  hits="3301"  branch="false" />
			<line number="39"  hits="17681"  branch="false" />
			<line number="40"  hits="17681"  branch="true"  condition-coverage="100% (2/2)" />
			<line number="41"  hits="6786"  branch="false" />
			<line number="46"  hits="10875"  branch="false" />
			<line number="51"  hits="13212"  branch="false" />
			<line number="55"  hits="906"  branch="false" />
			<line number="56"  hits="906"  branch="false" />
			<line number="57"  hits="860"  branch="false" />
			<line number="61"  hits="1866"  branch="false" />
			<line number="69"  hits="119"  branch="false" />
			<line number="73"  hits="1142"  branch="false" />
			<line number="74"  hits="1142"  branch="false" />
			<line number="75"  hits="1142"  branch="false" />
			<line number="76"  hits="1142"  branch="false" />
			<line number="80"  hits="724"  branch="false" />
			<line number="81"  hits="724"  branch="false" />
			<line number="82"  hits="724"  branch="false" />
			<line number="83"  hits="724"  branch="true"  condition-coverage="100% (2/2)" />
			<line number="85"  hits="119"  branch="false" />
			<line number="87"  hits="724"  branch="false" />
			<line number="91"  hits="2625"  branch="true"  condition-coverage="50% (1/2)" />
			<line number="92"  hits="0"  branch="false" />
			<line number="93"  hits="0"  branch="false" />
			<line number="95"  hits="2622"  branch="false" />
			<line number="96"  hits="2622"  branch="false" />
			<line number="97"  hits="2622"  branch="false" />
			<line number="98"  hits="2613"  branch="true"  condition-coverage="50% (1/2)" />
			<line number="102"  hits="357"  branch="false" />
		</lines>
		</class>
		<class name="TrustfulRiskModule.sol"  filename="contracts/TrustfulRiskModule.sol"  line-rate="1"  branch-rate="0.7857" >
		<methods>
			<method name="constructor"  hits="137"  signature="()V" >
				<lines><line number="21"  hits="137" /></lines>
			</method>
			<method name="initialize"  hits="131"  signature="()V" >
				<lines><line number="41"  hits="131" /></lines>
			</method>
			<method name="newPolicy"  hits="1428"  signature="()V" >
				<lines><line number="69"  hits="1428" /></lines>
			</method>
			<method name="newPolicyFull"  hits="1"  signature="()V" >
				<lines><line number="97"  hits="1" /></lines>
			</method>
			<method name="replacePolicy"  hits="72"  signature="()V" >
				<lines><line number="124"  hits="72" /></lines>
			</method>
			<method name="_getPayer"  hits="1501"  signature="()V" >
				<lines><line number="139"  hits="1501" /></lines>
			</method>
			<method name="resolvePolicy"  hits="116"  signature="()V" >
				<lines><line number="170"  hits="116" /></lines>
			</method>
			<method name="resolvePolicyFullPayout"  hits="1001"  signature="()V" >
				<lines><line number="187"  hits="1001" /></lines>
			</method>
		</methods>
		<lines>
			<line number="42"  hits="131"  branch="false" />
			<line number="70"  hits="1428"  branch="false" />
			<line number="98"  hits="1"  branch="false" />
			<line number="125"  hits="72"  branch="false" />
			<line number="126"  hits="72"  branch="false" />
			<line number="140"  hits="1501"  branch="false" />
			<line number="141"  hits="1501"  branch="true"  condition-coverage="100% (2/2)" />
			<line number="153"  hits="131"  branch="false" />
			<line number="154"  hits="1501"  branch="false" />
			<line number="171"  hits="116"  branch="false" />
			<line number="188"  hits="1001"  branch="false" />
		</lines>
		</class>
	</classes>
	</package>
	<package name="contracts.interfaces"  line-rate="1"  branch-rate="1" >
	<classes>
		<class name="IEToken.sol"  filename="contracts/interfaces/IEToken.sol"  line-rate="1"  branch-rate="1" >
		<methods>
		</methods>
		<lines>
		</lines>
		</class>
		<class name="ILPWhitelist.sol"  filename="contracts/interfaces/ILPWhitelist.sol"  line-rate="1"  branch-rate="1" >
		<methods>
		</methods>
		<lines>
		</lines>
		</class>
		<class name="IPolicyHolder.sol"  filename="contracts/interfaces/IPolicyHolder.sol"  line-rate="1"  branch-rate="1" >
		<methods>
		</methods>
		<lines>
		</lines>
		</class>
		<class name="IPolicyHolderV2.sol"  filename="contracts/interfaces/IPolicyHolderV2.sol"  line-rate="1"  branch-rate="1" >
		<methods>
		</methods>
		<lines>
		</lines>
		</class>
		<class name="IPolicyPool.sol"  filename="contracts/interfaces/IPolicyPool.sol"  line-rate="1"  branch-rate="1" >
		<methods>
		</methods>
		<lines>
		</lines>
		</class>
		<class name="IPolicyPoolComponent.sol"  filename="contracts/interfaces/IPolicyPoolComponent.sol"  line-rate="1"  branch-rate="1" >
		<methods>
		</methods>
		<lines>
		</lines>
		</class>
		<class name="IPremiumsAccount.sol"  filename="contracts/interfaces/IPremiumsAccount.sol"  line-rate="1"  branch-rate="1" >
		<methods>
		</methods>
		<lines>
		</lines>
		</class>
		<class name="IRiskModule.sol"  filename="contracts/interfaces/IRiskModule.sol"  line-rate="1"  branch-rate="1" >
		<methods>
		</methods>
		<lines>
		</lines>
		</class>
	</classes>
	</package>
</packages>
</coverage>
