<?xml version="1.0" ?>
<!DOCTYPE coverage SYSTEM "http://cobertura.sourceforge.net/xml/coverage-04.dtd">
<coverage lines-valid="723"  lines-covered="676"  line-rate="0.935"  branches-valid="484"  branches-covered="439"  branch-rate="0.907"  timestamp="1761841504796" complexity="0" version="0.1">
<sources>
	<source>/home/runner/work/ensuro/ensuro</source>
</sources>
<packages>
	<package name="contracts"  line-rate="0.9348000000000001"  branch-rate="0.907" >
	<classes>
		<class name="Cooler.sol"  filename="contracts/Cooler.sol"  line-rate="0"  branch-rate="0" >
		<methods>
			<method name="constructor"  hits="0"  signature="()V" >
				<lines><line number="67"  hits="0" /></lines>
			</method>
			<method name="initialize"  hits="0"  signature="()V" >
				<lines><line number="72"  hits="0" /></lines>
			</method>
			<method name="__Cooler_init"  hits="0"  signature="()V" >
				<lines><line number="77"  hits="0" /></lines>
			</method>
			<method name="supportsInterface"  hits="0"  signature="()V" >
				<lines><line number="82"  hits="0" /></lines>
			</method>
			<method name="pendingWithdrawals"  hits="0"  signature="()V" >
				<lines><line number="92"  hits="0" /></lines>
			</method>
			<method name="cooldownPeriod"  hits="0"  signature="()V" >
				<lines><line number="97"  hits="0" /></lines>
			</method>
			<method name="setCooldownPeriod"  hits="0"  signature="()V" >
				<lines><line number="105"  hits="0" /></lines>
			</method>
			<method name="scheduleWithdrawalWithPermit"  hits="0"  signature="()V" >
				<lines><line number="110"  hits="0" /></lines>
			</method>
			<method name="scheduleWithdrawal"  hits="0"  signature="()V" >
				<lines><line number="126"  hits="0" /></lines>
			</method>
			<method name="_scheduleWithdrawal"  hits="0"  signature="()V" >
				<lines><line number="130"  hits="0" /></lines>
			</method>
			<method name="executeWithdrawal"  hits="0"  signature="()V" >
				<lines><line number="156"  hits="0" /></lines>
			</method>
			<method name="_computeCurrentValue"  hits="0"  signature="()V" >
				<lines><line number="177"  hits="0" /></lines>
			</method>
			<method name="getCurrentValue"  hits="0"  signature="()V" >
				<lines><line number="185"  hits="0" /></lines>
			</method>
		</methods>
		<lines>
			<line number="73"  hits="0"  branch="false" />
			<line number="78"  hits="0"  branch="false" />
			<line number="85"  hits="0"  branch="false" />
			<line number="93"  hits="0"  branch="false" />
			<line number="102"  hits="0"  branch="false" />
			<line number="106"  hits="0"  branch="false" />
			<line number="107"  hits="0"  branch="false" />
			<line number="120"  hits="0"  branch="false" />
			<line number="123"  hits="0"  branch="false" />
			<line number="127"  hits="0"  branch="false" />
			<line number="131"  hits="0"  branch="true"  condition-coverage="0% (0/2)" />
			<line number="132"  hits="0"  branch="true"  condition-coverage="0% (0/2)" />
			<line number="134"  hits="0"  branch="false" />
			<line number="135"  hits="0"  branch="true"  condition-coverage="0% (0/2)" />
			<line number="136"  hits="0"  branch="false" />
			<line number="138"  hits="0"  branch="false" />
			<line number="141"  hits="0"  branch="false" />
			<line number="142"  hits="0"  branch="false" />
			<line number="143"  hits="0"  branch="false" />
			<line number="150"  hits="0"  branch="false" />
			<line number="151"  hits="0"  branch="false" />
			<line number="152"  hits="0"  branch="false" />
			<line number="153"  hits="0"  branch="false" />
			<line number="157"  hits="0"  branch="false" />
			<line number="158"  hits="0"  branch="true"  condition-coverage="0% (0/2)" />
			<line number="160"  hits="0"  branch="false" />
			<line number="161"  hits="0"  branch="false" />
			<line number="162"  hits="0"  branch="false" />
			<line number="165"  hits="0"  branch="false" />
			<line number="166"  hits="0"  branch="false" />
			<line number="167"  hits="0"  branch="false" />
			<line number="169"  hits="0"  branch="false" />
			<line number="170"  hits="0"  branch="true"  condition-coverage="0% (0/2)" />
			<line number="172"  hits="0"  branch="false" />
			<line number="174"  hits="0"  branch="false" />
			<line number="178"  hits="0"  branch="false" />
			<line number="186"  hits="0"  branch="false" />
			<line number="187"  hits="0"  branch="true"  condition-coverage="0% (0/2)" />
			<line number="188"  hits="0"  branch="false" />
		</lines>
		</class>
		<class name="ETKLib.sol"  filename="contracts/ETKLib.sol"  line-rate="1"  branch-rate="0.9375" >
		<methods>
			<method name="_mulDiv"  hits="24778"  signature="()V" >
				<lines><line number="46"  hits="24778" /></lines>
			</method>
			<method name="_mulDiv"  hits="4580"  signature="()V" >
				<lines><line number="57"  hits="4580" /></lines>
			</method>
			<method name="_mulDivCeil"  hits="2752"  signature="()V" >
				<lines><line number="68"  hits="2752" /></lines>
			</method>
			<method name="toCurrent"  hits="3776"  signature="()V" >
				<lines><line number="83"  hits="3776" /></lines>
			</method>
			<method name="toCurrentCeil"  hits="1520"  signature="()V" >
				<lines><line number="94"  hits="1520" /></lines>
			</method>
			<method name="toScaled"  hits="1185"  signature="()V" >
				<lines><line number="104"  hits="1185" /></lines>
			</method>
			<method name="toScaledCeil"  hits="866"  signature="()V" >
				<lines><line number="115"  hits="866" /></lines>
			</method>
			<method name="grow"  hits="2130"  signature="()V" >
				<lines><line number="124"  hits="2130" /></lines>
			</method>
			<method name="add"  hits="1270"  signature="()V" >
				<lines><line number="133"  hits="1270" /></lines>
			</method>
			<method name="add"  hits="4579"  signature="()V" >
				<lines><line number="143"  hits="4579" /></lines>
			</method>
			<method name="toUint256"  hits="15333"  signature="()V" >
				<lines><line number="149"  hits="15333" /></lines>
			</method>
			<method name="projectScale"  hits="2417"  signature="()V" >
				<lines><line number="158"  hits="2417" /></lines>
			</method>
			<method name="projectScale"  hits="4902"  signature="()V" >
				<lines><line number="170"  hits="4902" /></lines>
			</method>
			<method name="init"  hits="879"  signature="()V" >
				<lines><line number="176"  hits="879" /></lines>
			</method>
			<method name="_add"  hits="1133"  signature="()V" >
				<lines><line number="182"  hits="1133" /></lines>
			</method>
			<method name="_sub"  hits="748"  signature="()V" >
				<lines><line number="198"  hits="748" /></lines>
			</method>
			<method name="add"  hits="363"  signature="()V" >
				<lines><line number="222"  hits="363" /></lines>
			</method>
			<method name="sub"  hits="534"  signature="()V" >
				<lines><line number="230"  hits="534" /></lines>
			</method>
			<method name="add"  hits="770"  signature="()V" >
				<lines><line number="238"  hits="770" /></lines>
			</method>
			<method name="sub"  hits="214"  signature="()V" >
				<lines><line number="246"  hits="214" /></lines>
			</method>
			<method name="discreteChange"  hits="4581"  signature="()V" >
				<lines><line number="254"  hits="4581" /></lines>
			</method>
			<method name="minValue"  hits="366"  signature="()V" >
				<lines><line number="265"  hits="366" /></lines>
			</method>
			<method name="add"  hits="1979"  signature="()V" >
				<lines><line number="271"  hits="1979" /></lines>
			</method>
			<method name="sub"  hits="1683"  signature="()V" >
				<lines><line number="292"  hits="1683" /></lines>
			</method>
			<method name="earnings"  hits="9482"  signature="()V" >
				<lines><line number="316"  hits="9482" /></lines>
			</method>
			<method name="fundsAvailable"  hits="2021"  signature="()V" >
				<lines><line number="325"  hits="2021" /></lines>
			</method>
			<method name="scrAmount"  hits="946"  signature="()V" >
				<lines><line number="331"  hits="946" /></lines>
			</method>
		</methods>
		<lines>
			<line number="47"  hits="24778"  branch="false" />
			<line number="48"  hits="24778"  branch="false" />
			<line number="58"  hits="4580"  branch="false" />
			<line number="59"  hits="4580"  branch="false" />
			<line number="69"  hits="2752"  branch="false" />
			<line number="70"  hits="2752"  branch="false" />
			<line number="84"  hits="3776"  branch="false" />
			<line number="95"  hits="1520"  branch="false" />
			<line number="105"  hits="1185"  branch="false" />
			<line number="116"  hits="866"  branch="false" />
			<line number="125"  hits="2130"  branch="false" />
			<line number="134"  hits="1270"  branch="false" />
			<line number="144"  hits="4579"  branch="false" />
			<line number="145"  hits="4579"  branch="true"  condition-coverage="50% (1/2)" />
			<line number="146"  hits="4579"  branch="false" />
			<line number="150"  hits="15308"  branch="false" />
			<line number="159"  hits="2417"  branch="false" />
			<line number="160"  hits="2417"  branch="true"  condition-coverage="100% (2/2)" />
			<line number="161"  hits="2130"  branch="false" />
			<line number="163"  hits="287"  branch="false" />
			<line number="171"  hits="4902"  branch="false" />
			<line number="172"  hits="4881"  branch="true"  condition-coverage="100% (2/2)" />
			<line number="173"  hits="1270"  branch="false" />
			<line number="177"  hits="879"  branch="false" />
			<line number="178"  hits="879"  branch="false" />
			<line number="179"  hits="833"  branch="false" />
			<line number="187"  hits="1133"  branch="false" />
			<line number="188"  hits="1133"  branch="false" />
			<line number="203"  hits="748"  branch="false" />
			<line number="204"  hits="748"  branch="false" />
			<line number="205"  hits="748"  branch="false" />
			<line number="206"  hits="748"  branch="true"  condition-coverage="100% (2/2)" />
			<line number="209"  hits="52"  branch="false" />
			<line number="210"  hits="52"  branch="false" />
			<line number="212"  hits="745"  branch="true"  condition-coverage="100% (2/2)" />
			<line number="214"  hits="108"  branch="false" />
			<line number="216"  hits="745"  branch="false" />
			<line number="227"  hits="363"  branch="false" />
			<line number="235"  hits="534"  branch="false" />
			<line number="243"  hits="770"  branch="false" />
			<line number="251"  hits="214"  branch="false" />
			<line number="260"  hits="4581"  branch="false" />
			<line number="261"  hits="4580"  branch="false" />
			<line number="262"  hits="4579"  branch="false" />
			<line number="266"  hits="366"  branch="false" />
			<line number="276"  hits="1979"  branch="true"  condition-coverage="100% (2/2)" />
			<line number="277"  hits="758"  branch="false" />
			<line number="279"  hits="1221"  branch="false" />
			<line number="280"  hits="1221"  branch="false" />
			<line number="282"  hits="1221"  branch="false" />
			<line number="288"  hits="1221"  branch="false" />
			<line number="297"  hits="1683"  branch="true"  condition-coverage="100% (2/2)" />
			<line number="298"  hits="573"  branch="false" />
			<line number="300"  hits="1110"  branch="false" />
			<line number="301"  hits="1110"  branch="false" />
			<line number="303"  hits="1109"  branch="false" />
			<line number="309"  hits="1109"  branch="false" />
			<line number="317"  hits="9482"  branch="false" />
			<line number="326"  hits="2021"  branch="false" />
			<line number="327"  hits="2021"  branch="true"  condition-coverage="100% (2/2)" />
			<line number="332"  hits="945"  branch="false" />
		</lines>
		</class>
		<class name="EToken.sol"  filename="contracts/EToken.sol"  line-rate="0.9389"  branch-rate="0.9259000000000001" >
		<methods>
			<method name="onlyBorrower"  hits="4051"  signature="()V" >
				<lines><line number="87"  hits="4051" /></lines>
			</method>
			<method name="_getERC20StorageFromEToken"  hits="1102"  signature="()V" >
				<lines><line number="96"  hits="1102" /></lines>
			</method>
			<method name="constructor"  hits="228"  signature="()V" >
				<lines><line number="105"  hits="228" /></lines>
			</method>
			<method name="initialize"  hits="230"  signature="()V" >
				<lines><line number="119"  hits="230" /></lines>
			</method>
			<method name="__EToken_init_unchained"  hits="230"  signature="()V" >
				<lines><line number="130"  hits="230" /></lines>
			</method>
			<method name="supportsInterface"  hits="432"  signature="()V" >
				<lines><line number="150"  hits="432" /></lines>
			</method>
			<method name="decimals"  hits="1"  signature="()V" >
				<lines><line number="161"  hits="1" /></lines>
			</method>
			<method name="totalSupply"  hits="3398"  signature="()V" >
				<lines><line number="166"  hits="3398" /></lines>
			</method>
			<method name="balanceOf"  hits="398"  signature="()V" >
				<lines><line number="171"  hits="398" /></lines>
			</method>
			<method name="_update"  hits="1105"  signature="()V" >
				<lines><line number="176"  hits="1105" /></lines>
			</method>
			<method name="scaledBalanceOf"  hits="3"  signature="()V" >
				<lines><line number="225"  hits="3" /></lines>
			</method>
			<method name="getScaledUserBalanceAndSupply"  hits="1"  signature="()V" >
				<lines><line number="235"  hits="1" /></lines>
			</method>
			<method name="scaledTotalSupply"  hits="3"  signature="()V" >
				<lines><line number="243"  hits="3" /></lines>
			</method>
			<method name="getCurrentScale"  hits="8"  signature="()V" >
				<lines><line number="249"  hits="8" /></lines>
			</method>
			<method name="fundsAvailable"  hits="28"  signature="()V" >
				<lines><line number="254"  hits="28" /></lines>
			</method>
			<method name="fundsAvailableToLock"  hits="1993"  signature="()V" >
				<lines><line number="258"  hits="1993" /></lines>
			</method>
			<method name="yieldVault"  hits="17"  signature="()V" >
				<lines><line number="273"  hits="17" /></lines>
			</method>
			<method name="_setYieldVault"  hits="4"  signature="()V" >
				<lines><line number="277"  hits="4" /></lines>
			</method>
			<method name="_4toWad"  hits="5404"  signature="()V" >
				<lines><line number="282"  hits="5404" /></lines>
			</method>
			<method name="_wadTo4"  hits="524"  signature="()V" >
				<lines><line number="287"  hits="524" /></lines>
			</method>
			<method name="scr"  hits="38"  signature="()V" >
				<lines><line number="292"  hits="38" /></lines>
			</method>
			<method name="scrInterestRate"  hits="7"  signature="()V" >
				<lines><line number="296"  hits="7" /></lines>
			</method>
			<method name="tokenInterestRate"  hits="6"  signature="()V" >
				<lines><line number="300"  hits="6" /></lines>
			</method>
			<method name="liquidityRequirement"  hits="240"  signature="()V" >
				<lines><line number="308"  hits="240" /></lines>
			</method>
			<method name="maxUtilizationRate"  hits="1994"  signature="()V" >
				<lines><line number="312"  hits="1994" /></lines>
			</method>
			<method name="minUtilizationRate"  hits="750"  signature="()V" >
				<lines><line number="316"  hits="750" /></lines>
			</method>
			<method name="utilizationRate"  hits="746"  signature="()V" >
				<lines><line number="320"  hits="746" /></lines>
			</method>
			<method name="lockScr"  hits="1984"  signature="()V" >
				<lines><line number="324"  hits="1984" /></lines>
			</method>
			<method name="unlockScr"  hits="1699"  signature="()V" >
				<lines><line number="336"  hits="1699" /></lines>
			</method>
			<method name="_yieldEarnings"  hits="8"  signature="()V" >
				<lines><line number="344"  hits="8" /></lines>
			</method>
			<method name="_discreteChange"  hits="902"  signature="()V" >
				<lines><line number="349"  hits="902" /></lines>
			</method>
			<method name="deposit"  hits="777"  signature="()V" >
				<lines><line number="353"  hits="777" /></lines>
			</method>
			<method name="totalWithdrawable"  hits="239"  signature="()V" >
				<lines><line number="364"  hits="239" /></lines>
			</method>
			<method name="withdraw"  hits="235"  signature="()V" >
				<lines><line number="376"  hits="235" /></lines>
			</method>
			<method name="redistribute"  hits="0"  signature="()V" >
				<lines><line number="407"  hits="0" /></lines>
			</method>
			<method name="addBorrower"  hits="651"  signature="()V" >
				<lines><line number="413"  hits="651" /></lines>
			</method>
			<method name="removeBorrower"  hits="5"  signature="()V" >
				<lines><line number="421"  hits="5" /></lines>
			</method>
			<method name="maxNegativeAdjustment"  hits="366"  signature="()V" >
				<lines><line number="432"  hits="366" /></lines>
			</method>
			<method name="internalLoan"  hits="364"  signature="()V" >
				<lines><line number="436"  hits="364" /></lines>
			</method>
			<method name="repayLoan"  hits="535"  signature="()V" >
				<lines><line number="447"  hits="535" /></lines>
			</method>
			<method name="getLoan"  hits="1523"  signature="()V" >
				<lines><line number="458"  hits="1523" /></lines>
			</method>
			<method name="internalLoanInterestRate"  hits="2420"  signature="()V" >
				<lines><line number="464"  hits="2420" /></lines>
			</method>
			<method name="setParam"  hits="529"  signature="()V" >
				<lines><line number="468"  hits="529" /></lines>
			</method>
			<method name="setWhitelist"  hits="33"  signature="()V" >
				<lines><line number="500"  hits="33" /></lines>
			</method>
			<method name="whitelist"  hits="2"  signature="()V" >
				<lines><line number="509"  hits="2" /></lines>
			</method>
			<method name="cooler"  hits="0"  signature="()V" >
				<lines><line number="513"  hits="0" /></lines>
			</method>
		</methods>
		<lines>
			<line number="88"  hits="4051"  branch="true"  condition-coverage="100% (2/2)" />
			<line number="89"  hits="4047"  branch="false" />
			<line number="98"  hits="1102"  branch="false" />
			<line number="120"  hits="230"  branch="false" />
			<line number="121"  hits="230"  branch="false" />
			<line number="122"  hits="230"  branch="false" />
			<line number="123"  hits="230"  branch="false" />
			<line number="131"  hits="230"  branch="false" />
			<line number="137"  hits="230"  branch="false" />
			<line number="145"  hits="230"  branch="false" />
			<line number="146"  hits="230"  branch="false" />
			<line number="151"  hits="432"  branch="false" />
			<line number="162"  hits="1"  branch="false" />
			<line number="167"  hits="3398"  branch="false" />
			<line number="172"  hits="398"  branch="false" />
			<line number="177"  hits="1105"  branch="false" />
			<line number="178"  hits="1105"  branch="true"  condition-coverage="100% (2/2)" />
			<line number="180"  hits="770"  branch="false" />
			<line number="183"  hits="214"  branch="false" />
			<line number="186"  hits="121"  branch="true"  condition-coverage="100% (2/2)" />
			<line number="190"  hits="118"  branch="false" />
			<line number="193"  hits="1102"  branch="false" />
			<line number="194"  hits="1102"  branch="true"  condition-coverage="100% (2/2)" />
			<line number="195"  hits="332"  branch="false" />
			<line number="196"  hits="332"  branch="true"  condition-coverage="100% (2/2)" />
			<line number="197"  hits="1"  branch="false" />
			<line number="199"  hits="331"  branch="false" />
			<line number="201"  hits="331"  branch="false" />
			<line number="205"  hits="1101"  branch="true"  condition-coverage="100% (2/2)" />
			<line number="206"  hits="887"  branch="false" />
			<line number="208"  hits="887"  branch="false" />
			<line number="212"  hits="1077"  branch="false" />
			<line number="226"  hits="3"  branch="false" />
			<line number="236"  hits="1"  branch="false" />
			<line number="244"  hits="3"  branch="false" />
			<line number="250"  hits="8"  branch="true"  condition-coverage="100% (2/2)" />
			<line number="255"  hits="28"  branch="false" />
			<line number="259"  hits="1993"  branch="false" />
			<line number="260"  hits="1993"  branch="true"  condition-coverage="50% (1/2)" />
			<line number="261"  hits="0"  branch="false" />
			<line number="262"  hits="0"  branch="true"  condition-coverage="0% (0/2)" />
			<line number="263"  hits="0"  branch="false" />
			<line number="265"  hits="0"  branch="false" />
			<line number="268"  hits="1993"  branch="false" />
			<line number="270"  hits="1993"  branch="false" />
			<line number="274"  hits="17"  branch="false" />
			<line number="278"  hits="4"  branch="false" />
			<line number="284"  hits="5404"  branch="false" />
			<line number="289"  hits="524"  branch="false" />
			<line number="293"  hits="38"  branch="false" />
			<line number="297"  hits="7"  branch="false" />
			<line number="301"  hits="6"  branch="false" />
			<line number="302"  hits="6"  branch="true"  condition-coverage="100% (2/2)" />
			<line number="304"  hits="5"  branch="false" />
			<line number="309"  hits="240"  branch="false" />
			<line number="313"  hits="1994"  branch="false" />
			<line number="317"  hits="750"  branch="false" />
			<line number="321"  hits="746"  branch="false" />
			<line number="325"  hits="1984"  branch="true"  condition-coverage="100% (2/2)" />
			<line number="326"  hits="1980"  branch="false" />
			<line number="327"  hits="1979"  branch="false" />
			<line number="328"  hits="1909"  branch="false" />
			<line number="339"  hits="1699"  branch="false" />
			<line number="340"  hits="1683"  branch="false" />
			<line number="341"  hits="1656"  branch="false" />
			<line number="345"  hits="8"  branch="false" />
			<line number="346"  hits="7"  branch="false" />
			<line number="350"  hits="902"  branch="false" />
			<line number="354"  hits="777"  branch="true"  condition-coverage="100% (2/2)" />
			<line number="360"  hits="771"  branch="false" />
			<line number="361"  hits="749"  branch="true"  condition-coverage="100% (2/2)" />
			<line number="365"  hits="239"  branch="false" />
			<line number="366"  hits="239"  branch="false" />
			<line number="367"  hits="239"  branch="true"  condition-coverage="100% (2/2)" />
			<line number="383"  hits="235"  branch="false" />
			<line number="384"  hits="234"  branch="true"  condition-coverage="100% (2/2)" />
			<line number="385"  hits="234"  branch="true"  condition-coverage="100% (2/2)" />
			<line number="386"  hits="223"  branch="true"  condition-coverage="50% (1/2)" />
			<line number="390"  hits="223"  branch="true"  condition-coverage="100% (2/2)" />
			<line number="395"  hits="222"  branch="true"  condition-coverage="100% (2/2)" />
			<line number="399"  hits="218"  branch="true"  condition-coverage="100% (2/2)" />
			<line number="400"  hits="8"  branch="false" />
			<line number="402"  hits="214"  branch="false" />
			<line number="403"  hits="214"  branch="false" />
			<line number="404"  hits="178"  branch="false" />
			<line number="408"  hits="0"  branch="false" />
			<line number="409"  hits="0"  branch="false" />
			<line number="410"  hits="0"  branch="false" />
			<line number="414"  hits="651"  branch="true"  condition-coverage="100% (2/2)" />
			<line number="415"  hits="650"  branch="false" />
			<line number="416"  hits="650"  branch="true"  condition-coverage="100% (2/2)" />
			<line number="417"  hits="649"  branch="false" />
			<line number="418"  hits="575"  branch="false" />
			<line number="422"  hits="5"  branch="true"  condition-coverage="100% (2/2)" />
			<line number="423"  hits="4"  branch="false" />
			<line number="424"  hits="4"  branch="false" />
			<line number="425"  hits="4"  branch="false" />
			<line number="433"  hits="366"  branch="false" />
			<line number="437"  hits="364"  branch="false" />
			<line number="438"  hits="364"  branch="false" />
			<line number="439"  hits="364"  branch="true"  condition-coverage="100% (2/2)" />
			<line number="440"  hits="363"  branch="false" />
			<line number="441"  hits="363"  branch="false" />
			<line number="442"  hits="363"  branch="false" />
			<line number="443"  hits="352"  branch="false" />
			<line number="444"  hits="343"  branch="false" />
			<line number="449"  hits="535"  branch="false" />
			<line number="450"  hits="535"  branch="true"  condition-coverage="100% (2/2)" />
			<line number="451"  hits="534"  branch="false" />
			<line number="452"  hits="531"  branch="false" />
			<line number="453"  hits="530"  branch="false" />
			<line number="455"  hits="530"  branch="false" />
			<line number="459"  hits="1523"  branch="false" />
			<line number="460"  hits="1523"  branch="true"  condition-coverage="100% (2/2)" />
			<line number="461"  hits="1520"  branch="false" />
			<line number="465"  hits="2420"  branch="false" />
			<line number="469"  hits="529"  branch="true"  condition-coverage="100% (2/2)" />
			<line number="470"  hits="3"  branch="true"  condition-coverage="100% (2/2)" />
			<line number="471"  hits="1"  branch="false" />
			<line number="473"  hits="14"  branch="true"  condition-coverage="100% (2/2)" />
			<line number="474"  hits="13"  branch="false" />
			<line number="476"  hits="268"  branch="true"  condition-coverage="100% (2/2)" />
			<line number="477"  hits="267"  branch="false" />
			<line number="494"  hits="244"  branch="true"  condition-coverage="100% (2/2)" />
			<line number="495"  hits="243"  branch="false" />
			<line number="497"  hits="524"  branch="false" />
			<line number="501"  hits="33"  branch="true"  condition-coverage="100% (2/2)" />
			<line number="505"  hits="32"  branch="false" />
			<line number="506"  hits="32"  branch="false" />
			<line number="510"  hits="2"  branch="false" />
			<line number="514"  hits="0"  branch="false" />
		</lines>
		</class>
		<class name="LPManualWhitelist.sol"  filename="contracts/LPManualWhitelist.sol"  line-rate="1"  branch-rate="0.8636" >
		<methods>
			<method name="constructor"  hits="30"  signature="()V" >
				<lines><line number="41"  hits="30" /></lines>
			</method>
			<method name="initialize"  hits="18"  signature="()V" >
				<lines><line number="46"  hits="18" /></lines>
			</method>
			<method name="__LPManualWhitelist_init"  hits="18"  signature="()V" >
				<lines><line number="51"  hits="18" /></lines>
			</method>
			<method name="__LPManualWhitelist_init_unchained"  hits="18"  signature="()V" >
				<lines><line number="57"  hits="18" /></lines>
			</method>
			<method name="whitelistAddress"  hits="101"  signature="()V" >
				<lines><line number="63"  hits="101" /></lines>
			</method>
			<method name="_checkDefaultStatus"  hits="35"  signature="()V" >
				<lines><line number="68"  hits="35" /></lines>
			</method>
			<method name="setWhitelistDefaults"  hits="17"  signature="()V" >
				<lines><line number="78"  hits="17" /></lines>
			</method>
			<method name="getWhitelistDefaults"  hits="2"  signature="()V" >
				<lines><line number="83"  hits="2" /></lines>
			</method>
			<method name="_whitelistAddress"  hits="114"  signature="()V" >
				<lines><line number="87"  hits="114" /></lines>
			</method>
			<method name="supportsInterface"  hits="4"  signature="()V" >
				<lines><line number="95"  hits="4" /></lines>
			</method>
			<method name="acceptsDeposit"  hits="34"  signature="()V" >
				<lines><line number="99"  hits="34" /></lines>
			</method>
			<method name="acceptsWithdrawal"  hits="33"  signature="()V" >
				<lines><line number="107"  hits="33" /></lines>
			</method>
			<method name="acceptsTransfer"  hits="47"  signature="()V" >
				<lines><line number="115"  hits="47" /></lines>
			</method>
		</methods>
		<lines>
			<line number="47"  hits="18"  branch="false" />
			<line number="52"  hits="18"  branch="false" />
			<line number="53"  hits="18"  branch="false" />
			<line number="58"  hits="18"  branch="false" />
			<line number="59"  hits="14"  branch="false" />
			<line number="60"  hits="14"  branch="false" />
			<line number="64"  hits="101"  branch="true"  condition-coverage="50% (1/2)" />
			<line number="65"  hits="101"  branch="false" />
			<line number="69"  hits="35"  branch="true"  condition-coverage="100% (2/2)" />
			<line number="79"  hits="17"  branch="false" />
			<line number="80"  hits="13"  branch="false" />
			<line number="84"  hits="2"  branch="false" />
			<line number="88"  hits="114"  branch="false" />
			<line number="89"  hits="114"  branch="false" />
			<line number="96"  hits="4"  branch="true"  condition-coverage="100% (2/2)" />
			<line number="100"  hits="34"  branch="false" />
			<line number="101"  hits="34"  branch="true"  condition-coverage="100% (2/2)" />
			<line number="102"  hits="4"  branch="false" />
			<line number="104"  hits="34"  branch="false" />
			<line number="108"  hits="33"  branch="false" />
			<line number="109"  hits="33"  branch="true"  condition-coverage="100% (2/2)" />
			<line number="110"  hits="14"  branch="false" />
			<line number="112"  hits="33"  branch="false" />
			<line number="121"  hits="47"  branch="false" />
			<line number="122"  hits="47"  branch="true"  condition-coverage="100% (2/2)" />
			<line number="123"  hits="28"  branch="false" />
			<line number="125"  hits="47"  branch="true"  condition-coverage="100% (2/2)" />
			<line number="126"  hits="45"  branch="false" />
			<line number="127"  hits="45"  branch="true"  condition-coverage="100% (2/2)" />
			<line number="128"  hits="30"  branch="false" />
			<line number="130"  hits="45"  branch="false" />
		</lines>
		</class>
		<class name="Policy.sol"  filename="contracts/Policy.sol"  line-rate="1"  branch-rate="0.9" >
		<methods>
			<method name="getMinimumPremium"  hits="1693"  signature="()V" >
				<lines><line number="92"  hits="1693" /></lines>
			</method>
			<method name="initialize"  hits="1604"  signature="()V" >
				<lines><line number="126"  hits="1604" /></lines>
			</method>
			<method name="jrInterestRate"  hits="373"  signature="()V" >
				<lines><line number="157"  hits="373" /></lines>
			</method>
			<method name="jrAccruedInterest"  hits="231"  signature="()V" >
				<lines><line number="161"  hits="231" /></lines>
			</method>
			<method name="srInterestRate"  hits="3041"  signature="()V" >
				<lines><line number="165"  hits="3041" /></lines>
			</method>
			<method name="srAccruedInterest"  hits="1485"  signature="()V" >
				<lines><line number="169"  hits="1485" /></lines>
			</method>
			<method name="duration"  hits="5130"  signature="()V" >
				<lines><line number="173"  hits="5130" /></lines>
			</method>
			<method name="hash"  hits="3359"  signature="()V" >
				<lines><line number="177"  hits="3359" /></lines>
			</method>
		</methods>
		<lines>
			<line number="99"  hits="1693"  branch="false" />
			<line number="100"  hits="1693"  branch="false" />
			<line number="101"  hits="1693"  branch="true"  condition-coverage="100% (2/2)" />
			<line number="102"  hits="258"  branch="false" />
			<line number="104"  hits="1435"  branch="false" />
			<line number="107"  hits="1693"  branch="false" />
			<line number="108"  hits="1693"  branch="true"  condition-coverage="100% (2/2)" />
			<line number="109"  hits="1563"  branch="false" />
			<line number="111"  hits="130"  branch="false" />
			<line number="115"  hits="1693"  branch="false" />
			<line number="116"  hits="1693"  branch="false" />
			<line number="117"  hits="1693"  branch="false" />
			<line number="119"  hits="1693"  branch="false" />
			<line number="123"  hits="1693"  branch="false" />
			<line number="134"  hits="1604"  branch="true"  condition-coverage="100% (2/2)" />
			<line number="135"  hits="1601"  branch="false" />
			<line number="137"  hits="1601"  branch="false" />
			<line number="138"  hits="1601"  branch="false" />
			<line number="139"  hits="1601"  branch="false" />
			<line number="140"  hits="1601"  branch="false" />
			<line number="142"  hits="1601"  branch="false" />
			<line number="144"  hits="1601"  branch="false" />
			<line number="145"  hits="1601"  branch="false" />
			<line number="146"  hits="1601"  branch="false" />
			<line number="147"  hits="1601"  branch="false" />
			<line number="148"  hits="1601"  branch="false" />
			<line number="149"  hits="1601"  branch="false" />
			<line number="151"  hits="1601"  branch="true"  condition-coverage="100% (2/2)" />
			<line number="153"  hits="1599"  branch="false" />
			<line number="154"  hits="1599"  branch="false" />
			<line number="158"  hits="373"  branch="false" />
			<line number="162"  hits="231"  branch="false" />
			<line number="166"  hits="3041"  branch="false" />
			<line number="170"  hits="1485"  branch="false" />
			<line number="174"  hits="5130"  branch="false" />
			<line number="178"  hits="3359"  branch="false" />
			<line number="179"  hits="3358"  branch="true"  condition-coverage="50% (1/2)" />
			<line number="180"  hits="3358"  branch="false" />
		</lines>
		</class>
		<class name="PolicyPool.sol"  filename="contracts/PolicyPool.sol"  line-rate="1"  branch-rate="0.9848" >
		<methods>
			<method name="constructor"  hits="104"  signature="()V" >
				<lines><line number="296"  hits="104" /></lines>
			</method>
			<method name="initialize"  hits="108"  signature="()V" >
				<lines><line number="309"  hits="108" /></lines>
			</method>
			<method name="supportsInterface"  hits="4"  signature="()V" >
				<lines><line number="321"  hits="4" /></lines>
			</method>
			<method name="__PolicyPool_init_unchained"  hits="106"  signature="()V" >
				<lines><line number="326"  hits="106" /></lines>
			</method>
			<method name="_authorizeUpgrade"  hits="1"  signature="()V" >
				<lines><line number="331"  hits="1" /></lines>
			</method>
			<method name="pause"  hits="9"  signature="()V" >
				<lines><line number="337"  hits="9" /></lines>
			</method>
			<method name="unpause"  hits="6"  signature="()V" >
				<lines><line number="344"  hits="6" /></lines>
			</method>
			<method name="currency"  hits="2791"  signature="()V" >
				<lines><line number="348"  hits="2791" /></lines>
			</method>
			<method name="_setTreasury"  hits="108"  signature="()V" >
				<lines><line number="352"  hits="108" /></lines>
			</method>
			<method name="setTreasury"  hits="2"  signature="()V" >
				<lines><line number="364"  hits="2" /></lines>
			</method>
			<method name="treasury"  hits="1"  signature="()V" >
				<lines><line number="371"  hits="1" /></lines>
			</method>
			<method name="addComponent"  hits="1078"  signature="()V" >
				<lines><line number="386"  hits="1078" /></lines>
			</method>
			<method name="removeComponent"  hits="10"  signature="()V" >
				<lines><line number="422"  hits="10" /></lines>
			</method>
			<method name="changeComponentStatus"  hits="18"  signature="()V" >
				<lines><line number="457"  hits="18" /></lines>
			</method>
			<method name="getComponentStatus"  hits="15"  signature="()V" >
				<lines><line number="481"  hits="15" /></lines>
			</method>
			<method name="_componentStatus"  hits="6897"  signature="()V" >
				<lines><line number="485"  hits="6897" /></lines>
			</method>
			<method name="_requireCompActive"  hits="3580"  signature="()V" >
				<lines><line number="491"  hits="3580" /></lines>
			</method>
			<method name="_requireCompActiveOrDeprecated"  hits="3317"  signature="()V" >
				<lines><line number="495"  hits="3317" /></lines>
			</method>
			<method name="_deposit"  hits="429"  signature="()V" >
				<lines><line number="501"  hits="429" /></lines>
			</method>
			<method name="deposit"  hits="426"  signature="()V" >
				<lines><line number="509"  hits="426" /></lines>
			</method>
			<method name="depositWithPermit"  hits="3"  signature="()V" >
				<lines><line number="521"  hits="3" /></lines>
			</method>
			<method name="withdraw"  hits="88"  signature="()V" >
				<lines><line number="534"  hits="88" /></lines>
			</method>
			<method name="newPolicy"  hits="1480"  signature="()V" >
				<lines><line number="546"  hits="1480" /></lines>
			</method>
			<method name="replacePolicy"  hits="102"  signature="()V" >
				<lines><line number="588"  hits="102" /></lines>
			</method>
			<method name="_transferIfNonZero"  hits="391"  signature="()V" >
				<lines><line number="647"  hits="391" /></lines>
			</method>
			<method name="_validatePolicy"  hits="1725"  signature="()V" >
				<lines><line number="654"  hits="1725" /></lines>
			</method>
			<method name="makePolicyId"  hits="1558"  signature="()V" >
				<lines><line number="658"  hits="1558" /></lines>
			</method>
			<method name="extractRiskModule"  hits="1718"  signature="()V" >
				<lines><line number="662"  hits="1718" /></lines>
			</method>
			<method name="expirePolicy"  hits="150"  signature="()V" >
				<lines><line number="666"  hits="150" /></lines>
			</method>
			<method name="expirePolicies"  hits="28"  signature="()V" >
				<lines><line number="671"  hits="28" /></lines>
			</method>
			<method name="resolvePolicy"  hits="1104"  signature="()V" >
				<lines><line number="679"  hits="1104" /></lines>
			</method>
			<method name="isActive"  hits="3"  signature="()V" >
				<lines><line number="683"  hits="3" /></lines>
			</method>
			<method name="getPolicyHash"  hits="2"  signature="()V" >
				<lines><line number="687"  hits="2" /></lines>
			</method>
			<method name="_resolvePolicy"  hits="1623"  signature="()V" >
				<lines><line number="702"  hits="1623" /></lines>
			</method>
			<method name="_changeExposure"  hits="3135"  signature="()V" >
				<lines><line number="736"  hits="3135" /></lines>
			</method>
			<method name="setExposureLimit"  hits="315"  signature="()V" >
				<lines><line number="746"  hits="315" /></lines>
			</method>
			<method name="getExposure"  hits="21"  signature="()V" >
				<lines><line number="754"  hits="21" /></lines>
			</method>
			<method name="_notifyPayout"  hits="200"  signature="()V" >
				<lines><line number="764"  hits="200" /></lines>
			</method>
			<method name="_notifyExpiration"  hits="1311"  signature="()V" >
				<lines><line number="775"  hits="1311" /></lines>
			</method>
			<method name="_notifyReplacement"  hits="66"  signature="()V" >
				<lines><line number="792"  hits="66" /></lines>
			</method>
			<method name="_baseURI"  hits="2"  signature="()V" >
				<lines><line number="806"  hits="2" /></lines>
			</method>
			<method name="setBaseURI"  hits="1"  signature="()V" >
				<lines><line number="816"  hits="1" /></lines>
			</method>
			<method name="_update"  hits="1569"  signature="()V" >
				<lines><line number="821"  hits="1569" /></lines>
			</method>
		</methods>
		<lines>
			<line number="297"  hits="104"  branch="true"  condition-coverage="100% (2/2)" />
			<line number="298"  hits="103"  branch="false" />
			<line number="299"  hits="103"  branch="false" />
			<line number="310"  hits="108"  branch="true"  condition-coverage="100% (2/2)" />
			<line number="311"  hits="107"  branch="true"  condition-coverage="100% (2/2)" />
			<line number="312"  hits="106"  branch="false" />
			<line number="313"  hits="106"  branch="false" />
			<line number="314"  hits="106"  branch="false" />
			<line number="315"  hits="106"  branch="false" />
			<line number="322"  hits="4"  branch="true"  condition-coverage="100% (2/2)" />
			<line number="327"  hits="106"  branch="false" />
			<line number="338"  hits="9"  branch="false" />
			<line number="345"  hits="6"  branch="false" />
			<line number="349"  hits="2791"  branch="false" />
			<line number="353"  hits="108"  branch="true"  condition-coverage="100% (2/2)" />
			<line number="354"  hits="107"  branch="false" />
			<line number="355"  hits="107"  branch="false" />
			<line number="365"  hits="2"  branch="false" />
			<line number="372"  hits="1"  branch="false" />
			<line number="387"  hits="1078"  branch="false" />
			<line number="388"  hits="1078"  branch="true"  condition-coverage="100% (2/2)" />
			<line number="389"  hits="1077"  branch="true"  condition-coverage="100% (2/2)" />
			<line number="391"  hits="1076"  branch="true"  condition-coverage="100% (2/2)" />
			<line number="397"  hits="1073"  branch="false" />
			<line number="398"  hits="1073"  branch="false" />
			<line number="399"  hits="1018"  branch="true"  condition-coverage="100% (2/2)" />
			<line number="400"  hits="311"  branch="false" />
			<line number="401"  hits="311"  branch="false" />
			<line number="402"  hits="311"  branch="true"  condition-coverage="100% (2/2)" />
			<line number="403"  hits="71"  branch="false" />
			<line number="405"  hits="311"  branch="false" />
			<line number="406"  hits="311"  branch="true"  condition-coverage="100% (2/2)" />
			<line number="407"  hits="299"  branch="false" />
			<line number="410"  hits="990"  branch="false" />
			<line number="423"  hits="10"  branch="false" />
			<line number="424"  hits="10"  branch="true"  condition-coverage="100% (2/2)" />
			<line number="425"  hits="8"  branch="true"  condition-coverage="100% (2/2)" />
			<line number="426"  hits="2"  branch="true"  condition-coverage="100% (2/2)" />
			<line number="427"  hits="1"  branch="false" />
			<line number="429"  hits="2"  branch="true"  condition-coverage="100% (2/2)" />
			<line number="430"  hits="1"  branch="false" />
			<line number="433"  hits="4"  branch="false" />
			<line number="434"  hits="4"  branch="true"  condition-coverage="100% (2/2)" />
			<line number="435"  hits="3"  branch="false" />
			<line number="436"  hits="3"  branch="true"  condition-coverage="100% (2/2)" />
			<line number="437"  hits="1"  branch="false" />
			<line number="439"  hits="3"  branch="false" />
			<line number="440"  hits="3"  branch="true"  condition-coverage="100% (2/2)" />
			<line number="441"  hits="2"  branch="false" />
			<line number="444"  hits="5"  branch="false" />
			<line number="445"  hits="5"  branch="false" />
			<line number="458"  hits="18"  branch="false" />
			<line number="459"  hits="18"  branch="true"  condition-coverage="100% (2/2)" />
			<line number="471"  hits="17"  branch="false" />
			<line number="472"  hits="17"  branch="false" />
			<line number="482"  hits="15"  branch="false" />
			<line number="486"  hits="6897"  branch="false" />
			<line number="487"  hits="6897"  branch="true"  condition-coverage="100% (2/2)" />
			<line number="488"  hits="6893"  branch="false" />
			<line number="492"  hits="3580"  branch="true"  condition-coverage="100% (2/2)" />
			<line number="496"  hits="3317"  branch="false" />
			<line number="497"  hits="3317"  branch="true"  condition-coverage="100% (2/2)" />
			<line number="498"  hits="3"  branch="false" />
			<line number="502"  hits="429"  branch="true"  condition-coverage="100% (2/2)" />
			<line number="503"  hits="427"  branch="false" />
			<line number="504"  hits="425"  branch="false" />
			<line number="505"  hits="424"  branch="false" />
			<line number="506"  hits="336"  branch="false" />
			<line number="510"  hits="426"  branch="false" />
			<line number="523"  hits="3"  branch="false" />
			<line number="526"  hits="3"  branch="false" />
			<line number="535"  hits="88"  branch="true"  condition-coverage="100% (2/2)" />
			<line number="536"  hits="87"  branch="false" />
			<line number="537"  hits="86"  branch="false" />
			<line number="538"  hits="68"  branch="false" />
			<line number="548"  hits="1480"  branch="false" />
			<line number="549"  hits="1480"  branch="false" />
			<line number="550"  hits="1476"  branch="false" />
			<line number="551"  hits="1476"  branch="false" />
			<line number="554"  hits="1473"  branch="false" />
			<line number="555"  hits="1473"  branch="false" />
			<line number="556"  hits="1473"  branch="true"  condition-coverage="100% (2/2)" />
			<line number="557"  hits="1472"  branch="false" />
			<line number="558"  hits="1472"  branch="false" />
			<line number="559"  hits="1468"  branch="false" />
			<line number="562"  hits="1468"  branch="false" />
			<line number="565"  hits="1468"  branch="false" />
			<line number="566"  hits="1465"  branch="false" />
			<line number="567"  hits="1465"  branch="true"  condition-coverage="100% (2/2)" />
			<line number="568"  hits="1465"  branch="true"  condition-coverage="100% (2/2)" />
			<line number="569"  hits="1465"  branch="false" />
			<line number="570"  hits="1460"  branch="true"  condition-coverage="100% (2/2)" />
			<line number="571"  hits="1373"  branch="false" />
			<line number="578"  hits="1356"  branch="false" />
			<line number="579"  hits="1269"  branch="false" />
			<line number="590"  hits="102"  branch="false" />
			<line number="591"  hits="100"  branch="false" />
			<line number="592"  hits="100"  branch="true"  condition-coverage="100% (2/2)" />
			<line number="593"  hits="99"  branch="false" />
			<line number="594"  hits="98"  branch="false" />
			<line number="595"  hits="98"  branch="false" />
			<line number="596"  hits="97"  branch="true"  condition-coverage="100% (2/2)" />
			<line number="600"  hits="95"  branch="true"  condition-coverage="100% (2/2)" />
			<line number="614"  hits="85"  branch="false" />
			<line number="615"  hits="85"  branch="true"  condition-coverage="100% (2/2)" />
			<line number="616"  hits="84"  branch="false" />
			<line number="617"  hits="84"  branch="false" />
			<line number="618"  hits="84"  branch="false" />
			<line number="619"  hits="84"  branch="true"  condition-coverage="100% (2/2)" />
			<line number="621"  hits="82"  branch="false" />
			<line number="624"  hits="82"  branch="false" />
			<line number="627"  hits="80"  branch="false" />
			<line number="628"  hits="79"  branch="false" />
			<line number="629"  hits="79"  branch="false" />
			<line number="630"  hits="78"  branch="false" />
			<line number="631"  hits="78"  branch="false" />
			<line number="632"  hits="78"  branch="false" />
			<line number="633"  hits="76"  branch="true"  condition-coverage="50% (1/2)" />
			<line number="634"  hits="76"  branch="false" />
			<line number="641"  hits="73"  branch="false" />
			<line number="642"  hits="69"  branch="false" />
			<line number="643"  hits="66"  branch="false" />
			<line number="644"  hits="55"  branch="false" />
			<line number="648"  hits="391"  branch="false" />
			<line number="649"  hits="391"  branch="true"  condition-coverage="100% (2/2)" />
			<line number="650"  hits="197"  branch="false" />
			<line number="655"  hits="1725"  branch="true"  condition-coverage="100% (2/2)" />
			<line number="659"  hits="1558"  branch="false" />
			<line number="663"  hits="1718"  branch="false" />
			<line number="667"  hits="150"  branch="true"  condition-coverage="100% (2/2)" />
			<line number="668"  hits="148"  branch="false" />
			<line number="672"  hits="28"  branch="false" />
			<line number="673"  hits="373"  branch="true"  condition-coverage="100% (2/2)" />
			<line number="674"  hits="2"  branch="false" />
			<line number="675"  hits="371"  branch="false" />
			<line number="680"  hits="1104"  branch="false" />
			<line number="684"  hits="3"  branch="false" />
			<line number="688"  hits="2"  branch="false" />
			<line number="704"  hits="1623"  branch="false" />
			<line number="705"  hits="1618"  branch="false" />
			<line number="706"  hits="1618"  branch="true"  condition-coverage="100% (2/2)" />
			<line number="707"  hits="1617"  branch="true"  condition-coverage="100% (4/4)" />
			<line number="708"  hits="1616"  branch="false" />
			<line number="710"  hits="1615"  branch="true"  condition-coverage="100% (2/2)" />
			<line number="712"  hits="1614"  branch="false" />
			<line number="714"  hits="1614"  branch="false" />
			<line number="715"  hits="1614"  branch="false" />
			<line number="717"  hits="1613"  branch="false" />
			<line number="719"  hits="1613"  branch="true"  condition-coverage="100% (2/2)" />
			<line number="720"  hits="226"  branch="false" />
			<line number="721"  hits="226"  branch="false" />
			<line number="723"  hits="1387"  branch="false" />
			<line number="726"  hits="1583"  branch="false" />
			<line number="728"  hits="1516"  branch="false" />
			<line number="729"  hits="1511"  branch="true"  condition-coverage="100% (2/2)" />
			<line number="730"  hits="200"  branch="false" />
			<line number="732"  hits="1311"  branch="false" />
			<line number="737"  hits="3135"  branch="false" />
			<line number="738"  hits="3135"  branch="true"  condition-coverage="100% (2/2)" />
			<line number="739"  hits="1502"  branch="false" />
			<line number="740"  hits="1502"  branch="true"  condition-coverage="100% (2/2)" />
			<line number="742"  hits="1633"  branch="false" />
			<line number="747"  hits="315"  branch="false" />
			<line number="748"  hits="315"  branch="false" />
			<line number="749"  hits="315"  branch="true"  condition-coverage="100% (2/2)" />
			<line number="750"  hits="314"  branch="false" />
			<line number="751"  hits="314"  branch="false" />
			<line number="755"  hits="21"  branch="false" />
			<line number="756"  hits="21"  branch="false" />
			<line number="757"  hits="21"  branch="false" />
			<line number="765"  hits="200"  branch="false" />
			<line number="766"  hits="194"  branch="true"  condition-coverage="100% (2/2)" />
			<line number="768"  hits="4"  branch="false" />
			<line number="769"  hits="2"  branch="true"  condition-coverage="100% (2/2)" />
			<line number="776"  hits="1311"  branch="false" />
			<line number="777"  hits="1306"  branch="true"  condition-coverage="100% (2/2)" />
			<line number="779"  hits="6"  branch="false" />
			<line number="782"  hits="3"  branch="false" />
			<line number="784"  hits="3"  branch="false" />
			<line number="785"  hits="3"  branch="false" />
			<line number="793"  hits="66"  branch="false" />
			<line number="794"  hits="63"  branch="true"  condition-coverage="100% (2/2)" />
			<line number="796"  hits="5"  branch="false" />
			<line number="798"  hits="3"  branch="true"  condition-coverage="100% (2/2)" />
			<line number="807"  hits="2"  branch="false" />
			<line number="817"  hits="1"  branch="false" />
			<line number="818"  hits="1"  branch="false" />
			<line number="822"  hits="1569"  branch="false" />
		</lines>
		</class>
		<class name="PolicyPoolComponent.sol"  filename="contracts/PolicyPoolComponent.sol"  line-rate="1"  branch-rate="0.9" >
		<methods>
			<method name="onlyPolicyPool"  hits="5317"  signature="()V" >
				<lines><line number="28"  hits="5317" /></lines>
			</method>
			<method name="constructor"  hits="550"  signature="()V" >
				<lines><line number="34"  hits="550" /></lines>
			</method>
			<method name="__PolicyPoolComponent_init"  hits="518"  signature="()V" >
				<lines><line number="41"  hits="518" /></lines>
			</method>
			<method name="_authorizeUpgrade"  hits="19"  signature="()V" >
				<lines><line number="45"  hits="19" /></lines>
			</method>
			<method name="_upgradeValidations"  hits="19"  signature="()V" >
				<lines><line number="49"  hits="19" /></lines>
			</method>
			<method name="supportsInterface"  hits="1093"  signature="()V" >
				<lines><line number="56"  hits="1093" /></lines>
			</method>
			<method name="policyPool"  hits="1214"  signature="()V" >
				<lines><line number="60"  hits="1214" /></lines>
			</method>
			<method name="currency"  hits="4116"  signature="()V" >
				<lines><line number="64"  hits="4116" /></lines>
			</method>
		</methods>
		<lines>
			<line number="29"  hits="5317"  branch="true"  condition-coverage="100% (2/2)" />
			<line number="30"  hits="5307"  branch="false" />
			<line number="35"  hits="550"  branch="true"  condition-coverage="100% (2/2)" />
			<line number="36"  hits="546"  branch="false" />
			<line number="37"  hits="546"  branch="false" />
			<line number="42"  hits="518"  branch="false" />
			<line number="46"  hits="19"  branch="false" />
			<line number="50"  hits="19"  branch="true"  condition-coverage="100% (2/2)" />
			<line number="57"  hits="1093"  branch="true"  condition-coverage="100% (2/2)" />
			<line number="61"  hits="1214"  branch="false" />
			<line number="65"  hits="4116"  branch="false" />
		</lines>
		</class>
		<class name="PremiumsAccount.sol"  filename="contracts/PremiumsAccount.sol"  line-rate="1"  branch-rate="0.9592" >
		<methods>
			<method name="constructor"  hits="166"  signature="()V" >
				<lines><line number="126"  hits="166" /></lines>
			</method>
			<method name="initialize"  hits="155"  signature="()V" >
				<lines><line number="134"  hits="155" /></lines>
			</method>
			<method name="__PremiumsAccount_init"  hits="155"  signature="()V" >
				<lines><line number="142"  hits="155" /></lines>
			</method>
			<method name="__PremiumsAccount_init_unchained"  hits="155"  signature="()V" >
				<lines><line number="148"  hits="155" /></lines>
			</method>
			<method name="_upgradeValidations"  hits="10"  signature="()V" >
				<lines><line number="160"  hits="10" /></lines>
			</method>
			<method name="supportsInterface"  hits="317"  signature="()V" >
				<lines><line number="171"  hits="317" /></lines>
			</method>
			<method name="yieldVault"  hits="8"  signature="()V" >
				<lines><line number="175"  hits="8" /></lines>
			</method>
			<method name="_setYieldVault"  hits="2"  signature="()V" >
				<lines><line number="179"  hits="2" /></lines>
			</method>
			<method name="_yieldEarnings"  hits="4"  signature="()V" >
				<lines><line number="191"  hits="4" /></lines>
			</method>
			<method name="purePremiums"  hits="23"  signature="()V" >
				<lines><line number="201"  hits="23" /></lines>
			</method>
			<method name="activePurePremiums"  hits="38"  signature="()V" >
				<lines><line number="209"  hits="38" /></lines>
			</method>
			<method name="wonPurePremiums"  hits="36"  signature="()V" >
				<lines><line number="217"  hits="36" /></lines>
			</method>
			<method name="borrowedActivePP"  hits="21"  signature="()V" >
				<lines><line number="225"  hits="21" /></lines>
			</method>
			<method name="surplus"  hits="4"  signature="()V" >
				<lines><line number="234"  hits="4" /></lines>
			</method>
			<method name="fundsAvailable"  hits="932"  signature="()V" >
				<lines><line number="241"  hits="932" /></lines>
			</method>
			<method name="seniorEtk"  hits="317"  signature="()V" >
				<lines><line number="246"  hits="317" /></lines>
			</method>
			<method name="juniorEtk"  hits="315"  signature="()V" >
				<lines><line number="250"  hits="315" /></lines>
			</method>
			<method name="etks"  hits="1553"  signature="()V" >
				<lines><line number="254"  hits="1553" /></lines>
			</method>
			<method name="_maxDeficit"  hits="1387"  signature="()V" >
				<lines><line number="269"  hits="1387" /></lines>
			</method>
			<method name="_toAmount"  hits="322"  signature="()V" >
				<lines><line number="273"  hits="322" /></lines>
			</method>
			<method name="_toZeroDecimals"  hits="124"  signature="()V" >
				<lines><line number="278"  hits="124" /></lines>
			</method>
			<method name="deficitRatio"  hits="1302"  signature="()V" >
				<lines><line number="286"  hits="1302" /></lines>
			</method>
			<method name="jrLoanLimit"  hits="221"  signature="()V" >
				<lines><line number="293"  hits="221" /></lines>
			</method>
			<method name="srLoanLimit"  hits="297"  signature="()V" >
				<lines><line number="300"  hits="297" /></lines>
			</method>
			<method name="setDeficitRatio"  hits="91"  signature="()V" >
				<lines><line number="314"  hits="91" /></lines>
			</method>
			<method name="setLoanLimits"  hits="87"  signature="()V" >
				<lines><line number="346"  hits="87" /></lines>
			</method>
			<method name="_borrowFromEtk"  hits="280"  signature="()V" >
				<lines><line number="368"  hits="280" /></lines>
			</method>
			<method name="_payFromPremiums"  hits="366"  signature="()V" >
				<lines><line number="395"  hits="366" /></lines>
			</method>
			<method name="_storePurePremiumWon"  hits="1557"  signature="()V" >
				<lines><line number="412"  hits="1557" /></lines>
			</method>
			<method name="receiveGrant"  hits="117"  signature="()V" >
				<lines><line number="430"  hits="117" /></lines>
			</method>
			<method name="withdrawWonPremiums"  hits="54"  signature="()V" >
				<lines><line number="454"  hits="54" /></lines>
			</method>
			<method name="policyCreated"  hits="1755"  signature="()V" >
				<lines><line number="468"  hits="1755" /></lines>
			</method>
			<method name="policyReplaced"  hits="82"  signature="()V" >
				<lines><line number="477"  hits="82" /></lines>
			</method>
			<method name="policyResolvedWithPayout"  hits="365"  signature="()V" >
				<lines><line number="517"  hits="365" /></lines>
			</method>
			<method name="_unlockScr"  hits="1801"  signature="()V" >
				<lines><line number="534"  hits="1801" /></lines>
			</method>
			<method name="repayLoans"  hits="799"  signature="()V" >
				<lines><line number="558"  hits="799" /></lines>
			</method>
			<method name="_repayLoan"  hits="813"  signature="()V" >
				<lines><line number="572"  hits="813" /></lines>
			</method>
			<method name="policyExpired"  hits="1437"  signature="()V" >
				<lines><line number="590"  hits="1437" /></lines>
			</method>
		</methods>
		<lines>
			<line number="127"  hits="166"  branch="false" />
			<line number="128"  hits="166"  branch="false" />
			<line number="135"  hits="155"  branch="false" />
			<line number="143"  hits="155"  branch="false" />
			<line number="144"  hits="155"  branch="false" />
			<line number="152"  hits="155"  branch="false" />
			<line number="161"  hits="10"  branch="false" />
			<line number="162"  hits="9"  branch="false" />
			<line number="163"  hits="9"  branch="false" />
			<line number="164"  hits="9"  branch="true"  condition-coverage="100% (4/4)" />
			<line number="165"  hits="8"  branch="true"  condition-coverage="100% (4/4)" />
			<line number="172"  hits="317"  branch="true"  condition-coverage="100% (2/2)" />
			<line number="176"  hits="8"  branch="false" />
			<line number="180"  hits="2"  branch="false" />
			<line number="192"  hits="4"  branch="true"  condition-coverage="100% (2/2)" />
			<line number="193"  hits="3"  branch="false" />
			<line number="195"  hits="1"  branch="false" />
			<line number="196"  hits="1"  branch="true"  condition-coverage="50% (1/2)" />
			<line number="198"  hits="4"  branch="false" />
			<line number="202"  hits="23"  branch="false" />
			<line number="210"  hits="38"  branch="false" />
			<line number="218"  hits="36"  branch="true"  condition-coverage="100% (2/2)" />
			<line number="226"  hits="21"  branch="true"  condition-coverage="100% (2/2)" />
			<line number="235"  hits="4"  branch="false" />
			<line number="243"  hits="932"  branch="false" />
			<line number="247"  hits="317"  branch="false" />
			<line number="251"  hits="315"  branch="false" />
			<line number="255"  hits="1553"  branch="false" />
			<line number="270"  hits="1387"  branch="false" />
			<line number="275"  hits="322"  branch="false" />
			<line number="280"  hits="124"  branch="false" />
			<line number="287"  hits="1302"  branch="false" />
			<line number="294"  hits="221"  branch="true"  condition-coverage="100% (2/2)" />
			<line number="301"  hits="297"  branch="true"  condition-coverage="100% (2/2)" />
			<line number="315"  hits="91"  branch="false" />
			<line number="316"  hits="91"  branch="true"  condition-coverage="100% (2/2)" />
			<line number="321"  hits="89"  branch="false" />
			<line number="322"  hits="89"  branch="true"  condition-coverage="100% (2/2)" />
			<line number="324"  hits="88"  branch="false" />
			<line number="325"  hits="88"  branch="true"  condition-coverage="100% (2/2)" />
			<line number="327"  hits="13"  branch="false" />
			<line number="328"  hits="13"  branch="false" />
			<line number="329"  hits="13"  branch="false" />
			<line number="331"  hits="88"  branch="false" />
			<line number="332"  hits="86"  branch="false" />
			<line number="347"  hits="87"  branch="true"  condition-coverage="100% (2/2)" />
			<line number="348"  hits="62"  branch="false" />
			<line number="349"  hits="62"  branch="false" />
			<line number="350"  hits="62"  branch="true"  condition-coverage="100% (2/2)" />
			<line number="352"  hits="84"  branch="true"  condition-coverage="100% (2/2)" />
			<line number="353"  hits="62"  branch="false" />
			<line number="354"  hits="62"  branch="false" />
			<line number="355"  hits="62"  branch="true"  condition-coverage="100% (2/2)" />
			<line number="369"  hits="280"  branch="false" />
			<line number="370"  hits="280"  branch="true"  condition-coverage="100% (2/2)" />
			<line number="371"  hits="95"  branch="true"  condition-coverage="100% (2/2)" />
			<line number="372"  hits="66"  branch="false" />
			<line number="375"  hits="28"  branch="false" />
			<line number="376"  hits="28"  branch="false" />
			<line number="379"  hits="279"  branch="true"  condition-coverage="100% (2/2)" />
			<line number="381"  hits="228"  branch="true"  condition-coverage="100% (2/2)" />
			<line number="382"  hits="227"  branch="false" />
			<line number="384"  hits="212"  branch="true"  condition-coverage="100% (2/2)" />
			<line number="396"  hits="366"  branch="false" />
			<line number="397"  hits="366"  branch="false" />
			<line number="398"  hits="366"  branch="true"  condition-coverage="100% (2/2)" />
			<line number="399"  hits="99"  branch="false" />
			<line number="400"  hits="99"  branch="false" />
			<line number="402"  hits="267"  branch="false" />
			<line number="403"  hits="267"  branch="false" />
			<line number="413"  hits="1557"  branch="false" />
			<line number="431"  hits="117"  branch="false" />
			<line number="432"  hits="117"  branch="false" />
			<line number="433"  hits="112"  branch="false" />
			<line number="455"  hits="54"  branch="true"  condition-coverage="100% (2/2)" />
			<line number="456"  hits="53"  branch="true"  condition-coverage="100% (2/2)" />
			<line number="457"  hits="24"  branch="true"  condition-coverage="50% (1/2)" />
			<line number="458"  hits="24"  branch="false" />
			<line number="460"  hits="29"  branch="true"  condition-coverage="100% (2/2)" />
			<line number="462"  hits="50"  branch="false" />
			<line number="463"  hits="50"  branch="false" />
			<line number="464"  hits="46"  branch="false" />
			<line number="465"  hits="41"  branch="false" />
			<line number="469"  hits="1755"  branch="false" />
			<line number="470"  hits="1749"  branch="true"  condition-coverage="100% (2/2)" />
			<line number="471"  hits="1747"  branch="true"  condition-coverage="100% (2/2)" />
			<line number="486"  hits="82"  branch="false" />
			<line number="495"  hits="82"  branch="true"  condition-coverage="100% (2/2)" />
			<line number="496"  hits="62"  branch="false" />
			<line number="502"  hits="82"  branch="true"  condition-coverage="100% (2/2)" />
			<line number="503"  hits="82"  branch="true"  condition-coverage="100% (2/2)" />
			<line number="504"  hits="63"  branch="false" />
			<line number="510"  hits="82"  branch="true"  condition-coverage="100% (2/2)" />
			<line number="518"  hits="365"  branch="false" />
			<line number="519"  hits="365"  branch="false" />
			<line number="520"  hits="365"  branch="true"  condition-coverage="100% (2/2)" />
			<line number="521"  hits="267"  branch="false" />
			<line number="522"  hits="267"  branch="false" />
			<line number="524"  hits="98"  branch="false" />
			<line number="526"  hits="347"  branch="false" />
			<line number="535"  hits="1801"  branch="true"  condition-coverage="100% (2/2)" />
			<line number="536"  hits="107"  branch="false" />
			<line number="543"  hits="1801"  branch="true"  condition-coverage="100% (2/2)" />
			<line number="544"  hits="1359"  branch="false" />
			<line number="559"  hits="799"  branch="false" />
			<line number="560"  hits="799"  branch="true"  condition-coverage="100% (2/2)" />
			<line number="561"  hits="659"  branch="true"  condition-coverage="100% (2/2)" />
			<line number="562"  hits="625"  branch="false" />
			<line number="573"  hits="813"  branch="false" />
			<line number="574"  hits="813"  branch="true"  condition-coverage="100% (2/2)" />
			<line number="575"  hits="464"  branch="false" />
			<line number="576"  hits="464"  branch="false" />
			<line number="579"  hits="464"  branch="false" />
			<line number="581"  hits="464"  branch="true"  condition-coverage="100% (2/2)" />
			<line number="584"  hits="140"  branch="false" />
			<line number="586"  hits="464"  branch="false" />
			<line number="587"  hits="318"  branch="false" />
			<line number="591"  hits="1437"  branch="false" />
			<line number="592"  hits="1437"  branch="false" />
			<line number="593"  hits="1437"  branch="false" />
		</lines>
		</class>
		<class name="Reserve.sol"  filename="contracts/Reserve.sol"  line-rate="1"  branch-rate="0.975" >
		<methods>
			<method name="constructor"  hits="396"  signature="()V" >
				<lines><line number="51"  hits="396" /></lines>
			</method>
			<method name="__Reserve_init"  hits="387"  signature="()V" >
				<lines><line number="57"  hits="387" /></lines>
			</method>
			<method name="_transferTo"  hits="1447"  signature="()V" >
				<lines><line number="69"  hits="1447" /></lines>
			</method>
			<method name="investedInYV"  hits="19"  signature="()V" >
				<lines><line number="101"  hits="19" /></lines>
			</method>
			<method name="_yieldEarnings"  hits="26"  signature="()V" >
				<lines><line number="112"  hits="26" /></lines>
			</method>
			<method name="setYieldVault"  hits="21"  signature="()V" >
				<lines><line number="130"  hits="21" /></lines>
			</method>
			<method name="_deinvest"  hits="13"  signature="()V" >
				<lines><line number="161"  hits="13" /></lines>
			</method>
			<method name="_safeDeInvestAll"  hits="2"  signature="()V" >
				<lines><line number="178"  hits="2" /></lines>
			</method>
			<method name="_balance"  hits="1441"  signature="()V" >
				<lines><line number="197"  hits="1441" /></lines>
			</method>
			<method name="withdrawFromYieldVault"  hits="4"  signature="()V" >
				<lines><line number="209"  hits="4" /></lines>
			</method>
			<method name="depositIntoYieldVault"  hits="15"  signature="()V" >
				<lines><line number="224"  hits="15" /></lines>
			</method>
			<method name="recordEarnings"  hits="10"  signature="()V" >
				<lines><line number="243"  hits="10" /></lines>
			</method>
		</methods>
		<lines>
			<line number="58"  hits="387"  branch="false" />
			<line number="70"  hits="1447"  branch="true"  condition-coverage="100% (2/2)" />
			<line number="71"  hits="1446"  branch="true"  condition-coverage="100% (2/2)" />
			<line number="72"  hits="1427"  branch="false" />
			<line number="73"  hits="1417"  branch="true"  condition-coverage="100% (2/2)" />
			<line number="74"  hits="13"  branch="false" />
			<line number="75"  hits="13"  branch="true"  condition-coverage="100% (2/2)" />
			<line number="76"  hits="10"  branch="false" />
			<line number="80"  hits="1415"  branch="true"  condition-coverage="100% (2/2)" />
			<line number="102"  hits="19"  branch="false" />
			<line number="113"  hits="26"  branch="false" />
			<line number="131"  hits="21"  branch="false" />
			<line number="132"  hits="21"  branch="false" />
			<line number="133"  hits="21"  branch="true"  condition-coverage="100% (4/4)" />
			<line number="134"  hits="18"  branch="false" />
			<line number="135"  hits="18"  branch="false" />
			<line number="137"  hits="18"  branch="true"  condition-coverage="100% (2/2)" />
			<line number="138"  hits="8"  branch="false" />
			<line number="139"  hits="8"  branch="true"  condition-coverage="100% (2/2)" />
			<line number="140"  hits="7"  branch="true"  condition-coverage="100% (2/2)" />
			<line number="142"  hits="2"  branch="false" />
			<line number="145"  hits="5"  branch="false" />
			<line number="148"  hits="6"  branch="false" />
			<line number="150"  hits="16"  branch="false" />
			<line number="153"  hits="16"  branch="false" />
			<line number="154"  hits="16"  branch="false" />
			<line number="155"  hits="16"  branch="true"  condition-coverage="100% (2/2)" />
			<line number="156"  hits="8"  branch="false" />
			<line number="158"  hits="16"  branch="false" />
			<line number="162"  hits="13"  branch="false" />
			<line number="163"  hits="11"  branch="true"  condition-coverage="100% (2/2)" />
			<line number="165"  hits="2"  branch="false" />
			<line number="166"  hits="2"  branch="false" />
			<line number="168"  hits="9"  branch="false" />
			<line number="182"  hits="2"  branch="false" />
			<line number="183"  hits="2"  branch="true"  condition-coverage="100% (2/2)" />
			<line number="184"  hits="1"  branch="false" />
			<line number="185"  hits="1"  branch="false" />
			<line number="189"  hits="2"  branch="false" />
			<line number="190"  hits="1"  branch="false" />
			<line number="192"  hits="1"  branch="false" />
			<line number="193"  hits="1"  branch="false" />
			<line number="198"  hits="1441"  branch="false" />
			<line number="210"  hits="4"  branch="false" />
			<line number="211"  hits="4"  branch="true"  condition-coverage="100% (2/2)" />
			<line number="212"  hits="3"  branch="true"  condition-coverage="100% (2/2)" />
			<line number="213"  hits="3"  branch="false" />
			<line number="214"  hits="3"  branch="false" />
			<line number="225"  hits="15"  branch="false" />
			<line number="226"  hits="15"  branch="true"  condition-coverage="100% (2/2)" />
			<line number="227"  hits="14"  branch="false" />
			<line number="228"  hits="14"  branch="true"  condition-coverage="100% (2/2)" />
			<line number="229"  hits="8"  branch="false" />
			<line number="231"  hits="6"  branch="true"  condition-coverage="100% (2/2)" />
			<line number="233"  hits="13"  branch="false" />
			<line number="234"  hits="13"  branch="false" />
			<line number="244"  hits="10"  branch="false" />
			<line number="245"  hits="10"  branch="true"  condition-coverage="100% (2/2)" />
			<line number="246"  hits="9"  branch="false" />
			<line number="247"  hits="9"  branch="false" />
			<line number="248"  hits="9"  branch="false" />
			<line number="249"  hits="9"  branch="false" />
		</lines>
		</class>
		<class name="RiskModule.sol"  filename="contracts/RiskModule.sol"  line-rate="1"  branch-rate="0.9231" >
		<methods>
			<method name="constructor"  hits="120"  signature="()V" >
				<lines><line number="40"  hits="120" /></lines>
			</method>
			<method name="initialize"  hits="113"  signature="()V" >
				<lines><line number="52"  hits="113" /></lines>
			</method>
			<method name="__RiskModule_init"  hits="113"  signature="()V" >
				<lines><line number="62"  hits="113" /></lines>
			</method>
			<method name="__RiskModule_init_unchained"  hits="113"  signature="()V" >
				<lines><line number="68"  hits="113" /></lines>
			</method>
			<method name="_upgradeValidations"  hits="4"  signature="()V" >
				<lines><line number="73"  hits="4" /></lines>
			</method>
			<method name="supportsInterface"  hits="340"  signature="()V" >
				<lines><line number="84"  hits="340" /></lines>
			</method>
			<method name="wallet"  hits="2808"  signature="()V" >
				<lines><line number="88"  hits="2808" /></lines>
			</method>
			<method name="setWallet"  hits="115"  signature="()V" >
				<lines><line number="92"  hits="115" /></lines>
			</method>
			<method name="underwriter"  hits="1"  signature="()V" >
				<lines><line number="98"  hits="1" /></lines>
			</method>
			<method name="setUnderwriter"  hits="114"  signature="()V" >
				<lines><line number="102"  hits="114" /></lines>
			</method>
			<method name="premiumsAccount"  hits="3139"  signature="()V" >
				<lines><line number="108"  hits="3139" /></lines>
			</method>
			<method name="getMinimumPremium"  hits="92"  signature="()V" >
				<lines><line number="112"  hits="92" /></lines>
			</method>
			<method name="newPolicy"  hits="1525"  signature="()V" >
				<lines><line number="129"  hits="1525" /></lines>
			</method>
			<method name="replacePolicy"  hits="81"  signature="()V" >
				<lines><line number="156"  hits="81" /></lines>
			</method>
			<method name="resolvePolicy"  hits="1108"  signature="()V" >
				<lines><line number="191"  hits="1108" /></lines>
			</method>
		</methods>
		<lines>
			<line number="41"  hits="120"  branch="true"  condition-coverage="100% (2/2)" />
			<line number="42"  hits="1"  branch="false" />
			<line number="44"  hits="118"  branch="false" />
			<line number="53"  hits="113"  branch="false" />
			<line number="63"  hits="113"  branch="false" />
			<line number="64"  hits="113"  branch="false" />
			<line number="69"  hits="113"  branch="false" />
			<line number="70"  hits="112"  branch="false" />
			<line number="74"  hits="4"  branch="false" />
			<line number="75"  hits="3"  branch="false" />
			<line number="76"  hits="3"  branch="true"  condition-coverage="100% (2/2)" />
			<line number="77"  hits="1"  branch="false" />
			<line number="85"  hits="340"  branch="true"  condition-coverage="100% (2/2)" />
			<line number="89"  hits="2808"  branch="false" />
			<line number="93"  hits="115"  branch="true"  condition-coverage="100% (2/2)" />
			<line number="94"  hits="113"  branch="false" />
			<line number="95"  hits="113"  branch="false" />
			<line number="99"  hits="1"  branch="false" />
			<line number="103"  hits="114"  branch="true"  condition-coverage="100% (2/2)" />
			<line number="104"  hits="113"  branch="false" />
			<line number="105"  hits="113"  branch="false" />
			<line number="109"  hits="3139"  branch="false" />
			<line number="119"  hits="92"  branch="false" />
			<line number="130"  hits="1525"  branch="false" />
			<line number="139"  hits="1525"  branch="false" />
			<line number="140"  hits="1525"  branch="true"  condition-coverage="100% (2/2)" />
			<line number="141"  hits="84"  branch="false" />
			<line number="143"  hits="1525"  branch="true"  condition-coverage="100% (2/2)" />
			<line number="144"  hits="1523"  branch="true"  condition-coverage="100% (2/2)" />
			<line number="145"  hits="1521"  branch="false" />
			<line number="146"  hits="1518"  branch="false" />
			<line number="147"  hits="1266"  branch="false" />
			<line number="157"  hits="81"  branch="false" />
			<line number="167"  hits="81"  branch="true"  condition-coverage="100% (2/2)" />
			<line number="168"  hits="1"  branch="false" />
			<line number="170"  hits="81"  branch="true"  condition-coverage="100% (2/2)" />
			<line number="171"  hits="80"  branch="false" />
			<line number="173"  hits="79"  branch="false" />
			<line number="175"  hits="48"  branch="false" />
			<line number="192"  hits="1108"  branch="false" />
		</lines>
		</class>
	</classes>
	</package>
	<package name="contracts.interfaces"  line-rate="1"  branch-rate="1" >
	<classes>
		<class name="ICooler.sol"  filename="contracts/interfaces/ICooler.sol"  line-rate="1"  branch-rate="1" >
		<methods>
		</methods>
		<lines>
		</lines>
		</class>
		<class name="IEToken.sol"  filename="contracts/interfaces/IEToken.sol"  line-rate="1"  branch-rate="1" >
		<methods>
		</methods>
		<lines>
		</lines>
		</class>
		<class name="ILPWhitelist.sol"  filename="contracts/interfaces/ILPWhitelist.sol"  line-rate="1"  branch-rate="1" >
		<methods>
		</methods>
		<lines>
		</lines>
		</class>
		<class name="IPolicyHolder.sol"  filename="contracts/interfaces/IPolicyHolder.sol"  line-rate="1"  branch-rate="1" >
		<methods>
		</methods>
		<lines>
		</lines>
		</class>
		<class name="IPolicyHolderV2.sol"  filename="contracts/interfaces/IPolicyHolderV2.sol"  line-rate="1"  branch-rate="1" >
		<methods>
		</methods>
		<lines>
		</lines>
		</class>
		<class name="IPolicyPool.sol"  filename="contracts/interfaces/IPolicyPool.sol"  line-rate="1"  branch-rate="1" >
		<methods>
		</methods>
		<lines>
		</lines>
		</class>
		<class name="IPolicyPoolComponent.sol"  filename="contracts/interfaces/IPolicyPoolComponent.sol"  line-rate="1"  branch-rate="1" >
		<methods>
		</methods>
		<lines>
		</lines>
		</class>
		<class name="IPremiumsAccount.sol"  filename="contracts/interfaces/IPremiumsAccount.sol"  line-rate="1"  branch-rate="1" >
		<methods>
		</methods>
		<lines>
		</lines>
		</class>
		<class name="IRiskModule.sol"  filename="contracts/interfaces/IRiskModule.sol"  line-rate="1"  branch-rate="1" >
		<methods>
		</methods>
		<lines>
		</lines>
		</class>
		<class name="IUnderwriter.sol"  filename="contracts/interfaces/IUnderwriter.sol"  line-rate="1"  branch-rate="1" >
		<methods>
		</methods>
		<lines>
		</lines>
		</class>
	</classes>
	</package>
	<package name="contracts.underwriters"  line-rate="1"  branch-rate="1" >
	<classes>
		<class name="FullTrustedUW.sol"  filename="contracts/underwriters/FullTrustedUW.sol"  line-rate="1"  branch-rate="1" >
		<methods>
			<method name="priceNewPolicy"  hits="1525"  signature="()V" >
				<lines><line number="11"  hits="1525" /></lines>
			</method>
			<method name="pricePolicyReplacement"  hits="81"  signature="()V" >
				<lines><line number="30"  hits="81" /></lines>
			</method>
		</methods>
		<lines>
			<line number="27"  hits="1525"  branch="false" />
			<line number="47"  hits="81"  branch="false" />
		</lines>
		</class>
	</classes>
	</package>
</packages>
</coverage>
