<?xml version="1.0" ?>
<!DOCTYPE coverage SYSTEM "http://cobertura.sourceforge.net/xml/coverage-04.dtd">
<coverage lines-valid="780"  lines-covered="780"  line-rate="1"  branches-valid="526"  branches-covered="509"  branch-rate="0.9677"  timestamp="1765464104519" complexity="0" version="0.1">
<sources>
	<source>/home/runner/work/ensuro/ensuro</source>
</sources>
<packages>
	<package name="contracts"  line-rate="1"  branch-rate="0.9669" >
	<classes>
		<class name="Cooler.sol"  filename="contracts/Cooler.sol"  line-rate="1"  branch-rate="0.9615" >
		<methods>
			<method name="constructor"  hits="4"  signature="()V" >
				<lines><line number="133"  hits="4" /></lines>
			</method>
			<method name="initialize"  hits="3"  signature="()V" >
				<lines><line number="141"  hits="3" /></lines>
			</method>
			<method name="__Cooler_init"  hits="3"  signature="()V" >
				<lines><line number="146"  hits="3" /></lines>
			</method>
			<method name="supportsInterface"  hits="7"  signature="()V" >
				<lines><line number="152"  hits="7" /></lines>
			</method>
			<method name="pendingWithdrawals"  hits="13"  signature="()V" >
				<lines><line number="162"  hits="13" /></lines>
			</method>
			<method name="cooldownPeriod"  hits="21"  signature="()V" >
				<lines><line number="167"  hits="21" /></lines>
			</method>
			<method name="setCooldownPeriod"  hits="12"  signature="()V" >
				<lines><line number="183"  hits="12" /></lines>
			</method>
			<method name="scheduleWithdrawalWithPermit"  hits="3"  signature="()V" >
				<lines><line number="205"  hits="3" /></lines>
			</method>
			<method name="scheduleWithdrawal"  hits="12"  signature="()V" >
				<lines><line number="231"  hits="12" /></lines>
			</method>
			<method name="_scheduleWithdrawal"  hits="15"  signature="()V" >
				<lines><line number="235"  hits="15" /></lines>
			</method>
			<method name="executeWithdrawal"  hits="14"  signature="()V" >
				<lines><line number="274"  hits="14" /></lines>
			</method>
			<method name="_computeCurrentValue"  hits="19"  signature="()V" >
				<lines><line number="300"  hits="19" /></lines>
			</method>
			<method name="getCurrentValue"  hits="11"  signature="()V" >
				<lines><line number="314"  hits="11" /></lines>
			</method>
		</methods>
		<lines>
			<line number="142"  hits="3"  branch="false" />
			<line number="147"  hits="3"  branch="false" />
			<line number="148"  hits="3"  branch="false" />
			<line number="155"  hits="7"  branch="false" />
			<line number="163"  hits="13"  branch="false" />
			<line number="172"  hits="21"  branch="false" />
			<line number="184"  hits="12"  branch="false" />
			<line number="185"  hits="12"  branch="false" />
			<line number="215"  hits="3"  branch="false" />
			<line number="218"  hits="3"  branch="false" />
			<line number="232"  hits="12"  branch="false" />
			<line number="236"  hits="15"  branch="true"  condition-coverage="100% (2/2)" />
			<line number="237"  hits="14"  branch="true"  condition-coverage="100% (2/2)" />
			<line number="238"  hits="14"  branch="true"  condition-coverage="100% (2/2)" />
			<line number="240"  hits="13"  branch="false" />
			<line number="241"  hits="13"  branch="true"  condition-coverage="100% (2/2)" />
			<line number="242"  hits="11"  branch="false" />
			<line number="244"  hits="1"  branch="false" />
			<line number="247"  hits="12"  branch="false" />
			<line number="248"  hits="12"  branch="false" />
			<line number="249"  hits="12"  branch="false" />
			<line number="256"  hits="12"  branch="false" />
			<line number="257"  hits="12"  branch="false" />
			<line number="258"  hits="11"  branch="false" />
			<line number="259"  hits="11"  branch="false" />
			<line number="275"  hits="14"  branch="false" />
			<line number="276"  hits="14"  branch="true"  condition-coverage="100% (2/2)" />
			<line number="277"  hits="12"  branch="true"  condition-coverage="100% (2/2)" />
			<line number="279"  hits="11"  branch="false" />
			<line number="280"  hits="11"  branch="false" />
			<line number="281"  hits="11"  branch="false" />
			<line number="284"  hits="11"  branch="false" />
			<line number="285"  hits="11"  branch="false" />
			<line number="286"  hits="11"  branch="false" />
			<line number="288"  hits="11"  branch="false" />
			<line number="289"  hits="10"  branch="true"  condition-coverage="100% (2/2)" />
			<line number="293"  hits="1"  branch="false" />
			<line number="297"  hits="10"  branch="false" />
			<line number="301"  hits="19"  branch="false" />
			<line number="315"  hits="11"  branch="false" />
			<line number="316"  hits="11"  branch="true"  condition-coverage="100% (2/2)" />
			<line number="317"  hits="8"  branch="false" />
		</lines>
		</class>
		<class name="ETKLib.sol"  filename="contracts/ETKLib.sol"  line-rate="1"  branch-rate="0.9375" >
		<methods>
			<method name="_mulDiv"  hits="25328"  signature="()V" >
				<lines><line number="46"  hits="25328" /></lines>
			</method>
			<method name="_mulDiv"  hits="4655"  signature="()V" >
				<lines><line number="57"  hits="4655" /></lines>
			</method>
			<method name="_mulDivCeil"  hits="2721"  signature="()V" >
				<lines><line number="68"  hits="2721" /></lines>
			</method>
			<method name="toCurrent"  hits="3891"  signature="()V" >
				<lines><line number="83"  hits="3891" /></lines>
			</method>
			<method name="toCurrentCeil"  hits="1468"  signature="()V" >
				<lines><line number="94"  hits="1468" /></lines>
			</method>
			<method name="toScaled"  hits="1178"  signature="()V" >
				<lines><line number="104"  hits="1178" /></lines>
			</method>
			<method name="toScaledCeil"  hits="895"  signature="()V" >
				<lines><line number="115"  hits="895" /></lines>
			</method>
			<method name="grow"  hits="2138"  signature="()V" >
				<lines><line number="124"  hits="2138" /></lines>
			</method>
			<method name="add"  hits="1293"  signature="()V" >
				<lines><line number="133"  hits="1293" /></lines>
			</method>
			<method name="add"  hits="4654"  signature="()V" >
				<lines><line number="143"  hits="4654" /></lines>
			</method>
			<method name="toUint256"  hits="15556"  signature="()V" >
				<lines><line number="152"  hits="15556" /></lines>
			</method>
			<method name="projectScale"  hits="2357"  signature="()V" >
				<lines><line number="161"  hits="2357" /></lines>
			</method>
			<method name="projectScale"  hits="5079"  signature="()V" >
				<lines><line number="173"  hits="5079" /></lines>
			</method>
			<method name="init"  hits="886"  signature="()V" >
				<lines><line number="179"  hits="886" /></lines>
			</method>
			<method name="_add"  hits="1126"  signature="()V" >
				<lines><line number="194"  hits="1126" /></lines>
			</method>
			<method name="_sub"  hits="762"  signature="()V" >
				<lines><line number="225"  hits="762" /></lines>
			</method>
			<method name="add"  hits="355"  signature="()V" >
				<lines><line number="252"  hits="355" /></lines>
			</method>
			<method name="sub"  hits="534"  signature="()V" >
				<lines><line number="263"  hits="534" /></lines>
			</method>
			<method name="add"  hits="771"  signature="()V" >
				<lines><line number="274"  hits="771" /></lines>
			</method>
			<method name="sub"  hits="228"  signature="()V" >
				<lines><line number="285"  hits="228" /></lines>
			</method>
			<method name="discreteChange"  hits="4656"  signature="()V" >
				<lines><line number="302"  hits="4656" /></lines>
			</method>
			<method name="minValue"  hits="358"  signature="()V" >
				<lines><line number="316"  hits="358" /></lines>
			</method>
			<method name="add"  hits="2044"  signature="()V" >
				<lines><line number="332"  hits="2044" /></lines>
			</method>
			<method name="sub"  hits="1697"  signature="()V" >
				<lines><line number="362"  hits="1697" /></lines>
			</method>
			<method name="earnings"  hits="9734"  signature="()V" >
				<lines><line number="386"  hits="9734" /></lines>
			</method>
			<method name="fundsAvailable"  hits="2094"  signature="()V" >
				<lines><line number="401"  hits="2094" /></lines>
			</method>
			<method name="scrAmount"  hits="964"  signature="()V" >
				<lines><line number="410"  hits="964" /></lines>
			</method>
		</methods>
		<lines>
			<line number="47"  hits="25328"  branch="false" />
			<line number="48"  hits="25328"  branch="false" />
			<line number="58"  hits="4655"  branch="false" />
			<line number="59"  hits="4655"  branch="false" />
			<line number="69"  hits="2721"  branch="false" />
			<line number="70"  hits="2721"  branch="false" />
			<line number="84"  hits="3891"  branch="false" />
			<line number="95"  hits="1468"  branch="false" />
			<line number="105"  hits="1178"  branch="false" />
			<line number="116"  hits="895"  branch="false" />
			<line number="125"  hits="2138"  branch="false" />
			<line number="134"  hits="1293"  branch="false" />
			<line number="144"  hits="4654"  branch="false" />
			<line number="145"  hits="4654"  branch="true"  condition-coverage="50% (1/2)" />
			<line number="146"  hits="4654"  branch="false" />
			<line number="153"  hits="15531"  branch="false" />
			<line number="162"  hits="2357"  branch="false" />
			<line number="163"  hits="2357"  branch="true"  condition-coverage="100% (2/2)" />
			<line number="164"  hits="2138"  branch="false" />
			<line number="166"  hits="219"  branch="false" />
			<line number="174"  hits="5079"  branch="false" />
			<line number="175"  hits="5058"  branch="true"  condition-coverage="100% (2/2)" />
			<line number="176"  hits="1293"  branch="false" />
			<line number="180"  hits="886"  branch="false" />
			<line number="181"  hits="886"  branch="false" />
			<line number="182"  hits="840"  branch="false" />
			<line number="199"  hits="1126"  branch="false" />
			<line number="200"  hits="1126"  branch="false" />
			<line number="230"  hits="762"  branch="false" />
			<line number="231"  hits="762"  branch="false" />
			<line number="232"  hits="762"  branch="false" />
			<line number="233"  hits="762"  branch="true"  condition-coverage="100% (2/2)" />
			<line number="236"  hits="52"  branch="false" />
			<line number="237"  hits="52"  branch="false" />
			<line number="239"  hits="759"  branch="true"  condition-coverage="100% (2/2)" />
			<line number="241"  hits="108"  branch="false" />
			<line number="243"  hits="759"  branch="false" />
			<line number="257"  hits="355"  branch="false" />
			<line number="268"  hits="534"  branch="false" />
			<line number="279"  hits="771"  branch="false" />
			<line number="290"  hits="228"  branch="false" />
			<line number="308"  hits="4656"  branch="false" />
			<line number="309"  hits="4655"  branch="false" />
			<line number="310"  hits="4654"  branch="false" />
			<line number="317"  hits="358"  branch="false" />
			<line number="337"  hits="2044"  branch="true"  condition-coverage="100% (2/2)" />
			<line number="338"  hits="770"  branch="false" />
			<line number="340"  hits="1274"  branch="false" />
			<line number="341"  hits="1274"  branch="false" />
			<line number="343"  hits="1274"  branch="false" />
			<line number="349"  hits="1274"  branch="false" />
			<line number="367"  hits="1697"  branch="true"  condition-coverage="100% (2/2)" />
			<line number="368"  hits="587"  branch="false" />
			<line number="370"  hits="1110"  branch="false" />
			<line number="371"  hits="1110"  branch="false" />
			<line number="373"  hits="1109"  branch="false" />
			<line number="379"  hits="1109"  branch="false" />
			<line number="387"  hits="9734"  branch="false" />
			<line number="402"  hits="2094"  branch="false" />
			<line number="403"  hits="2094"  branch="true"  condition-coverage="100% (2/2)" />
			<line number="411"  hits="963"  branch="false" />
		</lines>
		</class>
		<class name="EToken.sol"  filename="contracts/EToken.sol"  line-rate="1"  branch-rate="0.9914000000000001" >
		<methods>
			<method name="onlyBorrower"  hits="4126"  signature="()V" >
				<lines><line number="185"  hits="4126" /></lines>
			</method>
			<method name="_getERC20StorageFromEToken"  hits="1132"  signature="()V" >
				<lines><line number="194"  hits="1132" /></lines>
			</method>
			<method name="constructor"  hits="230"  signature="()V" >
				<lines><line number="203"  hits="230" /></lines>
			</method>
			<method name="initialize"  hits="234"  signature="()V" >
				<lines><line number="217"  hits="234" /></lines>
			</method>
			<method name="__EToken_init_unchained"  hits="234"  signature="()V" >
				<lines><line number="228"  hits="234" /></lines>
			</method>
			<method name="supportsInterface"  hits="435"  signature="()V" >
				<lines><line number="248"  hits="435" /></lines>
			</method>
			<method name="decimals"  hits="1"  signature="()V" >
				<lines><line number="259"  hits="1" /></lines>
			</method>
			<method name="totalSupply"  hits="3490"  signature="()V" >
				<lines><line number="264"  hits="3490" /></lines>
			</method>
			<method name="balanceOf"  hits="421"  signature="()V" >
				<lines><line number="269"  hits="421" /></lines>
			</method>
			<method name="_update"  hits="1135"  signature="()V" >
				<lines><line number="274"  hits="1135" /></lines>
			</method>
			<method name="scaledBalanceOf"  hits="3"  signature="()V" >
				<lines><line number="323"  hits="3" /></lines>
			</method>
			<method name="getScaledUserBalanceAndSupply"  hits="1"  signature="()V" >
				<lines><line number="333"  hits="1" /></lines>
			</method>
			<method name="scaledTotalSupply"  hits="3"  signature="()V" >
				<lines><line number="341"  hits="3" /></lines>
			</method>
			<method name="getCurrentScale"  hits="40"  signature="()V" >
				<lines><line number="348"  hits="40" /></lines>
			</method>
			<method name="fundsAvailable"  hits="28"  signature="()V" >
				<lines><line number="356"  hits="28" /></lines>
			</method>
			<method name="fundsAvailableToLock"  hits="2066"  signature="()V" >
				<lines><line number="364"  hits="2066" /></lines>
			</method>
			<method name="yieldVault"  hits="23"  signature="()V" >
				<lines><line number="380"  hits="23" /></lines>
			</method>
			<method name="_setYieldVault"  hits="5"  signature="()V" >
				<lines><line number="384"  hits="5" /></lines>
			</method>
			<method name="_4toWad"  hits="5433"  signature="()V" >
				<lines><line number="389"  hits="5433" /></lines>
			</method>
			<method name="_wadTo4"  hits="532"  signature="()V" >
				<lines><line number="394"  hits="532" /></lines>
			</method>
			<method name="scr"  hits="38"  signature="()V" >
				<lines><line number="400"  hits="38" /></lines>
			</method>
			<method name="scrInterestRate"  hits="7"  signature="()V" >
				<lines><line number="405"  hits="7" /></lines>
			</method>
			<method name="tokenInterestRate"  hits="6"  signature="()V" >
				<lines><line number="410"  hits="6" /></lines>
			</method>
			<method name="liquidityRequirement"  hits="256"  signature="()V" >
				<lines><line number="421"  hits="256" /></lines>
			</method>
			<method name="maxUtilizationRate"  hits="2066"  signature="()V" >
				<lines><line number="430"  hits="2066" /></lines>
			</method>
			<method name="minUtilizationRate"  hits="751"  signature="()V" >
				<lines><line number="439"  hits="751" /></lines>
			</method>
			<method name="utilizationRate"  hits="748"  signature="()V" >
				<lines><line number="446"  hits="748" /></lines>
			</method>
			<method name="lockScr"  hits="2050"  signature="()V" >
				<lines><line number="450"  hits="2050" /></lines>
			</method>
			<method name="_unlockScr"  hits="1712"  signature="()V" >
				<lines><line number="457"  hits="1712" /></lines>
			</method>
			<method name="unlockScr"  hits="1702"  signature="()V" >
				<lines><line number="470"  hits="1702" /></lines>
			</method>
			<method name="unlockScrWithRefund"  hits="11"  signature="()V" >
				<lines><line number="481"  hits="11" /></lines>
			</method>
			<method name="_yieldEarnings"  hits="12"  signature="()V" >
				<lines><line number="489"  hits="12" /></lines>
			</method>
			<method name="_discreteChange"  hits="899"  signature="()V" >
				<lines><line number="494"  hits="899" /></lines>
			</method>
			<method name="deposit"  hits="778"  signature="()V" >
				<lines><line number="498"  hits="778" /></lines>
			</method>
			<method name="totalWithdrawable"  hits="255"  signature="()V" >
				<lines><line number="510"  hits="255" /></lines>
			</method>
			<method name="withdraw"  hits="250"  signature="()V" >
				<lines><line number="522"  hits="250" /></lines>
			</method>
			<method name="redistribute"  hits="1"  signature="()V" >
				<lines><line number="553"  hits="1" /></lines>
			</method>
			<method name="addBorrower"  hits="654"  signature="()V" >
				<lines><line number="559"  hits="654" /></lines>
			</method>
			<method name="removeBorrower"  hits="5"  signature="()V" >
				<lines><line number="567"  hits="5" /></lines>
			</method>
			<method name="maxNegativeAdjustment"  hits="358"  signature="()V" >
				<lines><line number="578"  hits="358" /></lines>
			</method>
			<method name="internalLoan"  hits="356"  signature="()V" >
				<lines><line number="582"  hits="356" /></lines>
			</method>
			<method name="repayLoan"  hits="535"  signature="()V" >
				<lines><line number="593"  hits="535" /></lines>
			</method>
			<method name="getLoan"  hits="1471"  signature="()V" >
				<lines><line number="605"  hits="1471" /></lines>
			</method>
			<method name="internalLoanInterestRate"  hits="2360"  signature="()V" >
				<lines><line number="614"  hits="2360" /></lines>
			</method>
			<method name="setParam"  hits="537"  signature="()V" >
				<lines><line number="618"  hits="537" /></lines>
			</method>
			<method name="setWhitelist"  hits="33"  signature="()V" >
				<lines><line number="650"  hits="33" /></lines>
			</method>
			<method name="whitelist"  hits="2"  signature="()V" >
				<lines><line number="659"  hits="2" /></lines>
			</method>
			<method name="setCooler"  hits="15"  signature="()V" >
				<lines><line number="663"  hits="15" /></lines>
			</method>
			<method name="cooler"  hits="18"  signature="()V" >
				<lines><line number="672"  hits="18" /></lines>
			</method>
		</methods>
		<lines>
			<line number="186"  hits="4126"  branch="true"  condition-coverage="100% (2/2)" />
			<line number="187"  hits="4119"  branch="false" />
			<line number="196"  hits="1132"  branch="false" />
			<line number="218"  hits="234"  branch="false" />
			<line number="219"  hits="234"  branch="false" />
			<line number="220"  hits="234"  branch="false" />
			<line number="221"  hits="234"  branch="false" />
			<line number="229"  hits="234"  branch="false" />
			<line number="235"  hits="234"  branch="false" />
			<line number="243"  hits="234"  branch="false" />
			<line number="244"  hits="234"  branch="false" />
			<line number="249"  hits="435"  branch="false" />
			<line number="260"  hits="1"  branch="false" />
			<line number="265"  hits="3490"  branch="false" />
			<line number="270"  hits="421"  branch="false" />
			<line number="275"  hits="1135"  branch="false" />
			<line number="276"  hits="1135"  branch="true"  condition-coverage="100% (2/2)" />
			<line number="278"  hits="771"  branch="false" />
			<line number="281"  hits="228"  branch="false" />
			<line number="284"  hits="136"  branch="true"  condition-coverage="100% (2/2)" />
			<line number="288"  hits="133"  branch="false" />
			<line number="291"  hits="1132"  branch="false" />
			<line number="292"  hits="1132"  branch="true"  condition-coverage="100% (2/2)" />
			<line number="293"  hits="361"  branch="false" />
			<line number="294"  hits="361"  branch="true"  condition-coverage="100% (2/2)" />
			<line number="295"  hits="1"  branch="false" />
			<line number="297"  hits="360"  branch="false" />
			<line number="299"  hits="360"  branch="false" />
			<line number="303"  hits="1131"  branch="true"  condition-coverage="100% (2/2)" />
			<line number="304"  hits="903"  branch="false" />
			<line number="306"  hits="903"  branch="false" />
			<line number="310"  hits="1107"  branch="false" />
			<line number="324"  hits="3"  branch="false" />
			<line number="334"  hits="1"  branch="false" />
			<line number="342"  hits="3"  branch="false" />
			<line number="349"  hits="40"  branch="true"  condition-coverage="100% (2/2)" />
			<line number="357"  hits="28"  branch="false" />
			<line number="365"  hits="2066"  branch="false" />
			<line number="366"  hits="2066"  branch="true"  condition-coverage="100% (2/2)" />
			<line number="367"  hits="10"  branch="false" />
			<line number="368"  hits="10"  branch="true"  condition-coverage="100% (2/2)" />
			<line number="369"  hits="1"  branch="false" />
			<line number="371"  hits="9"  branch="false" />
			<line number="374"  hits="2056"  branch="false" />
			<line number="376"  hits="2066"  branch="false" />
			<line number="381"  hits="23"  branch="false" />
			<line number="385"  hits="5"  branch="false" />
			<line number="391"  hits="5433"  branch="false" />
			<line number="396"  hits="532"  branch="false" />
			<line number="401"  hits="38"  branch="false" />
			<line number="406"  hits="7"  branch="false" />
			<line number="411"  hits="6"  branch="false" />
			<line number="412"  hits="6"  branch="true"  condition-coverage="100% (2/2)" />
			<line number="414"  hits="5"  branch="false" />
			<line number="422"  hits="256"  branch="false" />
			<line number="431"  hits="2066"  branch="false" />
			<line number="440"  hits="751"  branch="false" />
			<line number="447"  hits="748"  branch="false" />
			<line number="451"  hits="2050"  branch="true"  condition-coverage="100% (2/2)" />
			<line number="452"  hits="2045"  branch="false" />
			<line number="453"  hits="2044"  branch="false" />
			<line number="454"  hits="1974"  branch="false" />
			<line number="460"  hits="1712"  branch="false" />
			<line number="461"  hits="1697"  branch="false" />
			<line number="462"  hits="1671"  branch="false" />
			<line number="471"  hits="1701"  branch="false" />
			<line number="482"  hits="11"  branch="false" />
			<line number="483"  hits="11"  branch="true"  condition-coverage="100% (2/2)" />
			<line number="484"  hits="7"  branch="false" />
			<line number="485"  hits="7"  branch="false" />
			<line number="490"  hits="12"  branch="false" />
			<line number="491"  hits="11"  branch="false" />
			<line number="495"  hits="899"  branch="false" />
			<line number="499"  hits="778"  branch="true"  condition-coverage="100% (2/2)" />
			<line number="505"  hits="772"  branch="false" />
			<line number="506"  hits="750"  branch="true"  condition-coverage="100% (2/2)" />
			<line number="511"  hits="255"  branch="false" />
			<line number="512"  hits="255"  branch="false" />
			<line number="513"  hits="255"  branch="true"  condition-coverage="100% (2/2)" />
			<line number="529"  hits="250"  branch="false" />
			<line number="530"  hits="249"  branch="true"  condition-coverage="100% (2/2)" />
			<line number="531"  hits="249"  branch="true"  condition-coverage="100% (2/2)" />
			<line number="532"  hits="238"  branch="true"  condition-coverage="100% (2/2)" />
			<line number="536"  hits="237"  branch="true"  condition-coverage="100% (2/2)" />
			<line number="541"  hits="235"  branch="true"  condition-coverage="100% (2/2)" />
			<line number="545"  hits="231"  branch="true"  condition-coverage="100% (2/2)" />
			<line number="546"  hits="8"  branch="false" />
			<line number="548"  hits="227"  branch="false" />
			<line number="549"  hits="227"  branch="false" />
			<line number="550"  hits="191"  branch="false" />
			<line number="554"  hits="1"  branch="false" />
			<line number="555"  hits="1"  branch="false" />
			<line number="556"  hits="1"  branch="false" />
			<line number="560"  hits="654"  branch="true"  condition-coverage="100% (2/2)" />
			<line number="561"  hits="653"  branch="false" />
			<line number="562"  hits="653"  branch="true"  condition-coverage="100% (2/2)" />
			<line number="563"  hits="652"  branch="false" />
			<line number="564"  hits="578"  branch="false" />
			<line number="568"  hits="5"  branch="true"  condition-coverage="100% (2/2)" />
			<line number="569"  hits="4"  branch="false" />
			<line number="570"  hits="4"  branch="false" />
			<line number="571"  hits="4"  branch="false" />
			<line number="579"  hits="358"  branch="false" />
			<line number="583"  hits="356"  branch="false" />
			<line number="584"  hits="356"  branch="false" />
			<line number="585"  hits="356"  branch="true"  condition-coverage="100% (2/2)" />
			<line number="586"  hits="355"  branch="false" />
			<line number="587"  hits="355"  branch="false" />
			<line number="588"  hits="355"  branch="false" />
			<line number="589"  hits="342"  branch="false" />
			<line number="590"  hits="335"  branch="false" />
			<line number="595"  hits="535"  branch="false" />
			<line number="596"  hits="535"  branch="true"  condition-coverage="100% (2/2)" />
			<line number="597"  hits="534"  branch="false" />
			<line number="598"  hits="531"  branch="false" />
			<line number="599"  hits="530"  branch="false" />
			<line number="601"  hits="530"  branch="false" />
			<line number="606"  hits="1471"  branch="false" />
			<line number="607"  hits="1471"  branch="true"  condition-coverage="100% (2/2)" />
			<line number="608"  hits="1468"  branch="false" />
			<line number="615"  hits="2360"  branch="false" />
			<line number="619"  hits="537"  branch="true"  condition-coverage="100% (2/2)" />
			<line number="620"  hits="3"  branch="true"  condition-coverage="100% (2/2)" />
			<line number="621"  hits="1"  branch="false" />
			<line number="623"  hits="14"  branch="true"  condition-coverage="100% (2/2)" />
			<line number="624"  hits="13"  branch="false" />
			<line number="626"  hits="272"  branch="true"  condition-coverage="100% (2/2)" />
			<line number="627"  hits="271"  branch="false" />
			<line number="644"  hits="248"  branch="true"  condition-coverage="100% (2/2)" />
			<line number="645"  hits="247"  branch="false" />
			<line number="647"  hits="532"  branch="false" />
			<line number="651"  hits="33"  branch="true"  condition-coverage="100% (2/2)" />
			<line number="655"  hits="32"  branch="false" />
			<line number="656"  hits="32"  branch="false" />
			<line number="660"  hits="2"  branch="false" />
			<line number="664"  hits="15"  branch="true"  condition-coverage="100% (2/2)" />
			<line number="668"  hits="14"  branch="false" />
			<line number="669"  hits="14"  branch="false" />
			<line number="673"  hits="18"  branch="false" />
		</lines>
		</class>
		<class name="LPManualWhitelist.sol"  filename="contracts/LPManualWhitelist.sol"  line-rate="1"  branch-rate="0.8636" >
		<methods>
			<method name="constructor"  hits="31"  signature="()V" >
				<lines><line number="47"  hits="31" /></lines>
			</method>
			<method name="initialize"  hits="19"  signature="()V" >
				<lines><line number="52"  hits="19" /></lines>
			</method>
			<method name="__LPManualWhitelist_init"  hits="19"  signature="()V" >
				<lines><line number="57"  hits="19" /></lines>
			</method>
			<method name="__LPManualWhitelist_init_unchained"  hits="19"  signature="()V" >
				<lines><line number="63"  hits="19" /></lines>
			</method>
			<method name="whitelistAddress"  hits="101"  signature="()V" >
				<lines><line number="79"  hits="101" /></lines>
			</method>
			<method name="_checkDefaultStatus"  hits="36"  signature="()V" >
				<lines><line number="96"  hits="36" /></lines>
			</method>
			<method name="setWhitelistDefaults"  hits="17"  signature="()V" >
				<lines><line number="118"  hits="17" /></lines>
			</method>
			<method name="getWhitelistDefaults"  hits="2"  signature="()V" >
				<lines><line number="126"  hits="2" /></lines>
			</method>
			<method name="_whitelistAddress"  hits="114"  signature="()V" >
				<lines><line number="138"  hits="114" /></lines>
			</method>
			<method name="supportsInterface"  hits="4"  signature="()V" >
				<lines><line number="146"  hits="4" /></lines>
			</method>
			<method name="acceptsDeposit"  hits="34"  signature="()V" >
				<lines><line number="151"  hits="34" /></lines>
			</method>
			<method name="acceptsWithdrawal"  hits="33"  signature="()V" >
				<lines><line number="160"  hits="33" /></lines>
			</method>
			<method name="acceptsTransfer"  hits="47"  signature="()V" >
				<lines><line number="169"  hits="47" /></lines>
			</method>
		</methods>
		<lines>
			<line number="53"  hits="19"  branch="false" />
			<line number="58"  hits="19"  branch="false" />
			<line number="59"  hits="19"  branch="false" />
			<line number="64"  hits="19"  branch="false" />
			<line number="65"  hits="15"  branch="false" />
			<line number="66"  hits="15"  branch="false" />
			<line number="80"  hits="101"  branch="true"  condition-coverage="50% (1/2)" />
			<line number="81"  hits="101"  branch="false" />
			<line number="97"  hits="36"  branch="true"  condition-coverage="100% (2/2)" />
			<line number="119"  hits="17"  branch="false" />
			<line number="120"  hits="13"  branch="false" />
			<line number="127"  hits="2"  branch="false" />
			<line number="139"  hits="114"  branch="false" />
			<line number="140"  hits="114"  branch="false" />
			<line number="147"  hits="4"  branch="true"  condition-coverage="100% (2/2)" />
			<line number="152"  hits="34"  branch="false" />
			<line number="153"  hits="34"  branch="true"  condition-coverage="100% (2/2)" />
			<line number="154"  hits="4"  branch="false" />
			<line number="156"  hits="34"  branch="false" />
			<line number="161"  hits="33"  branch="false" />
			<line number="162"  hits="33"  branch="true"  condition-coverage="100% (2/2)" />
			<line number="163"  hits="14"  branch="false" />
			<line number="165"  hits="33"  branch="false" />
			<line number="175"  hits="47"  branch="false" />
			<line number="176"  hits="47"  branch="true"  condition-coverage="100% (2/2)" />
			<line number="177"  hits="28"  branch="false" />
			<line number="179"  hits="47"  branch="true"  condition-coverage="100% (2/2)" />
			<line number="180"  hits="45"  branch="false" />
			<line number="181"  hits="45"  branch="true"  condition-coverage="100% (2/2)" />
			<line number="182"  hits="30"  branch="false" />
			<line number="184"  hits="45"  branch="false" />
		</lines>
		</class>
		<class name="Policy.sol"  filename="contracts/Policy.sol"  line-rate="1"  branch-rate="0.9" >
		<methods>
			<method name="getMinimumPremium"  hits="1805"  signature="()V" >
				<lines><line number="125"  hits="1805" /></lines>
			</method>
			<method name="initialize"  hits="1660"  signature="()V" >
				<lines><line number="173"  hits="1660" /></lines>
			</method>
			<method name="jrInterestRate"  hits="380"  signature="()V" >
				<lines><line number="212"  hits="380" /></lines>
			</method>
			<method name="jrAccruedInterest"  hits="251"  signature="()V" >
				<lines><line number="223"  hits="251" /></lines>
			</method>
			<method name="srInterestRate"  hits="3106"  signature="()V" >
				<lines><line number="235"  hits="3106" /></lines>
			</method>
			<method name="srAccruedInterest"  hits="1512"  signature="()V" >
				<lines><line number="246"  hits="1512" /></lines>
			</method>
			<method name="duration"  hits="5249"  signature="()V" >
				<lines><line number="251"  hits="5249" /></lines>
			</method>
			<method name="hash"  hits="3442"  signature="()V" >
				<lines><line number="256"  hits="3442" /></lines>
			</method>
		</methods>
		<lines>
			<line number="132"  hits="1805"  branch="false" />
			<line number="133"  hits="1805"  branch="false" />
			<line number="134"  hits="1805"  branch="true"  condition-coverage="100% (2/2)" />
			<line number="135"  hits="258"  branch="false" />
			<line number="137"  hits="1547"  branch="false" />
			<line number="140"  hits="1805"  branch="false" />
			<line number="141"  hits="1805"  branch="true"  condition-coverage="100% (2/2)" />
			<line number="142"  hits="1675"  branch="false" />
			<line number="144"  hits="130"  branch="false" />
			<line number="148"  hits="1805"  branch="false" />
			<line number="149"  hits="1805"  branch="false" />
			<line number="150"  hits="1805"  branch="false" />
			<line number="152"  hits="1805"  branch="false" />
			<line number="156"  hits="1805"  branch="false" />
			<line number="181"  hits="1660"  branch="true"  condition-coverage="100% (2/2)" />
			<line number="182"  hits="1657"  branch="false" />
			<line number="184"  hits="1657"  branch="false" />
			<line number="185"  hits="1657"  branch="false" />
			<line number="186"  hits="1657"  branch="false" />
			<line number="187"  hits="1657"  branch="false" />
			<line number="189"  hits="1657"  branch="false" />
			<line number="191"  hits="1657"  branch="false" />
			<line number="192"  hits="1657"  branch="false" />
			<line number="193"  hits="1657"  branch="false" />
			<line number="194"  hits="1657"  branch="false" />
			<line number="195"  hits="1657"  branch="false" />
			<line number="196"  hits="1657"  branch="false" />
			<line number="198"  hits="1657"  branch="true"  condition-coverage="100% (2/2)" />
			<line number="200"  hits="1655"  branch="false" />
			<line number="201"  hits="1655"  branch="false" />
			<line number="213"  hits="380"  branch="false" />
			<line number="224"  hits="251"  branch="false" />
			<line number="236"  hits="3106"  branch="false" />
			<line number="247"  hits="1512"  branch="false" />
			<line number="252"  hits="5249"  branch="false" />
			<line number="257"  hits="3442"  branch="false" />
			<line number="258"  hits="3442"  branch="true"  condition-coverage="50% (1/2)" />
			<line number="259"  hits="3442"  branch="false" />
		</lines>
		</class>
		<class name="PolicyPool.sol"  filename="contracts/PolicyPool.sol"  line-rate="1"  branch-rate="0.9861" >
		<methods>
			<method name="constructor"  hits="107"  signature="()V" >
				<lines><line number="355"  hits="107" /></lines>
			</method>
			<method name="initialize"  hits="111"  signature="()V" >
				<lines><line number="368"  hits="111" /></lines>
			</method>
			<method name="supportsInterface"  hits="4"  signature="()V" >
				<lines><line number="377"  hits="4" /></lines>
			</method>
			<method name="__PolicyPool_init_unchained"  hits="109"  signature="()V" >
				<lines><line number="382"  hits="109" /></lines>
			</method>
			<method name="_authorizeUpgrade"  hits="2"  signature="()V" >
				<lines><line number="386"  hits="2" /></lines>
			</method>
			<method name="pause"  hits="10"  signature="()V" >
				<lines><line number="396"  hits="10" /></lines>
			</method>
			<method name="unpause"  hits="6"  signature="()V" >
				<lines><line number="404"  hits="6" /></lines>
			</method>
			<method name="currency"  hits="2849"  signature="()V" >
				<lines><line number="409"  hits="2849" /></lines>
			</method>
			<method name="_setTreasury"  hits="112"  signature="()V" >
				<lines><line number="413"  hits="112" /></lines>
			</method>
			<method name="setTreasury"  hits="3"  signature="()V" >
				<lines><line number="424"  hits="3" /></lines>
			</method>
			<method name="treasury"  hits="1"  signature="()V" >
				<lines><line number="429"  hits="1" /></lines>
			</method>
			<method name="addComponent"  hits="1084"  signature="()V" >
				<lines><line number="444"  hits="1084" /></lines>
			</method>
			<method name="removeComponent"  hits="10"  signature="()V" >
				<lines><line number="479"  hits="10" /></lines>
			</method>
			<method name="changeComponentStatus"  hits="28"  signature="()V" >
				<lines><line number="513"  hits="28" /></lines>
			</method>
			<method name="getComponentStatus"  hits="15"  signature="()V" >
				<lines><line number="527"  hits="15" /></lines>
			</method>
			<method name="_componentStatus"  hits="7079"  signature="()V" >
				<lines><line number="531"  hits="7079" /></lines>
			</method>
			<method name="_requireCompActive"  hits="3703"  signature="()V" >
				<lines><line number="537"  hits="3703" /></lines>
			</method>
			<method name="_requireCompActiveOrDeprecated"  hits="3376"  signature="()V" >
				<lines><line number="541"  hits="3376" /></lines>
			</method>
			<method name="_deposit"  hits="430"  signature="()V" >
				<lines><line number="547"  hits="430" /></lines>
			</method>
			<method name="deposit"  hits="427"  signature="()V" >
				<lines><line number="556"  hits="427" /></lines>
			</method>
			<method name="depositWithPermit"  hits="3"  signature="()V" >
				<lines><line number="569"  hits="3" /></lines>
			</method>
			<method name="withdraw"  hits="103"  signature="()V" >
				<lines><line number="583"  hits="103" /></lines>
			</method>
			<method name="newPolicy"  hits="1542"  signature="()V" >
				<lines><line number="596"  hits="1542" /></lines>
			</method>
			<method name="replacePolicy"  hits="101"  signature="()V" >
				<lines><line number="639"  hits="101" /></lines>
			</method>
			<method name="cancelPolicy"  hits="21"  signature="()V" >
				<lines><line number="702"  hits="21" /></lines>
			</method>
			<method name="_transferIfNonZero"  hits="386"  signature="()V" >
				<lines><line number="730"  hits="386" /></lines>
			</method>
			<method name="_validatePolicy"  hits="1747"  signature="()V" >
				<lines><line number="737"  hits="1747" /></lines>
			</method>
			<method name="makePolicyId"  hits="1619"  signature="()V" >
				<lines><line number="748"  hits="1619" /></lines>
			</method>
			<method name="extractRiskModule"  hits="1741"  signature="()V" >
				<lines><line number="755"  hits="1741" /></lines>
			</method>
			<method name="expirePolicy"  hits="523"  signature="()V" >
				<lines><line number="760"  hits="523" /></lines>
			</method>
			<method name="resolvePolicy"  hits="1106"  signature="()V" >
				<lines><line number="766"  hits="1106" /></lines>
			</method>
			<method name="isActive"  hits="3"  signature="()V" >
				<lines><line number="771"  hits="3" /></lines>
			</method>
			<method name="getPolicyHash"  hits="6"  signature="()V" >
				<lines><line number="776"  hits="6" /></lines>
			</method>
			<method name="_resolvePolicy"  hits="1625"  signature="()V" >
				<lines><line number="790"  hits="1625" /></lines>
			</method>
			<method name="_changeExposure"  hits="3212"  signature="()V" >
				<lines><line number="824"  hits="3212" /></lines>
			</method>
			<method name="setExposureLimit"  hits="319"  signature="()V" >
				<lines><line number="844"  hits="319" /></lines>
			</method>
			<method name="getExposure"  hits="29"  signature="()V" >
				<lines><line number="861"  hits="29" /></lines>
			</method>
			<method name="_notifyPayout"  hits="202"  signature="()V" >
				<lines><line number="873"  hits="202" /></lines>
			</method>
			<method name="_notifyExpiration"  hits="1312"  signature="()V" >
				<lines><line number="886"  hits="1312" /></lines>
			</method>
			<method name="_notifyReplacement"  hits="66"  signature="()V" >
				<lines><line number="906"  hits="66" /></lines>
			</method>
			<method name="_notifyCancellation"  hits="13"  signature="()V" >
				<lines><line number="921"  hits="13" /></lines>
			</method>
			<method name="_baseURI"  hits="2"  signature="()V" >
				<lines><line number="947"  hits="2" /></lines>
			</method>
			<method name="setBaseURI"  hits="1"  signature="()V" >
				<lines><line number="956"  hits="1" /></lines>
			</method>
			<method name="_update"  hits="1631"  signature="()V" >
				<lines><line number="961"  hits="1631" /></lines>
			</method>
		</methods>
		<lines>
			<line number="356"  hits="107"  branch="true"  condition-coverage="100% (2/2)" />
			<line number="357"  hits="106"  branch="false" />
			<line number="358"  hits="106"  branch="false" />
			<line number="369"  hits="111"  branch="true"  condition-coverage="100% (2/2)" />
			<line number="370"  hits="110"  branch="true"  condition-coverage="100% (2/2)" />
			<line number="371"  hits="109"  branch="false" />
			<line number="372"  hits="109"  branch="false" />
			<line number="373"  hits="109"  branch="false" />
			<line number="378"  hits="4"  branch="true"  condition-coverage="100% (2/2)" />
			<line number="383"  hits="109"  branch="false" />
			<line number="387"  hits="2"  branch="false" />
			<line number="388"  hits="2"  branch="true"  condition-coverage="100% (2/2)" />
			<line number="397"  hits="10"  branch="false" />
			<line number="405"  hits="6"  branch="false" />
			<line number="410"  hits="2849"  branch="false" />
			<line number="414"  hits="112"  branch="true"  condition-coverage="100% (2/2)" />
			<line number="415"  hits="111"  branch="false" />
			<line number="416"  hits="111"  branch="false" />
			<line number="425"  hits="3"  branch="false" />
			<line number="430"  hits="1"  branch="false" />
			<line number="445"  hits="1084"  branch="false" />
			<line number="446"  hits="1084"  branch="true"  condition-coverage="100% (2/2)" />
			<line number="447"  hits="1083"  branch="true"  condition-coverage="100% (2/2)" />
			<line number="449"  hits="1082"  branch="true"  condition-coverage="100% (2/2)" />
			<line number="455"  hits="1079"  branch="false" />
			<line number="456"  hits="1079"  branch="false" />
			<line number="457"  hits="1024"  branch="true"  condition-coverage="100% (2/2)" />
			<line number="458"  hits="313"  branch="false" />
			<line number="459"  hits="313"  branch="false" />
			<line number="460"  hits="313"  branch="true"  condition-coverage="100% (2/2)" />
			<line number="461"  hits="71"  branch="false" />
			<line number="463"  hits="313"  branch="false" />
			<line number="464"  hits="313"  branch="true"  condition-coverage="100% (2/2)" />
			<line number="465"  hits="301"  branch="false" />
			<line number="468"  hits="996"  branch="false" />
			<line number="480"  hits="10"  branch="false" />
			<line number="481"  hits="10"  branch="true"  condition-coverage="100% (2/2)" />
			<line number="482"  hits="8"  branch="true"  condition-coverage="100% (2/2)" />
			<line number="483"  hits="2"  branch="true"  condition-coverage="100% (2/2)" />
			<line number="484"  hits="1"  branch="false" />
			<line number="486"  hits="2"  branch="true"  condition-coverage="100% (2/2)" />
			<line number="487"  hits="1"  branch="false" />
			<line number="490"  hits="4"  branch="false" />
			<line number="491"  hits="4"  branch="true"  condition-coverage="100% (2/2)" />
			<line number="492"  hits="3"  branch="false" />
			<line number="493"  hits="3"  branch="true"  condition-coverage="100% (2/2)" />
			<line number="494"  hits="1"  branch="false" />
			<line number="496"  hits="3"  branch="false" />
			<line number="497"  hits="3"  branch="true"  condition-coverage="100% (2/2)" />
			<line number="498"  hits="2"  branch="false" />
			<line number="501"  hits="5"  branch="false" />
			<line number="502"  hits="5"  branch="false" />
			<line number="514"  hits="28"  branch="false" />
			<line number="515"  hits="28"  branch="true"  condition-coverage="100% (2/2)" />
			<line number="516"  hits="24"  branch="true"  condition-coverage="100% (2/2)" />
			<line number="517"  hits="21"  branch="false" />
			<line number="518"  hits="21"  branch="false" />
			<line number="528"  hits="15"  branch="false" />
			<line number="532"  hits="7079"  branch="false" />
			<line number="533"  hits="7079"  branch="true"  condition-coverage="100% (2/2)" />
			<line number="534"  hits="7075"  branch="false" />
			<line number="538"  hits="3703"  branch="true"  condition-coverage="100% (2/2)" />
			<line number="542"  hits="3376"  branch="false" />
			<line number="543"  hits="3375"  branch="true"  condition-coverage="100% (2/2)" />
			<line number="544"  hits="5"  branch="false" />
			<line number="548"  hits="430"  branch="true"  condition-coverage="100% (2/2)" />
			<line number="549"  hits="428"  branch="false" />
			<line number="550"  hits="426"  branch="false" />
			<line number="551"  hits="425"  branch="false" />
			<line number="552"  hits="337"  branch="false" />
			<line number="557"  hits="427"  branch="false" />
			<line number="571"  hits="3"  branch="false" />
			<line number="574"  hits="3"  branch="false" />
			<line number="584"  hits="103"  branch="true"  condition-coverage="100% (2/2)" />
			<line number="585"  hits="102"  branch="false" />
			<line number="586"  hits="101"  branch="false" />
			<line number="587"  hits="81"  branch="false" />
			<line number="598"  hits="1542"  branch="false" />
			<line number="599"  hits="1542"  branch="false" />
			<line number="600"  hits="1538"  branch="false" />
			<line number="601"  hits="1538"  branch="false" />
			<line number="604"  hits="1535"  branch="false" />
			<line number="605"  hits="1535"  branch="false" />
			<line number="606"  hits="1535"  branch="true"  condition-coverage="100% (2/2)" />
			<line number="607"  hits="1534"  branch="false" />
			<line number="608"  hits="1534"  branch="false" />
			<line number="609"  hits="1530"  branch="false" />
			<line number="612"  hits="1530"  branch="false" />
			<line number="615"  hits="1530"  branch="false" />
			<line number="616"  hits="1527"  branch="false" />
			<line number="617"  hits="1527"  branch="true"  condition-coverage="100% (2/2)" />
			<line number="618"  hits="1527"  branch="true"  condition-coverage="100% (2/2)" />
			<line number="619"  hits="1527"  branch="false" />
			<line number="620"  hits="1522"  branch="true"  condition-coverage="100% (2/2)" />
			<line number="621"  hits="1377"  branch="false" />
			<line number="628"  hits="1418"  branch="false" />
			<line number="629"  hits="1331"  branch="false" />
			<line number="641"  hits="101"  branch="false" />
			<line number="642"  hits="99"  branch="false" />
			<line number="643"  hits="99"  branch="true"  condition-coverage="100% (2/2)" />
			<line number="644"  hits="98"  branch="false" />
			<line number="645"  hits="97"  branch="false" />
			<line number="646"  hits="97"  branch="false" />
			<line number="647"  hits="96"  branch="true"  condition-coverage="100% (2/2)" />
			<line number="651"  hits="94"  branch="true"  condition-coverage="100% (2/2)" />
			<line number="663"  hits="84"  branch="false" />
			<line number="664"  hits="84"  branch="true"  condition-coverage="100% (2/2)" />
			<line number="665"  hits="83"  branch="false" />
			<line number="666"  hits="83"  branch="false" />
			<line number="667"  hits="83"  branch="false" />
			<line number="668"  hits="83"  branch="true"  condition-coverage="100% (2/2)" />
			<line number="670"  hits="81"  branch="false" />
			<line number="673"  hits="81"  branch="false" />
			<line number="676"  hits="79"  branch="false" />
			<line number="677"  hits="78"  branch="false" />
			<line number="678"  hits="78"  branch="false" />
			<line number="679"  hits="77"  branch="false" />
			<line number="680"  hits="77"  branch="false" />
			<line number="681"  hits="76"  branch="false" />
			<line number="682"  hits="75"  branch="true"  condition-coverage="50% (1/2)" />
			<line number="683"  hits="75"  branch="false" />
			<line number="690"  hits="72"  branch="false" />
			<line number="691"  hits="69"  branch="false" />
			<line number="692"  hits="67"  branch="false" />
			<line number="693"  hits="58"  branch="false" />
			<line number="704"  hits="21"  branch="false" />
			<line number="705"  hits="21"  branch="false" />
			<line number="706"  hits="21"  branch="true"  condition-coverage="100% (2/2)" />
			<line number="707"  hits="20"  branch="false" />
			<line number="708"  hits="19"  branch="false" />
			<line number="709"  hits="19"  branch="false" />
			<line number="710"  hits="18"  branch="true"  condition-coverage="100% (2/2)" />
			<line number="711"  hits="17"  branch="true"  condition-coverage="100% (2/2)" />
			<line number="719"  hits="14"  branch="false" />
			<line number="720"  hits="14"  branch="false" />
			<line number="721"  hits="14"  branch="false" />
			<line number="724"  hits="14"  branch="false" />
			<line number="726"  hits="13"  branch="false" />
			<line number="727"  hits="13"  branch="false" />
			<line number="731"  hits="386"  branch="false" />
			<line number="732"  hits="386"  branch="true"  condition-coverage="100% (2/2)" />
			<line number="733"  hits="197"  branch="false" />
			<line number="738"  hits="1747"  branch="true"  condition-coverage="100% (2/2)" />
			<line number="749"  hits="1619"  branch="false" />
			<line number="756"  hits="1741"  branch="false" />
			<line number="761"  hits="523"  branch="true"  condition-coverage="100% (2/2)" />
			<line number="762"  hits="519"  branch="false" />
			<line number="767"  hits="1106"  branch="false" />
			<line number="772"  hits="3"  branch="false" />
			<line number="777"  hits="6"  branch="false" />
			<line number="792"  hits="1625"  branch="false" />
			<line number="793"  hits="1621"  branch="false" />
			<line number="794"  hits="1621"  branch="true"  condition-coverage="100% (2/2)" />
			<line number="795"  hits="1620"  branch="true"  condition-coverage="100% (4/4)" />
			<line number="796"  hits="1619"  branch="false" />
			<line number="798"  hits="1617"  branch="true"  condition-coverage="100% (2/2)" />
			<line number="800"  hits="1616"  branch="false" />
			<line number="802"  hits="1616"  branch="false" />
			<line number="803"  hits="1616"  branch="false" />
			<line number="805"  hits="1615"  branch="false" />
			<line number="807"  hits="1615"  branch="true"  condition-coverage="100% (2/2)" />
			<line number="808"  hits="228"  branch="false" />
			<line number="809"  hits="228"  branch="false" />
			<line number="811"  hits="1387"  branch="false" />
			<line number="814"  hits="1585"  branch="false" />
			<line number="816"  hits="1519"  branch="false" />
			<line number="817"  hits="1514"  branch="true"  condition-coverage="100% (2/2)" />
			<line number="818"  hits="202"  branch="false" />
			<line number="820"  hits="1312"  branch="false" />
			<line number="825"  hits="3212"  branch="false" />
			<line number="826"  hits="3212"  branch="true"  condition-coverage="100% (2/2)" />
			<line number="827"  hits="1564"  branch="false" />
			<line number="828"  hits="1564"  branch="true"  condition-coverage="100% (2/2)" />
			<line number="830"  hits="1648"  branch="false" />
			<line number="845"  hits="319"  branch="false" />
			<line number="846"  hits="319"  branch="false" />
			<line number="847"  hits="319"  branch="true"  condition-coverage="100% (2/2)" />
			<line number="848"  hits="318"  branch="false" />
			<line number="849"  hits="318"  branch="false" />
			<line number="862"  hits="29"  branch="false" />
			<line number="863"  hits="29"  branch="false" />
			<line number="864"  hits="29"  branch="false" />
			<line number="874"  hits="202"  branch="false" />
			<line number="875"  hits="196"  branch="true"  condition-coverage="100% (2/2)" />
			<line number="877"  hits="4"  branch="false" />
			<line number="878"  hits="2"  branch="true"  condition-coverage="100% (2/2)" />
			<line number="887"  hits="1312"  branch="false" />
			<line number="888"  hits="1308"  branch="true"  condition-coverage="100% (2/2)" />
			<line number="890"  hits="6"  branch="false" />
			<line number="893"  hits="3"  branch="false" />
			<line number="895"  hits="3"  branch="false" />
			<line number="896"  hits="3"  branch="false" />
			<line number="907"  hits="66"  branch="false" />
			<line number="908"  hits="65"  branch="true"  condition-coverage="100% (2/2)" />
			<line number="910"  hits="5"  branch="false" />
			<line number="912"  hits="3"  branch="true"  condition-coverage="100% (2/2)" />
			<line number="927"  hits="13"  branch="false" />
			<line number="928"  hits="13"  branch="true"  condition-coverage="100% (2/2)" />
			<line number="930"  hits="5"  branch="false" />
			<line number="939"  hits="3"  branch="true"  condition-coverage="100% (2/2)" />
			<line number="948"  hits="2"  branch="false" />
			<line number="957"  hits="1"  branch="false" />
			<line number="958"  hits="1"  branch="false" />
			<line number="962"  hits="1631"  branch="false" />
		</lines>
		</class>
		<class name="PolicyPoolComponent.sol"  filename="contracts/PolicyPoolComponent.sol"  line-rate="1"  branch-rate="0.9" >
		<methods>
			<method name="onlyPolicyPool"  hits="5414"  signature="()V" >
				<lines><line number="29"  hits="5414" /></lines>
			</method>
			<method name="constructor"  hits="560"  signature="()V" >
				<lines><line number="35"  hits="560" /></lines>
			</method>
			<method name="__PolicyPoolComponent_init"  hits="529"  signature="()V" >
				<lines><line number="42"  hits="529" /></lines>
			</method>
			<method name="_authorizeUpgrade"  hits="19"  signature="()V" >
				<lines><line number="44"  hits="19" /></lines>
			</method>
			<method name="_upgradeValidations"  hits="19"  signature="()V" >
				<lines><line number="48"  hits="19" /></lines>
			</method>
			<method name="supportsInterface"  hits="1104"  signature="()V" >
				<lines><line number="55"  hits="1104" /></lines>
			</method>
			<method name="policyPool"  hits="1233"  signature="()V" >
				<lines><line number="59"  hits="1233" /></lines>
			</method>
			<method name="currency"  hits="4173"  signature="()V" >
				<lines><line number="63"  hits="4173" /></lines>
			</method>
		</methods>
		<lines>
			<line number="30"  hits="5414"  branch="true"  condition-coverage="100% (2/2)" />
			<line number="31"  hits="5403"  branch="false" />
			<line number="36"  hits="560"  branch="true"  condition-coverage="100% (2/2)" />
			<line number="37"  hits="556"  branch="false" />
			<line number="38"  hits="556"  branch="false" />
			<line number="45"  hits="19"  branch="false" />
			<line number="49"  hits="19"  branch="true"  condition-coverage="100% (2/2)" />
			<line number="56"  hits="1104"  branch="true"  condition-coverage="100% (2/2)" />
			<line number="60"  hits="1233"  branch="false" />
			<line number="64"  hits="4173"  branch="false" />
		</lines>
		</class>
		<class name="PremiumsAccount.sol"  filename="contracts/PremiumsAccount.sol"  line-rate="1"  branch-rate="0.9623" >
		<methods>
			<method name="constructor"  hits="168"  signature="()V" >
				<lines><line number="166"  hits="168" /></lines>
			</method>
			<method name="initialize"  hits="157"  signature="()V" >
				<lines><line number="174"  hits="157" /></lines>
			</method>
			<method name="__PremiumsAccount_init"  hits="157"  signature="()V" >
				<lines><line number="182"  hits="157" /></lines>
			</method>
			<method name="__PremiumsAccount_init_unchained"  hits="157"  signature="()V" >
				<lines><line number="188"  hits="157" /></lines>
			</method>
			<method name="_upgradeValidations"  hits="10"  signature="()V" >
				<lines><line number="200"  hits="10" /></lines>
			</method>
			<method name="supportsInterface"  hits="319"  signature="()V" >
				<lines><line number="211"  hits="319" /></lines>
			</method>
			<method name="yieldVault"  hits="8"  signature="()V" >
				<lines><line number="216"  hits="8" /></lines>
			</method>
			<method name="_setYieldVault"  hits="2"  signature="()V" >
				<lines><line number="221"  hits="2" /></lines>
			</method>
			<method name="_yieldEarnings"  hits="4"  signature="()V" >
				<lines><line number="233"  hits="4" /></lines>
			</method>
			<method name="purePremiums"  hits="26"  signature="()V" >
				<lines><line number="243"  hits="26" /></lines>
			</method>
			<method name="activePurePremiums"  hits="38"  signature="()V" >
				<lines><line number="251"  hits="38" /></lines>
			</method>
			<method name="wonPurePremiums"  hits="36"  signature="()V" >
				<lines><line number="259"  hits="36" /></lines>
			</method>
			<method name="borrowedActivePP"  hits="21"  signature="()V" >
				<lines><line number="267"  hits="21" /></lines>
			</method>
			<method name="surplus"  hits="4"  signature="()V" >
				<lines><line number="276"  hits="4" /></lines>
			</method>
			<method name="fundsAvailable"  hits="932"  signature="()V" >
				<lines><line number="283"  hits="932" /></lines>
			</method>
			<method name="seniorEtk"  hits="319"  signature="()V" >
				<lines><line number="288"  hits="319" /></lines>
			</method>
			<method name="juniorEtk"  hits="317"  signature="()V" >
				<lines><line number="292"  hits="317" /></lines>
			</method>
			<method name="etks"  hits="1614"  signature="()V" >
				<lines><line number="296"  hits="1614" /></lines>
			</method>
			<method name="_maxDeficit"  hits="1403"  signature="()V" >
				<lines><line number="311"  hits="1403" /></lines>
			</method>
			<method name="_toAmount"  hits="318"  signature="()V" >
				<lines><line number="315"  hits="318" /></lines>
			</method>
			<method name="_toZeroDecimals"  hits="126"  signature="()V" >
				<lines><line number="320"  hits="126" /></lines>
			</method>
			<method name="deficitRatio"  hits="1318"  signature="()V" >
				<lines><line number="328"  hits="1318" /></lines>
			</method>
			<method name="jrLoanLimit"  hits="215"  signature="()V" >
				<lines><line number="335"  hits="215" /></lines>
			</method>
			<method name="srLoanLimit"  hits="300"  signature="()V" >
				<lines><line number="342"  hits="300" /></lines>
			</method>
			<method name="setDeficitRatio"  hits="91"  signature="()V" >
				<lines><line number="363"  hits="91" /></lines>
			</method>
			<method name="setLoanLimits"  hits="88"  signature="()V" >
				<lines><line number="399"  hits="88" /></lines>
			</method>
			<method name="_borrowFromEtk"  hits="283"  signature="()V" >
				<lines><line number="421"  hits="283" /></lines>
			</method>
			<method name="_payFromPremiums"  hits="382"  signature="()V" >
				<lines><line number="449"  hits="382" /></lines>
			</method>
			<method name="_storePurePremiumWon"  hits="1557"  signature="()V" >
				<lines><line number="466"  hits="1557" /></lines>
			</method>
			<method name="receiveGrant"  hits="117"  signature="()V" >
				<lines><line number="480"  hits="117" /></lines>
			</method>
			<method name="withdrawWonPremiums"  hits="54"  signature="()V" >
				<lines><line number="504"  hits="54" /></lines>
			</method>
			<method name="policyCreated"  hits="1817"  signature="()V" >
				<lines><line number="519"  hits="1817" /></lines>
			</method>
			<method name="policyReplaced"  hits="81"  signature="()V" >
				<lines><line number="529"  hits="81" /></lines>
			</method>
			<method name="policyCancelled"  hits="14"  signature="()V" >
				<lines><line number="572"  hits="14" /></lines>
			</method>
			<method name="policyResolvedWithPayout"  hits="367"  signature="()V" >
				<lines><line number="589"  hits="367" /></lines>
			</method>
			<method name="_unlockScr"  hits="1803"  signature="()V" >
				<lines><line number="606"  hits="1803" /></lines>
			</method>
			<method name="_unlockScrWithRefund"  hits="14"  signature="()V" >
				<lines><line number="631"  hits="14" /></lines>
			</method>
			<method name="repayLoans"  hits="799"  signature="()V" >
				<lines><line number="664"  hits="799" /></lines>
			</method>
			<method name="_repayLoan"  hits="813"  signature="()V" >
				<lines><line number="678"  hits="813" /></lines>
			</method>
			<method name="policyExpired"  hits="1437"  signature="()V" >
				<lines><line number="697"  hits="1437" /></lines>
			</method>
		</methods>
		<lines>
			<line number="167"  hits="168"  branch="false" />
			<line number="168"  hits="168"  branch="false" />
			<line number="175"  hits="157"  branch="false" />
			<line number="183"  hits="157"  branch="false" />
			<line number="184"  hits="157"  branch="false" />
			<line number="192"  hits="157"  branch="false" />
			<line number="201"  hits="10"  branch="false" />
			<line number="202"  hits="9"  branch="false" />
			<line number="203"  hits="9"  branch="false" />
			<line number="204"  hits="9"  branch="true"  condition-coverage="100% (4/4)" />
			<line number="205"  hits="8"  branch="true"  condition-coverage="100% (4/4)" />
			<line number="212"  hits="319"  branch="true"  condition-coverage="100% (2/2)" />
			<line number="217"  hits="8"  branch="false" />
			<line number="222"  hits="2"  branch="false" />
			<line number="234"  hits="4"  branch="true"  condition-coverage="100% (2/2)" />
			<line number="235"  hits="3"  branch="false" />
			<line number="237"  hits="1"  branch="false" />
			<line number="238"  hits="1"  branch="true"  condition-coverage="50% (1/2)" />
			<line number="240"  hits="4"  branch="false" />
			<line number="244"  hits="26"  branch="false" />
			<line number="252"  hits="38"  branch="false" />
			<line number="260"  hits="36"  branch="true"  condition-coverage="100% (2/2)" />
			<line number="268"  hits="21"  branch="true"  condition-coverage="100% (2/2)" />
			<line number="277"  hits="4"  branch="false" />
			<line number="285"  hits="932"  branch="false" />
			<line number="289"  hits="319"  branch="false" />
			<line number="293"  hits="317"  branch="false" />
			<line number="297"  hits="1614"  branch="false" />
			<line number="312"  hits="1403"  branch="false" />
			<line number="317"  hits="318"  branch="false" />
			<line number="322"  hits="126"  branch="false" />
			<line number="329"  hits="1318"  branch="false" />
			<line number="336"  hits="215"  branch="true"  condition-coverage="100% (2/2)" />
			<line number="343"  hits="300"  branch="true"  condition-coverage="100% (2/2)" />
			<line number="364"  hits="91"  branch="false" />
			<line number="365"  hits="91"  branch="true"  condition-coverage="100% (2/2)" />
			<line number="370"  hits="89"  branch="false" />
			<line number="371"  hits="89"  branch="true"  condition-coverage="100% (2/2)" />
			<line number="373"  hits="88"  branch="false" />
			<line number="374"  hits="88"  branch="true"  condition-coverage="100% (2/2)" />
			<line number="376"  hits="13"  branch="false" />
			<line number="377"  hits="13"  branch="false" />
			<line number="378"  hits="13"  branch="false" />
			<line number="380"  hits="88"  branch="false" />
			<line number="381"  hits="86"  branch="false" />
			<line number="400"  hits="88"  branch="true"  condition-coverage="100% (2/2)" />
			<line number="401"  hits="63"  branch="false" />
			<line number="402"  hits="63"  branch="false" />
			<line number="403"  hits="63"  branch="true"  condition-coverage="100% (2/2)" />
			<line number="405"  hits="85"  branch="true"  condition-coverage="100% (2/2)" />
			<line number="406"  hits="63"  branch="false" />
			<line number="407"  hits="63"  branch="false" />
			<line number="408"  hits="63"  branch="true"  condition-coverage="100% (2/2)" />
			<line number="422"  hits="283"  branch="false" />
			<line number="423"  hits="283"  branch="true"  condition-coverage="100% (2/2)" />
			<line number="424"  hits="98"  branch="false" />
			<line number="425"  hits="98"  branch="true"  condition-coverage="100% (2/2)" />
			<line number="426"  hits="67"  branch="false" />
			<line number="429"  hits="16"  branch="false" />
			<line number="430"  hits="16"  branch="false" />
			<line number="433"  hits="282"  branch="true"  condition-coverage="100% (2/2)" />
			<line number="435"  hits="230"  branch="true"  condition-coverage="100% (2/2)" />
			<line number="436"  hits="228"  branch="false" />
			<line number="438"  hits="214"  branch="true"  condition-coverage="100% (2/2)" />
			<line number="450"  hits="382"  branch="false" />
			<line number="451"  hits="382"  branch="false" />
			<line number="452"  hits="382"  branch="true"  condition-coverage="100% (2/2)" />
			<line number="453"  hits="112"  branch="false" />
			<line number="454"  hits="112"  branch="false" />
			<line number="456"  hits="270"  branch="false" />
			<line number="457"  hits="270"  branch="false" />
			<line number="467"  hits="1557"  branch="false" />
			<line number="481"  hits="117"  branch="false" />
			<line number="482"  hits="117"  branch="false" />
			<line number="483"  hits="112"  branch="false" />
			<line number="505"  hits="54"  branch="true"  condition-coverage="100% (2/2)" />
			<line number="506"  hits="53"  branch="true"  condition-coverage="100% (2/2)" />
			<line number="507"  hits="24"  branch="true"  condition-coverage="50% (1/2)" />
			<line number="508"  hits="24"  branch="false" />
			<line number="510"  hits="29"  branch="true"  condition-coverage="100% (2/2)" />
			<line number="512"  hits="50"  branch="false" />
			<line number="513"  hits="50"  branch="false" />
			<line number="514"  hits="46"  branch="false" />
			<line number="515"  hits="41"  branch="false" />
			<line number="520"  hits="1817"  branch="false" />
			<line number="521"  hits="1811"  branch="true"  condition-coverage="100% (2/2)" />
			<line number="522"  hits="1809"  branch="true"  condition-coverage="100% (2/2)" />
			<line number="538"  hits="81"  branch="false" />
			<line number="547"  hits="81"  branch="true"  condition-coverage="100% (2/2)" />
			<line number="548"  hits="62"  branch="false" />
			<line number="554"  hits="81"  branch="true"  condition-coverage="100% (2/2)" />
			<line number="555"  hits="81"  branch="true"  condition-coverage="100% (2/2)" />
			<line number="556"  hits="63"  branch="false" />
			<line number="562"  hits="81"  branch="true"  condition-coverage="100% (2/2)" />
			<line number="573"  hits="14"  branch="false" />
			<line number="574"  hits="14"  branch="false" />
			<line number="575"  hits="14"  branch="true"  condition-coverage="100% (2/2)" />
			<line number="576"  hits="3"  branch="false" />
			<line number="577"  hits="3"  branch="false" />
			<line number="579"  hits="11"  branch="false" />
			<line number="581"  hits="13"  branch="false" />
			<line number="590"  hits="367"  branch="false" />
			<line number="591"  hits="367"  branch="false" />
			<line number="592"  hits="367"  branch="true"  condition-coverage="100% (2/2)" />
			<line number="593"  hits="267"  branch="false" />
			<line number="594"  hits="267"  branch="false" />
			<line number="596"  hits="100"  branch="false" />
			<line number="598"  hits="349"  branch="false" />
			<line number="607"  hits="1803"  branch="true"  condition-coverage="100% (2/2)" />
			<line number="608"  hits="107"  branch="false" />
			<line number="615"  hits="1803"  branch="true"  condition-coverage="100% (2/2)" />
			<line number="616"  hits="1359"  branch="false" />
			<line number="637"  hits="14"  branch="true"  condition-coverage="100% (2/2)" />
			<line number="638"  hits="4"  branch="false" />
			<line number="647"  hits="14"  branch="true"  condition-coverage="100% (2/2)" />
			<line number="648"  hits="6"  branch="false" />
			<line number="665"  hits="799"  branch="false" />
			<line number="666"  hits="799"  branch="true"  condition-coverage="100% (2/2)" />
			<line number="667"  hits="658"  branch="true"  condition-coverage="100% (2/2)" />
			<line number="668"  hits="624"  branch="false" />
			<line number="679"  hits="813"  branch="false" />
			<line number="680"  hits="813"  branch="true"  condition-coverage="100% (2/2)" />
			<line number="681"  hits="464"  branch="false" />
			<line number="682"  hits="464"  branch="false" />
			<line number="685"  hits="464"  branch="false" />
			<line number="687"  hits="464"  branch="true"  condition-coverage="100% (2/2)" />
			<line number="690"  hits="140"  branch="false" />
			<line number="692"  hits="464"  branch="false" />
			<line number="693"  hits="317"  branch="false" />
			<line number="698"  hits="1437"  branch="false" />
			<line number="699"  hits="1437"  branch="false" />
			<line number="700"  hits="1437"  branch="false" />
		</lines>
		</class>
		<class name="Reserve.sol"  filename="contracts/Reserve.sol"  line-rate="1"  branch-rate="0.9737" >
		<methods>
			<method name="constructor"  hits="400"  signature="()V" >
				<lines><line number="76"  hits="400" /></lines>
			</method>
			<method name="__Reserve_init"  hits="393"  signature="()V" >
				<lines><line number="82"  hits="393" /></lines>
			</method>
			<method name="_transferTo"  hits="1474"  signature="()V" >
				<lines><line number="99"  hits="1474" /></lines>
			</method>
			<method name="investedInYV"  hits="19"  signature="()V" >
				<lines><line number="131"  hits="19" /></lines>
			</method>
			<method name="_yieldEarnings"  hits="30"  signature="()V" >
				<lines><line number="144"  hits="30" /></lines>
			</method>
			<method name="setYieldVault"  hits="22"  signature="()V" >
				<lines><line number="161"  hits="22" /></lines>
			</method>
			<method name="_deinvest"  hits="14"  signature="()V" >
				<lines><line number="197"  hits="14" /></lines>
			</method>
			<method name="_safeDeInvestAll"  hits="2"  signature="()V" >
				<lines><line number="219"  hits="2" /></lines>
			</method>
			<method name="_balance"  hits="1463"  signature="()V" >
				<lines><line number="241"  hits="1463" /></lines>
			</method>
			<method name="withdrawFromYieldVault"  hits="4"  signature="()V" >
				<lines><line number="252"  hits="4" /></lines>
			</method>
			<method name="depositIntoYieldVault"  hits="16"  signature="()V" >
				<lines><line number="265"  hits="16" /></lines>
			</method>
			<method name="recordEarnings"  hits="13"  signature="()V" >
				<lines><line number="284"  hits="13" /></lines>
			</method>
		</methods>
		<lines>
			<line number="83"  hits="393"  branch="false" />
			<line number="100"  hits="1474"  branch="true"  condition-coverage="100% (2/2)" />
			<line number="101"  hits="1473"  branch="true"  condition-coverage="100% (2/2)" />
			<line number="102"  hits="1448"  branch="false" />
			<line number="103"  hits="1439"  branch="true"  condition-coverage="100% (2/2)" />
			<line number="104"  hits="14"  branch="false" />
			<line number="105"  hits="14"  branch="true"  condition-coverage="100% (2/2)" />
			<line number="106"  hits="11"  branch="false" />
			<line number="110"  hits="1437"  branch="true"  condition-coverage="100% (2/2)" />
			<line number="132"  hits="19"  branch="false" />
			<line number="145"  hits="30"  branch="false" />
			<line number="162"  hits="22"  branch="false" />
			<line number="163"  hits="22"  branch="false" />
			<line number="164"  hits="22"  branch="true"  condition-coverage="100% (4/4)" />
			<line number="165"  hits="19"  branch="false" />
			<line number="166"  hits="19"  branch="false" />
			<line number="168"  hits="19"  branch="true"  condition-coverage="100% (2/2)" />
			<line number="169"  hits="8"  branch="false" />
			<line number="170"  hits="8"  branch="true"  condition-coverage="100% (2/2)" />
			<line number="171"  hits="7"  branch="true"  condition-coverage="100% (2/2)" />
			<line number="173"  hits="2"  branch="false" />
			<line number="176"  hits="5"  branch="false" />
			<line number="180"  hits="17"  branch="false" />
			<line number="183"  hits="17"  branch="false" />
			<line number="184"  hits="17"  branch="false" />
			<line number="185"  hits="17"  branch="false" />
			<line number="198"  hits="14"  branch="false" />
			<line number="199"  hits="12"  branch="true"  condition-coverage="100% (2/2)" />
			<line number="201"  hits="2"  branch="false" />
			<line number="202"  hits="2"  branch="false" />
			<line number="204"  hits="10"  branch="false" />
			<line number="223"  hits="2"  branch="false" />
			<line number="224"  hits="2"  branch="true"  condition-coverage="100% (2/2)" />
			<line number="225"  hits="1"  branch="false" />
			<line number="226"  hits="1"  branch="false" />
			<line number="230"  hits="2"  branch="false" />
			<line number="231"  hits="1"  branch="false" />
			<line number="233"  hits="1"  branch="false" />
			<line number="234"  hits="1"  branch="false" />
			<line number="242"  hits="1463"  branch="false" />
			<line number="253"  hits="4"  branch="false" />
			<line number="254"  hits="4"  branch="true"  condition-coverage="100% (2/2)" />
			<line number="255"  hits="3"  branch="true"  condition-coverage="100% (2/2)" />
			<line number="256"  hits="3"  branch="false" />
			<line number="257"  hits="3"  branch="false" />
			<line number="266"  hits="16"  branch="false" />
			<line number="267"  hits="16"  branch="true"  condition-coverage="100% (2/2)" />
			<line number="268"  hits="15"  branch="false" />
			<line number="269"  hits="15"  branch="true"  condition-coverage="100% (2/2)" />
			<line number="270"  hits="8"  branch="false" />
			<line number="272"  hits="7"  branch="true"  condition-coverage="100% (2/2)" />
			<line number="274"  hits="14"  branch="false" />
			<line number="275"  hits="14"  branch="false" />
			<line number="276"  hits="14"  branch="false" />
			<line number="285"  hits="13"  branch="false" />
			<line number="286"  hits="13"  branch="true"  condition-coverage="100% (2/2)" />
			<line number="287"  hits="12"  branch="false" />
			<line number="288"  hits="12"  branch="false" />
			<line number="289"  hits="12"  branch="false" />
			<line number="290"  hits="12"  branch="false" />
		</lines>
		</class>
		<class name="RiskModule.sol"  filename="contracts/RiskModule.sol"  line-rate="1"  branch-rate="0.9231" >
		<methods>
			<method name="constructor"  hits="121"  signature="()V" >
				<lines><line number="40"  hits="121" /></lines>
			</method>
			<method name="initialize"  hits="114"  signature="()V" >
				<lines><line number="52"  hits="114" /></lines>
			</method>
			<method name="__RiskModule_init"  hits="114"  signature="()V" >
				<lines><line number="62"  hits="114" /></lines>
			</method>
			<method name="__RiskModule_init_unchained"  hits="114"  signature="()V" >
				<lines><line number="68"  hits="114" /></lines>
			</method>
			<method name="_upgradeValidations"  hits="4"  signature="()V" >
				<lines><line number="73"  hits="4" /></lines>
			</method>
			<method name="supportsInterface"  hits="341"  signature="()V" >
				<lines><line number="84"  hits="341" /></lines>
			</method>
			<method name="wallet"  hits="2806"  signature="()V" >
				<lines><line number="89"  hits="2806" /></lines>
			</method>
			<method name="setWallet"  hits="116"  signature="()V" >
				<lines><line number="99"  hits="116" /></lines>
			</method>
			<method name="underwriter"  hits="1"  signature="()V" >
				<lines><line number="108"  hits="1" /></lines>
			</method>
			<method name="setUnderwriter"  hits="116"  signature="()V" >
				<lines><line number="119"  hits="116" /></lines>
			</method>
			<method name="premiumsAccount"  hits="3197"  signature="()V" >
				<lines><line number="126"  hits="3197" /></lines>
			</method>
			<method name="getMinimumPremium"  hits="148"  signature="()V" >
				<lines><line number="130"  hits="148" /></lines>
			</method>
			<method name="newPolicy"  hits="1582"  signature="()V" >
				<lines><line number="147"  hits="1582" /></lines>
			</method>
			<method name="newPolicies"  hits="2"  signature="()V" >
				<lines><line number="175"  hits="2" /></lines>
			</method>
			<method name="replacePolicy"  hits="81"  signature="()V" >
				<lines><line number="187"  hits="81" /></lines>
			</method>
			<method name="cancelPolicy"  hits="2"  signature="()V" >
				<lines><line number="215"  hits="2" /></lines>
			</method>
			<method name="resolvePolicy"  hits="1108"  signature="()V" >
				<lines><line number="239"  hits="1108" /></lines>
			</method>
		</methods>
		<lines>
			<line number="41"  hits="121"  branch="true"  condition-coverage="100% (2/2)" />
			<line number="42"  hits="1"  branch="false" />
			<line number="44"  hits="119"  branch="false" />
			<line number="53"  hits="114"  branch="false" />
			<line number="63"  hits="114"  branch="false" />
			<line number="64"  hits="114"  branch="false" />
			<line number="69"  hits="114"  branch="false" />
			<line number="70"  hits="113"  branch="false" />
			<line number="74"  hits="4"  branch="false" />
			<line number="75"  hits="3"  branch="false" />
			<line number="76"  hits="3"  branch="true"  condition-coverage="100% (2/2)" />
			<line number="77"  hits="1"  branch="false" />
			<line number="85"  hits="341"  branch="true"  condition-coverage="100% (2/2)" />
			<line number="90"  hits="2806"  branch="false" />
			<line number="100"  hits="116"  branch="true"  condition-coverage="100% (2/2)" />
			<line number="101"  hits="114"  branch="false" />
			<line number="102"  hits="114"  branch="false" />
			<line number="109"  hits="1"  branch="false" />
			<line number="120"  hits="116"  branch="true"  condition-coverage="100% (2/2)" />
			<line number="121"  hits="115"  branch="false" />
			<line number="122"  hits="115"  branch="false" />
			<line number="127"  hits="3197"  branch="false" />
			<line number="137"  hits="148"  branch="false" />
			<line number="148"  hits="1582"  branch="false" />
			<line number="157"  hits="1581"  branch="false" />
			<line number="158"  hits="1581"  branch="true"  condition-coverage="100% (2/2)" />
			<line number="159"  hits="140"  branch="false" />
			<line number="161"  hits="1581"  branch="true"  condition-coverage="100% (2/2)" />
			<line number="162"  hits="1579"  branch="true"  condition-coverage="100% (2/2)" />
			<line number="163"  hits="1577"  branch="false" />
			<line number="164"  hits="1574"  branch="false" />
			<line number="165"  hits="1322"  branch="false" />
			<line number="176"  hits="2"  branch="false" />
			<line number="177"  hits="55"  branch="false" />
			<line number="188"  hits="81"  branch="false" />
			<line number="198"  hits="81"  branch="true"  condition-coverage="100% (2/2)" />
			<line number="199"  hits="1"  branch="false" />
			<line number="201"  hits="81"  branch="true"  condition-coverage="100% (2/2)" />
			<line number="202"  hits="80"  branch="false" />
			<line number="204"  hits="79"  branch="false" />
			<line number="206"  hits="51"  branch="false" />
			<line number="216"  hits="2"  branch="false" />
			<line number="223"  hits="2"  branch="false" />
			<line number="240"  hits="1108"  branch="false" />
		</lines>
		</class>
	</classes>
	</package>
	<package name="contracts.interfaces"  line-rate="1"  branch-rate="1" >
	<classes>
		<class name="ICooler.sol"  filename="contracts/interfaces/ICooler.sol"  line-rate="1"  branch-rate="1" >
		<methods>
		</methods>
		<lines>
		</lines>
		</class>
		<class name="IEToken.sol"  filename="contracts/interfaces/IEToken.sol"  line-rate="1"  branch-rate="1" >
		<methods>
		</methods>
		<lines>
		</lines>
		</class>
		<class name="ILPWhitelist.sol"  filename="contracts/interfaces/ILPWhitelist.sol"  line-rate="1"  branch-rate="1" >
		<methods>
		</methods>
		<lines>
		</lines>
		</class>
		<class name="IPolicyHolder.sol"  filename="contracts/interfaces/IPolicyHolder.sol"  line-rate="1"  branch-rate="1" >
		<methods>
		</methods>
		<lines>
		</lines>
		</class>
		<class name="IPolicyPool.sol"  filename="contracts/interfaces/IPolicyPool.sol"  line-rate="1"  branch-rate="1" >
		<methods>
		</methods>
		<lines>
		</lines>
		</class>
		<class name="IPolicyPoolComponent.sol"  filename="contracts/interfaces/IPolicyPoolComponent.sol"  line-rate="1"  branch-rate="1" >
		<methods>
		</methods>
		<lines>
		</lines>
		</class>
		<class name="IPremiumsAccount.sol"  filename="contracts/interfaces/IPremiumsAccount.sol"  line-rate="1"  branch-rate="1" >
		<methods>
		</methods>
		<lines>
		</lines>
		</class>
		<class name="IRiskModule.sol"  filename="contracts/interfaces/IRiskModule.sol"  line-rate="1"  branch-rate="1" >
		<methods>
		</methods>
		<lines>
		</lines>
		</class>
		<class name="IUnderwriter.sol"  filename="contracts/interfaces/IUnderwriter.sol"  line-rate="1"  branch-rate="1" >
		<methods>
		</methods>
		<lines>
		</lines>
		</class>
	</classes>
	</package>
	<package name="contracts.underwriters"  line-rate="1"  branch-rate="1" >
	<classes>
		<class name="FullSignedUW.sol"  filename="contracts/underwriters/FullSignedUW.sol"  line-rate="1"  branch-rate="1" >
		<methods>
			<method name="_checkSignature"  hits="77"  signature="()V" >
				<lines><line number="59"  hits="77" /></lines>
			</method>
			<method name="priceNewPolicy"  hits="22"  signature="()V" >
				<lines><line number="74"  hits="22" /></lines>
			</method>
			<method name="pricePolicyReplacement"  hits="20"  signature="()V" >
				<lines><line number="95"  hits="20" /></lines>
			</method>
			<method name="pricePolicyCancellation"  hits="35"  signature="()V" >
				<lines><line number="121"  hits="35" /></lines>
			</method>
		</methods>
		<lines>
			<line number="61"  hits="77"  branch="false" />
			<line number="62"  hits="77"  branch="true"  condition-coverage="100% (2/2)" />
			<line number="65"  hits="62"  branch="false" />
			<line number="66"  hits="62"  branch="false" />
			<line number="69"  hits="62"  branch="false" />
			<line number="70"  hits="47"  branch="true"  condition-coverage="100% (2/2)" />
			<line number="90"  hits="22"  branch="false" />
			<line number="91"  hits="6"  branch="false" />
			<line number="112"  hits="20"  branch="false" />
			<line number="113"  hits="5"  branch="false" />
			<line number="135"  hits="35"  branch="false" />
			<line number="136"  hits="20"  branch="false" />
			<line number="140"  hits="20"  branch="true"  condition-coverage="100% (2/2)" />
			<line number="141"  hits="20"  branch="true"  condition-coverage="100% (2/2)" />
		</lines>
		</class>
		<class name="FullTrustedUW.sol"  filename="contracts/underwriters/FullTrustedUW.sol"  line-rate="1"  branch-rate="1" >
		<methods>
			<method name="priceNewPolicy"  hits="1680"  signature="()V" >
				<lines><line number="16"  hits="1680" /></lines>
			</method>
			<method name="pricePolicyReplacement"  hits="181"  signature="()V" >
				<lines><line number="36"  hits="181" /></lines>
			</method>
			<method name="pricePolicyCancellation"  hits="122"  signature="()V" >
				<lines><line number="57"  hits="122" /></lines>
			</method>
		</methods>
		<lines>
			<line number="32"  hits="1680"  branch="false" />
			<line number="53"  hits="181"  branch="false" />
			<line number="71"  hits="122"  branch="false" />
			<line number="75"  hits="122"  branch="true"  condition-coverage="100% (2/2)" />
			<line number="76"  hits="122"  branch="true"  condition-coverage="100% (2/2)" />
		</lines>
		</class>
	</classes>
	</package>
</packages>
</coverage>
